GCASM List File (GCBASIC 0.98.<<>> 2020-06-02 (Windows 64 bit))

Symbols:
A 	EQU 	0
ABDEN 	EQU 	0
ABDOVF 	EQU 	7
ACC0 	EQU 	0
ACC1 	EQU 	1
ACC10 	EQU 	2
ACC11 	EQU 	3
ACC12 	EQU 	4
ACC13 	EQU 	5
ACC14 	EQU 	6
ACC15 	EQU 	7
ACC16 	EQU 	0
ACC17 	EQU 	1
ACC18 	EQU 	2
ACC19 	EQU 	3
ACC2 	EQU 	2
ACC20 	EQU 	4
ACC21 	EQU 	5
ACC22 	EQU 	6
ACC23 	EQU 	7
ACC3 	EQU 	3
ACC4 	EQU 	4
ACC5 	EQU 	5
ACC6 	EQU 	6
ACC7 	EQU 	7
ACC8 	EQU 	0
ACC9 	EQU 	1
ACCESS 	EQU 	0
ACKDT 	EQU 	5
ACKEN 	EQU 	4
ACKSTAT 	EQU 	6
ACKTIM 	EQU 	7
ACLR 	EQU 	3
ACQ0 	EQU 	0
ACQ1 	EQU 	1
ACQ10 	EQU 	2
ACQ11 	EQU 	3
ACQ12 	EQU 	4
ACQ2 	EQU 	2
ACQ3 	EQU 	3
ACQ4 	EQU 	4
ACQ5 	EQU 	5
ACQ6 	EQU 	6
ACQ7 	EQU 	7
ACQ8 	EQU 	0
ACQ9 	EQU 	1
ACT0 	EQU 	0
ACT1 	EQU 	1
ACT2 	EQU 	2
ACT3 	EQU 	3
ACT4 	EQU 	4
ADACC 	EQU 	150
ADACC0 	EQU 	0
ADACC1 	EQU 	1
ADACC10 	EQU 	2
ADACC11 	EQU 	3
ADACC12 	EQU 	4
ADACC13 	EQU 	5
ADACC14 	EQU 	6
ADACC15 	EQU 	7
ADACC16 	EQU 	0
ADACC17 	EQU 	1
ADACC18 	EQU 	2
ADACC19 	EQU 	3
ADACC2 	EQU 	2
ADACC20 	EQU 	4
ADACC21 	EQU 	5
ADACC22 	EQU 	6
ADACC23 	EQU 	7
ADACC3 	EQU 	3
ADACC4 	EQU 	4
ADACC5 	EQU 	5
ADACC6 	EQU 	6
ADACC7 	EQU 	7
ADACC8 	EQU 	0
ADACC9 	EQU 	1
ADACCH 	EQU 	151
ADACCL 	EQU 	150
ADACCU 	EQU 	152
ADACLR 	EQU 	3
ADACQ 	EQU 	268
ADACQ0 	EQU 	0
ADACQ1 	EQU 	1
ADACQ10 	EQU 	2
ADACQ11 	EQU 	3
ADACQ12 	EQU 	4
ADACQ2 	EQU 	2
ADACQ3 	EQU 	3
ADACQ4 	EQU 	4
ADACQ5 	EQU 	5
ADACQ6 	EQU 	6
ADACQ7 	EQU 	7
ADACQ8 	EQU 	0
ADACQ9 	EQU 	1
ADACQH 	EQU 	269
ADACQL 	EQU 	268
ADACT 	EQU 	279
ADACT0 	EQU 	0
ADACT1 	EQU 	1
ADACT2 	EQU 	2
ADACT3 	EQU 	3
ADACT4 	EQU 	4
ADACTPPS 	EQU 	7875
ADACTPPS0 	EQU 	0
ADACTPPS1 	EQU 	1
ADACTPPS2 	EQU 	2
ADACTPPS3 	EQU 	3
ADACTPPS4 	EQU 	4
ADAOV 	EQU 	7
ADCALC0 	EQU 	4
ADCALC1 	EQU 	5
ADCALC2 	EQU 	6
ADCAP 	EQU 	270
ADCAP0 	EQU 	0
ADCAP1 	EQU 	1
ADCAP2 	EQU 	2
ADCAP3 	EQU 	3
ADCAP4 	EQU 	4
ADCLK 	EQU 	280
ADCLK_CS3 	EQU 	3
ADCLK_CS4 	EQU 	4
ADCMD 	EQU 	5
ADCNT 	EQU 	153
ADCNT0 	EQU 	0
ADCNT1 	EQU 	1
ADCNT2 	EQU 	2
ADCNT3 	EQU 	3
ADCNT4 	EQU 	4
ADCNT5 	EQU 	5
ADCNT6 	EQU 	6
ADCNT7 	EQU 	7
ADCON0 	EQU 	273
ADCON1 	EQU 	274
ADCON2 	EQU 	275
ADCON2_MODE0 	EQU 	0
ADCON2_MODE1 	EQU 	1
ADCON2_MODE2 	EQU 	2
ADCON3 	EQU 	276
ADCONT 	EQU 	6
ADCPCON0 	EQU 	671
ADCRS0 	EQU 	4
ADCRS1 	EQU 	5
ADCRS2 	EQU 	6
ADCS 	EQU 	4
ADCS0 	EQU 	0
ADCS1 	EQU 	1
ADCS2 	EQU 	2
ADCS3 	EQU 	3
ADCS4 	EQU 	4
ADCS5 	EQU 	5
ADDEN 	EQU 	3
ADDSEN 	EQU 	0
ADERR 	EQU 	144
ADERR0 	EQU 	0
ADERR1 	EQU 	1
ADERR10 	EQU 	2
ADERR11 	EQU 	3
ADERR12 	EQU 	4
ADERR13 	EQU 	5
ADERR14 	EQU 	6
ADERR15 	EQU 	7
ADERR2 	EQU 	2
ADERR3 	EQU 	3
ADERR4 	EQU 	4
ADERR5 	EQU 	5
ADERR6 	EQU 	6
ADERR7 	EQU 	7
ADERR8 	EQU 	0
ADERR9 	EQU 	1
ADERRH 	EQU 	145
ADERRL 	EQU 	144
ADFLTR 	EQU 	148
ADFLTR0 	EQU 	0
ADFLTR1 	EQU 	1
ADFLTR10 	EQU 	2
ADFLTR11 	EQU 	3
ADFLTR12 	EQU 	4
ADFLTR13 	EQU 	5
ADFLTR14 	EQU 	6
ADFLTR15 	EQU 	7
ADFLTR2 	EQU 	2
ADFLTR3 	EQU 	3
ADFLTR4 	EQU 	4
ADFLTR5 	EQU 	5
ADFLTR6 	EQU 	6
ADFLTR7 	EQU 	7
ADFLTR8 	EQU 	0
ADFLTR9 	EQU 	1
ADFLTRH 	EQU 	149
ADFLTRL 	EQU 	148
ADFM0 	EQU 	2
ADFM1 	EQU 	3
ADFVR0 	EQU 	0
ADFVR1 	EQU 	1
ADGAOE 	EQU 	4
ADGBOE 	EQU 	3
ADGO 	EQU 	0
ADGPOL 	EQU 	5
ADIE 	EQU 	0
ADIF 	EQU 	0
ADIPEN 	EQU 	6
ADLTH 	EQU 	140
ADLTH0 	EQU 	0
ADLTH1 	EQU 	1
ADLTH10 	EQU 	2
ADLTH11 	EQU 	3
ADLTH12 	EQU 	4
ADLTH13 	EQU 	5
ADLTH14 	EQU 	6
ADLTH15 	EQU 	7
ADLTH2 	EQU 	2
ADLTH3 	EQU 	3
ADLTH4 	EQU 	4
ADLTH5 	EQU 	5
ADLTH6 	EQU 	6
ADLTH7 	EQU 	7
ADLTH8 	EQU 	0
ADLTH9 	EQU 	1
ADLTHH 	EQU 	141
ADLTHL 	EQU 	140
ADLTHR 	EQU 	5
ADMATH 	EQU 	4
ADMD0 	EQU 	0
ADMD1 	EQU 	1
ADMD2 	EQU 	2
ADMSK1 	EQU 	1
ADMSK2 	EQU 	2
ADMSK3 	EQU 	3
ADMSK4 	EQU 	4
ADMSK5 	EQU 	5
ADNREF0 	EQU 	4
ADNREF1 	EQU 	5
ADNREF2 	EQU 	6
ADNREF3 	EQU 	7
ADOEN 	EQU 	2
ADON 	EQU 	7
ADOR 	EQU 	2
ADOV 	EQU 	7
ADPCH 	EQU 	159
ADPCH0 	EQU 	0
ADPCH1 	EQU 	1
ADPCH2 	EQU 	2
ADPCH3 	EQU 	3
ADPCH4 	EQU 	4
ADPCH5 	EQU 	5
ADPCH_PCH0 	EQU 	0
ADPCH_PCH1 	EQU 	1
ADPCH_PCH2 	EQU 	2
ADPPOL 	EQU 	7
ADPRE 	EQU 	271
ADPRE0 	EQU 	0
ADPRE1 	EQU 	1
ADPRE10 	EQU 	2
ADPRE11 	EQU 	3
ADPRE12 	EQU 	4
ADPRE2 	EQU 	2
ADPRE3 	EQU 	3
ADPRE4 	EQU 	4
ADPRE5 	EQU 	5
ADPRE6 	EQU 	6
ADPRE7 	EQU 	7
ADPRE8 	EQU 	0
ADPRE9 	EQU 	1
ADPREF0 	EQU 	0
ADPREF1 	EQU 	1
ADPREF2 	EQU 	2
ADPREF3 	EQU 	3
ADPREH 	EQU 	272
ADPREL 	EQU 	271
ADPREV 	EQU 	155
ADPREV0 	EQU 	0
ADPREV1 	EQU 	1
ADPREV10 	EQU 	2
ADPREV11 	EQU 	3
ADPREV12 	EQU 	4
ADPREV13 	EQU 	5
ADPREV14 	EQU 	6
ADPREV15 	EQU 	7
ADPREV2 	EQU 	2
ADPREV3 	EQU 	3
ADPREV4 	EQU 	4
ADPREV5 	EQU 	5
ADPREV6 	EQU 	6
ADPREV7 	EQU 	7
ADPREV8 	EQU 	0
ADPREV9 	EQU 	1
ADPREVH 	EQU 	156
ADPREVL 	EQU 	155
ADPSIS 	EQU 	7
ADREF 	EQU 	278
ADRES 	EQU 	157
ADRES0 	EQU 	0
ADRES1 	EQU 	1
ADRES10 	EQU 	2
ADRES11 	EQU 	3
ADRES12 	EQU 	4
ADRES13 	EQU 	5
ADRES14 	EQU 	6
ADRES15 	EQU 	7
ADRES2 	EQU 	2
ADRES3 	EQU 	3
ADRES4 	EQU 	4
ADRES5 	EQU 	5
ADRES6 	EQU 	6
ADRES7 	EQU 	7
ADRES8 	EQU 	0
ADRES9 	EQU 	1
ADRESH 	EQU 	158
ADRESL 	EQU 	157
ADRPT 	EQU 	154
ADRPT0 	EQU 	0
ADRPT1 	EQU 	1
ADRPT2 	EQU 	2
ADRPT3 	EQU 	3
ADRPT4 	EQU 	4
ADRPT5 	EQU 	5
ADRPT6 	EQU 	6
ADRPT7 	EQU 	7
ADSOI 	EQU 	3
ADSTAT 	EQU 	277
ADSTAT0 	EQU 	0
ADSTAT1 	EQU 	1
ADSTAT2 	EQU 	2
ADSTPT 	EQU 	146
ADSTPT0 	EQU 	0
ADSTPT1 	EQU 	1
ADSTPT10 	EQU 	2
ADSTPT11 	EQU 	3
ADSTPT12 	EQU 	4
ADSTPT13 	EQU 	5
ADSTPT14 	EQU 	6
ADSTPT15 	EQU 	7
ADSTPT2 	EQU 	2
ADSTPT3 	EQU 	3
ADSTPT4 	EQU 	4
ADSTPT5 	EQU 	5
ADSTPT6 	EQU 	6
ADSTPT7 	EQU 	7
ADSTPT8 	EQU 	0
ADSTPT9 	EQU 	1
ADSTPTH 	EQU 	147
ADSTPTL 	EQU 	146
ADTIE 	EQU 	1
ADTIF 	EQU 	1
ADTMD0 	EQU 	0
ADTMD1 	EQU 	1
ADTMD2 	EQU 	2
ADUTH 	EQU 	142
ADUTH0 	EQU 	0
ADUTH1 	EQU 	1
ADUTH10 	EQU 	2
ADUTH11 	EQU 	3
ADUTH12 	EQU 	4
ADUTH13 	EQU 	5
ADUTH14 	EQU 	6
ADUTH15 	EQU 	7
ADUTH2 	EQU 	2
ADUTH3 	EQU 	3
ADUTH4 	EQU 	4
ADUTH5 	EQU 	5
ADUTH6 	EQU 	6
ADUTH7 	EQU 	7
ADUTH8 	EQU 	0
ADUTH9 	EQU 	1
ADUTHH 	EQU 	143
ADUTHL 	EQU 	142
ADUTHR 	EQU 	6
AHEN 	EQU 	1
ANSA0 	EQU 	0
ANSA1 	EQU 	1
ANSA2 	EQU 	2
ANSA4 	EQU 	4
ANSA5 	EQU 	5
ANSB4 	EQU 	4
ANSB5 	EQU 	5
ANSB6 	EQU 	6
ANSB7 	EQU 	7
ANSC0 	EQU 	0
ANSC1 	EQU 	1
ANSC2 	EQU 	2
ANSC3 	EQU 	3
ANSC4 	EQU 	4
ANSC5 	EQU 	5
ANSC6 	EQU 	6
ANSC7 	EQU 	7
ANSELA 	EQU 	7992
ANSELB 	EQU 	8003
ANSELC 	EQU 	8014
AS 	EQU 	0
AS0E 	EQU 	0
AS1E 	EQU 	1
AS2E 	EQU 	2
AS3E 	EQU 	3
AS4E 	EQU 	4
AS5E 	EQU 	5
AS6E 	EQU 	6
ASYNC 	EQU 	4
B 	EQU 	1
BANKED 	EQU 	1
BASPROGRAMEND 	EQU 	117
BASPROGRAMSTART 	EQU 	5
BAUD1CON 	EQU 	287
BAUDCON 	EQU 	287
BAUDCON1 	EQU 	287
BAUDCON1_ABDEN 	EQU 	0
BAUDCON1_ABDOVF 	EQU 	7
BAUDCON1_BRG16 	EQU 	3
BAUDCON1_RCIDL 	EQU 	6
BAUDCON1_SCKP 	EQU 	4
BAUDCON1_WUE 	EQU 	1
BAUDCON_ABDEN 	EQU 	0
BAUDCON_ABDOVF 	EQU 	7
BAUDCON_BRG16 	EQU 	3
BAUDCON_RCIDL 	EQU 	6
BAUDCON_SCKP 	EQU 	4
BAUDCON_WUE 	EQU 	1
BAUDCTL 	EQU 	287
BAUDCTL1 	EQU 	287
BAUDCTL1_ABDEN 	EQU 	0
BAUDCTL1_ABDOVF 	EQU 	7
BAUDCTL1_BRG16 	EQU 	3
BAUDCTL1_RCIDL 	EQU 	6
BAUDCTL1_SCKP 	EQU 	4
BAUDCTL1_WUE 	EQU 	1
BAUDCTL_ABDEN 	EQU 	0
BAUDCTL_ABDOVF 	EQU 	7
BAUDCTL_BRG16 	EQU 	3
BAUDCTL_RCIDL 	EQU 	6
BAUDCTL_SCKP 	EQU 	4
BAUDCTL_WUE 	EQU 	1
BCL1IE 	EQU 	1
BCL1IF 	EQU 	1
BCL2IE 	EQU 	3
BCL2IF 	EQU 	3
BF 	EQU 	0
BIT 	EQU 	0
BOEN 	EQU 	4
BORCON 	EQU 	2065
BORRDY 	EQU 	0
BRG16 	EQU 	3
BRGH 	EQU 	2
BSR 	EQU 	8
BSR0 	EQU 	0
BSR1 	EQU 	1
BSR2 	EQU 	2
BSR3 	EQU 	3
BSR4 	EQU 	4
BSR5 	EQU 	5
BSR_SHAD 	EQU 	8166
C 	EQU 	0
C1EN 	EQU 	7
C1HYS 	EQU 	1
C1IE 	EQU 	0
C1IF 	EQU 	0
C1INTN 	EQU 	0
C1INTP 	EQU 	1
C1NCH0 	EQU 	0
C1NCH1 	EQU 	1
C1NCH2 	EQU 	2
C1OUT_CM1CON0 	EQU 	6
C1OUT_CMOUT 	EQU 	0
C1OUT_CMSTAT 	EQU 	0
C1PCH0 	EQU 	0
C1PCH1 	EQU 	1
C1PCH2 	EQU 	2
C1POL 	EQU 	4
C1SYNC 	EQU 	0
C2EN 	EQU 	7
C2HYS 	EQU 	1
C2IE 	EQU 	1
C2IF 	EQU 	1
C2INTN 	EQU 	0
C2INTP 	EQU 	1
C2NCH0 	EQU 	0
C2NCH1 	EQU 	1
C2NCH2 	EQU 	2
C2OUT_CM2CON0 	EQU 	6
C2OUT_CMOUT 	EQU 	1
C2OUT_CMSTAT 	EQU 	1
C2PCH0 	EQU 	0
C2PCH1 	EQU 	1
C2PCH2 	EQU 	2
C2POL 	EQU 	4
C2SYNC 	EQU 	0
CALC0 	EQU 	4
CALC1 	EQU 	5
CALC2 	EQU 	6
CAP0 	EQU 	0
CAP1 	EQU 	1
CAP2 	EQU 	2
CAP3 	EQU 	3
CAP4 	EQU 	4
CCP1CAP 	EQU 	783
CCP1CON 	EQU 	782
CCP1CTS0 	EQU 	0
CCP1CTS1 	EQU 	1
CCP1CTS2 	EQU 	2
CCP1EN 	EQU 	7
CCP1FMT 	EQU 	4
CCP1IE 	EQU 	0
CCP1IF 	EQU 	0
CCP1MD 	EQU 	0
CCP1MODE0 	EQU 	0
CCP1MODE1 	EQU 	1
CCP1MODE2 	EQU 	2
CCP1MODE3 	EQU 	3
CCP1OUT 	EQU 	5
CCP1PPS 	EQU 	7841
CCP1PPS0 	EQU 	0
CCP1PPS1 	EQU 	1
CCP1PPS2 	EQU 	2
CCP1PPS3 	EQU 	3
CCP1PPS4 	EQU 	4
CCP2CAP 	EQU 	787
CCP2CAP_CTS0 	EQU 	0
CCP2CAP_CTS1 	EQU 	1
CCP2CAP_CTS2 	EQU 	2
CCP2CON 	EQU 	786
CCP2CON_EN 	EQU 	7
CCP2CON_FMT 	EQU 	4
CCP2CON_MODE0 	EQU 	0
CCP2CON_MODE1 	EQU 	1
CCP2CON_MODE2 	EQU 	2
CCP2CON_MODE3 	EQU 	3
CCP2CTS0 	EQU 	0
CCP2CTS1 	EQU 	1
CCP2CTS2 	EQU 	2
CCP2EN 	EQU 	7
CCP2FMT 	EQU 	4
CCP2IE 	EQU 	1
CCP2IF 	EQU 	1
CCP2MD 	EQU 	1
CCP2MODE0 	EQU 	0
CCP2MODE1 	EQU 	1
CCP2MODE2 	EQU 	2
CCP2MODE3 	EQU 	3
CCP2OUT 	EQU 	5
CCP2PPS 	EQU 	7842
CCP2PPS0 	EQU 	0
CCP2PPS1 	EQU 	1
CCP2PPS2 	EQU 	2
CCP2PPS3 	EQU 	3
CCP2PPS4 	EQU 	4
CCP3CAP 	EQU 	791
CCP3CAP_CTS0 	EQU 	0
CCP3CAP_CTS1 	EQU 	1
CCP3CAP_CTS2 	EQU 	2
CCP3CON 	EQU 	790
CCP3CON_EN 	EQU 	7
CCP3CON_FMT 	EQU 	4
CCP3CON_MODE0 	EQU 	0
CCP3CON_MODE1 	EQU 	1
CCP3CON_MODE2 	EQU 	2
CCP3CON_MODE3 	EQU 	3
CCP3CTS0 	EQU 	0
CCP3CTS1 	EQU 	1
CCP3CTS2 	EQU 	2
CCP3EN 	EQU 	7
CCP3FMT 	EQU 	4
CCP3IE 	EQU 	2
CCP3IF 	EQU 	2
CCP3MD 	EQU 	2
CCP3MODE0 	EQU 	0
CCP3MODE1 	EQU 	1
CCP3MODE2 	EQU 	2
CCP3MODE3 	EQU 	3
CCP3OUT 	EQU 	5
CCP3PPS 	EQU 	7843
CCP3PPS0 	EQU 	0
CCP3PPS1 	EQU 	1
CCP3PPS2 	EQU 	2
CCP3PPS3 	EQU 	3
CCP3PPS4 	EQU 	4
CCP4CAP 	EQU 	795
CCP4CAP_CTS0 	EQU 	0
CCP4CAP_CTS1 	EQU 	1
CCP4CAP_CTS2 	EQU 	2
CCP4CON 	EQU 	794
CCP4CON_EN 	EQU 	7
CCP4CON_FMT 	EQU 	4
CCP4CON_MODE0 	EQU 	0
CCP4CON_MODE1 	EQU 	1
CCP4CON_MODE2 	EQU 	2
CCP4CON_MODE3 	EQU 	3
CCP4CTS0 	EQU 	0
CCP4CTS1 	EQU 	1
CCP4CTS2 	EQU 	2
CCP4EN 	EQU 	7
CCP4FMT 	EQU 	4
CCP4IE 	EQU 	3
CCP4IF 	EQU 	3
CCP4MD 	EQU 	3
CCP4MODE0 	EQU 	0
CCP4MODE1 	EQU 	1
CCP4MODE2 	EQU 	2
CCP4MODE3 	EQU 	3
CCP4OUT 	EQU 	5
CCP4PPS 	EQU 	7844
CCP4PPS0 	EQU 	0
CCP4PPS1 	EQU 	1
CCP4PPS2 	EQU 	2
CCP4PPS3 	EQU 	3
CCP4PPS4 	EQU 	4
CCPR1 	EQU 	780
CCPR1H 	EQU 	781
CCPR1L 	EQU 	780
CCPR2 	EQU 	784
CCPR2H 	EQU 	785
CCPR2L 	EQU 	784
CCPR3 	EQU 	788
CCPR3H 	EQU 	789
CCPR3L 	EQU 	788
CCPR4 	EQU 	792
CCPR4H 	EQU 	793
CCPR4L 	EQU 	792
CCPTMRS0 	EQU 	542
CCPTMRS1 	EQU 	543
CDAFVR0 	EQU 	2
CDAFVR1 	EQU 	3
CDIV0 	EQU 	0
CDIV1 	EQU 	1
CDIV2 	EQU 	2
CDIV3 	EQU 	3
CH0 	EQU 	0
CH1 	EQU 	1
CH2 	EQU 	2
CH3 	EQU 	3
CHPOL 	EQU 	5
CHS0 	EQU 	2
CHS1 	EQU 	3
CHS2 	EQU 	4
CHS3 	EQU 	5
CHS4 	EQU 	6
CHSYNC 	EQU 	4
CK1PPS 	EQU 	7884
CKE 	EQU 	6
CKP 	EQU 	4
CKPOL 	EQU 	6
CKPPS 	EQU 	7884
CKPPS_TX1CKPPS0 	EQU 	0
CKPPS_TX1CKPPS1 	EQU 	1
CKPPS_TX1CKPPS2 	EQU 	2
CKPPS_TX1CKPPS3 	EQU 	3
CKPPS_TX1CKPPS4 	EQU 	4
CKPS0_T0CON1 	EQU 	0
CKPS0_T1CON 	EQU 	4
CKPS0_T2CON 	EQU 	4
CKPS0_T3CON 	EQU 	4
CKPS0_T4CON 	EQU 	4
CKPS0_T5CON 	EQU 	4
CKPS0_T6CON 	EQU 	4
CKPS0_TMR1CON 	EQU 	4
CKPS0_TMR3CON 	EQU 	4
CKPS0_TMR5CON 	EQU 	4
CKPS1_T0CON1 	EQU 	1
CKPS1_T1CON 	EQU 	5
CKPS1_T2CON 	EQU 	5
CKPS1_T3CON 	EQU 	5
CKPS1_T4CON 	EQU 	5
CKPS1_T5CON 	EQU 	5
CKPS1_T6CON 	EQU 	5
CKPS1_TMR1CON 	EQU 	5
CKPS1_TMR3CON 	EQU 	5
CKPS1_TMR5CON 	EQU 	5
CKPS2_T0CON1 	EQU 	2
CKPS2_T2CON 	EQU 	6
CKPS2_T4CON 	EQU 	6
CKPS2_T6CON 	EQU 	6
CKPS3 	EQU 	3
CKS0 	EQU 	0
CKS1 	EQU 	1
CKS2 	EQU 	2
CKS3 	EQU 	3
CKSYNC 	EQU 	5
CL0 	EQU 	0
CL1 	EQU 	1
CL2 	EQU 	2
CL3 	EQU 	3
CLC1CON 	EQU 	7696
CLC1CON_EN 	EQU 	7
CLC1CON_MODE0 	EQU 	0
CLC1CON_MODE1 	EQU 	1
CLC1CON_MODE2 	EQU 	2
CLC1GLS0 	EQU 	7702
CLC1GLS0_D1N 	EQU 	0
CLC1GLS0_D1T 	EQU 	1
CLC1GLS0_D2N 	EQU 	2
CLC1GLS0_D2T 	EQU 	3
CLC1GLS0_D3N 	EQU 	4
CLC1GLS0_D3T 	EQU 	5
CLC1GLS0_D4N 	EQU 	6
CLC1GLS0_D4T 	EQU 	7
CLC1GLS1 	EQU 	7703
CLC1GLS2 	EQU 	7704
CLC1GLS2_D1N 	EQU 	0
CLC1GLS2_D1T 	EQU 	1
CLC1GLS2_D2N 	EQU 	2
CLC1GLS2_D2T 	EQU 	3
CLC1GLS2_D3N 	EQU 	4
CLC1GLS2_D3T 	EQU 	5
CLC1GLS2_D4N 	EQU 	6
CLC1GLS2_D4T 	EQU 	7
CLC1GLS3 	EQU 	7705
CLC1IE 	EQU 	4
CLC1IF 	EQU 	4
CLC1MD 	EQU 	1
CLC1POL 	EQU 	7697
CLC1SEL0 	EQU 	7698
CLC1SEL1 	EQU 	7699
CLC1SEL2 	EQU 	7700
CLC1SEL3 	EQU 	7701
CLC1_INITIALIZE 	EQU 	119
CLC2CON 	EQU 	7706
CLC2CON_EN 	EQU 	7
CLC2CON_MODE0 	EQU 	0
CLC2CON_MODE1 	EQU 	1
CLC2CON_MODE2 	EQU 	2
CLC2GLS0 	EQU 	7712
CLC2GLS0_D1N 	EQU 	0
CLC2GLS0_D1T 	EQU 	1
CLC2GLS0_D2N 	EQU 	2
CLC2GLS0_D2T 	EQU 	3
CLC2GLS0_D3N 	EQU 	4
CLC2GLS0_D3T 	EQU 	5
CLC2GLS0_D4N 	EQU 	6
CLC2GLS0_D4T 	EQU 	7
CLC2GLS1 	EQU 	7713
CLC2GLS1_D1N 	EQU 	0
CLC2GLS1_D1T 	EQU 	1
CLC2GLS1_D2N 	EQU 	2
CLC2GLS1_D2T 	EQU 	3
CLC2GLS1_D3N 	EQU 	4
CLC2GLS1_D3T 	EQU 	5
CLC2GLS1_D4N 	EQU 	6
CLC2GLS1_D4T 	EQU 	7
CLC2GLS2 	EQU 	7714
CLC2GLS2_D1N 	EQU 	0
CLC2GLS2_D1T 	EQU 	1
CLC2GLS2_D2N 	EQU 	2
CLC2GLS2_D2T 	EQU 	3
CLC2GLS2_D3N 	EQU 	4
CLC2GLS2_D3T 	EQU 	5
CLC2GLS2_D4N 	EQU 	6
CLC2GLS2_D4T 	EQU 	7
CLC2GLS3 	EQU 	7715
CLC2GLS3_G4D1N 	EQU 	0
CLC2GLS3_G4D1T 	EQU 	1
CLC2GLS3_G4D2N 	EQU 	2
CLC2GLS3_G4D2T 	EQU 	3
CLC2GLS3_G4D3N 	EQU 	4
CLC2GLS3_G4D3T 	EQU 	5
CLC2GLS3_G4D4N 	EQU 	6
CLC2GLS3_G4D4T 	EQU 	7
CLC2IE 	EQU 	5
CLC2IF 	EQU 	5
CLC2MD 	EQU 	2
CLC2POL 	EQU 	7707
CLC2POL_G1POL 	EQU 	0
CLC2POL_G2POL 	EQU 	1
CLC2POL_G3POL 	EQU 	2
CLC2POL_G4POL 	EQU 	3
CLC2SEL0 	EQU 	7708
CLC2SEL0_D1S0 	EQU 	0
CLC2SEL0_D1S1 	EQU 	1
CLC2SEL0_D1S2 	EQU 	2
CLC2SEL0_D1S3 	EQU 	3
CLC2SEL0_D1S4 	EQU 	4
CLC2SEL0_D1S5 	EQU 	5
CLC2SEL1 	EQU 	7709
CLC2SEL1_D2S0 	EQU 	0
CLC2SEL1_D2S1 	EQU 	1
CLC2SEL1_D2S2 	EQU 	2
CLC2SEL1_D2S3 	EQU 	3
CLC2SEL1_D2S4 	EQU 	4
CLC2SEL1_D2S5 	EQU 	5
CLC2SEL2 	EQU 	7710
CLC2SEL2_D3S0 	EQU 	0
CLC2SEL2_D3S1 	EQU 	1
CLC2SEL2_D3S2 	EQU 	2
CLC2SEL2_D3S3 	EQU 	3
CLC2SEL2_D3S4 	EQU 	4
CLC2SEL2_D3S5 	EQU 	5
CLC2SEL3 	EQU 	7711
CLC2SEL3_D4S0 	EQU 	0
CLC2SEL3_D4S1 	EQU 	1
CLC2SEL3_D4S2 	EQU 	2
CLC2SEL3_D4S3 	EQU 	3
CLC2SEL3_D4S4 	EQU 	4
CLC2SEL3_D4S5 	EQU 	5
CLC2_INITIALIZE 	EQU 	140
CLC3CON 	EQU 	7716
CLC3CON_EN 	EQU 	7
CLC3CON_MODE0 	EQU 	0
CLC3CON_MODE1 	EQU 	1
CLC3CON_MODE2 	EQU 	2
CLC3GLS0 	EQU 	7722
CLC3GLS0_D1N 	EQU 	0
CLC3GLS0_D1T 	EQU 	1
CLC3GLS0_D2N 	EQU 	2
CLC3GLS0_D2T 	EQU 	3
CLC3GLS0_D3N 	EQU 	4
CLC3GLS0_D3T 	EQU 	5
CLC3GLS0_D4N 	EQU 	6
CLC3GLS0_D4T 	EQU 	7
CLC3GLS1 	EQU 	7723
CLC3GLS1_D1N 	EQU 	0
CLC3GLS1_D1T 	EQU 	1
CLC3GLS1_D2N 	EQU 	2
CLC3GLS1_D2T 	EQU 	3
CLC3GLS1_D3N 	EQU 	4
CLC3GLS1_D3T 	EQU 	5
CLC3GLS1_D4N 	EQU 	6
CLC3GLS1_D4T 	EQU 	7
CLC3GLS2 	EQU 	7724
CLC3GLS2_D1N 	EQU 	0
CLC3GLS2_D1T 	EQU 	1
CLC3GLS2_D2N 	EQU 	2
CLC3GLS2_D2T 	EQU 	3
CLC3GLS2_D3N 	EQU 	4
CLC3GLS2_D3T 	EQU 	5
CLC3GLS2_D4N 	EQU 	6
CLC3GLS2_D4T 	EQU 	7
CLC3GLS3 	EQU 	7725
CLC3GLS3_G4D1N 	EQU 	0
CLC3GLS3_G4D1T 	EQU 	1
CLC3GLS3_G4D2N 	EQU 	2
CLC3GLS3_G4D2T 	EQU 	3
CLC3GLS3_G4D3N 	EQU 	4
CLC3GLS3_G4D3T 	EQU 	5
CLC3GLS3_G4D4N 	EQU 	6
CLC3GLS3_G4D4T 	EQU 	7
CLC3IE 	EQU 	6
CLC3IF 	EQU 	6
CLC3MD 	EQU 	3
CLC3POL 	EQU 	7717
CLC3POL_G1POL 	EQU 	0
CLC3POL_G2POL 	EQU 	1
CLC3POL_G3POL 	EQU 	2
CLC3POL_G4POL 	EQU 	3
CLC3SEL0 	EQU 	7718
CLC3SEL0_D1S0 	EQU 	0
CLC3SEL0_D1S1 	EQU 	1
CLC3SEL0_D1S2 	EQU 	2
CLC3SEL0_D1S3 	EQU 	3
CLC3SEL0_D1S4 	EQU 	4
CLC3SEL0_D1S5 	EQU 	5
CLC3SEL1 	EQU 	7719
CLC3SEL1_D2S0 	EQU 	0
CLC3SEL1_D2S1 	EQU 	1
CLC3SEL1_D2S2 	EQU 	2
CLC3SEL1_D2S3 	EQU 	3
CLC3SEL1_D2S4 	EQU 	4
CLC3SEL1_D2S5 	EQU 	5
CLC3SEL2 	EQU 	7720
CLC3SEL2_D3S0 	EQU 	0
CLC3SEL2_D3S1 	EQU 	1
CLC3SEL2_D3S2 	EQU 	2
CLC3SEL2_D3S3 	EQU 	3
CLC3SEL2_D3S4 	EQU 	4
CLC3SEL2_D3S5 	EQU 	5
CLC3SEL3 	EQU 	7721
CLC3SEL3_D4S0 	EQU 	0
CLC3SEL3_D4S1 	EQU 	1
CLC3SEL3_D4S2 	EQU 	2
CLC3SEL3_D4S3 	EQU 	3
CLC3SEL3_D4S4 	EQU 	4
CLC3SEL3_D4S5 	EQU 	5
CLC4CON 	EQU 	7726
CLC4CON_EN 	EQU 	7
CLC4CON_MODE0 	EQU 	0
CLC4CON_MODE1 	EQU 	1
CLC4CON_MODE2 	EQU 	2
CLC4GLS0 	EQU 	7732
CLC4GLS0_D1N 	EQU 	0
CLC4GLS0_D1T 	EQU 	1
CLC4GLS0_D2N 	EQU 	2
CLC4GLS0_D2T 	EQU 	3
CLC4GLS0_D3N 	EQU 	4
CLC4GLS0_D3T 	EQU 	5
CLC4GLS0_D4N 	EQU 	6
CLC4GLS0_D4T 	EQU 	7
CLC4GLS1 	EQU 	7733
CLC4GLS1_D1N 	EQU 	0
CLC4GLS1_D1T 	EQU 	1
CLC4GLS1_D2N 	EQU 	2
CLC4GLS1_D2T 	EQU 	3
CLC4GLS1_D3N 	EQU 	4
CLC4GLS1_D3T 	EQU 	5
CLC4GLS1_D4N 	EQU 	6
CLC4GLS1_D4T 	EQU 	7
CLC4GLS2 	EQU 	7734
CLC4GLS2_D1N 	EQU 	0
CLC4GLS2_D1T 	EQU 	1
CLC4GLS2_D2N 	EQU 	2
CLC4GLS2_D2T 	EQU 	3
CLC4GLS2_D3N 	EQU 	4
CLC4GLS2_D3T 	EQU 	5
CLC4GLS2_D4N 	EQU 	6
CLC4GLS2_D4T 	EQU 	7
CLC4GLS3 	EQU 	7735
CLC4GLS3_G4D1N 	EQU 	0
CLC4GLS3_G4D1T 	EQU 	1
CLC4GLS3_G4D2N 	EQU 	2
CLC4GLS3_G4D2T 	EQU 	3
CLC4GLS3_G4D3N 	EQU 	4
CLC4GLS3_G4D3T 	EQU 	5
CLC4GLS3_G4D4N 	EQU 	6
CLC4GLS3_G4D4T 	EQU 	7
CLC4IE 	EQU 	7
CLC4IF 	EQU 	7
CLC4MD 	EQU 	4
CLC4POL 	EQU 	7727
CLC4POL_G1POL 	EQU 	0
CLC4POL_G2POL 	EQU 	1
CLC4POL_G3POL 	EQU 	2
CLC4POL_G4POL 	EQU 	3
CLC4SEL0 	EQU 	7728
CLC4SEL0_D1S0 	EQU 	0
CLC4SEL0_D1S1 	EQU 	1
CLC4SEL0_D1S2 	EQU 	2
CLC4SEL0_D1S3 	EQU 	3
CLC4SEL0_D1S4 	EQU 	4
CLC4SEL0_D1S5 	EQU 	5
CLC4SEL1 	EQU 	7729
CLC4SEL1_D2S0 	EQU 	0
CLC4SEL1_D2S1 	EQU 	1
CLC4SEL1_D2S2 	EQU 	2
CLC4SEL1_D2S3 	EQU 	3
CLC4SEL1_D2S4 	EQU 	4
CLC4SEL1_D2S5 	EQU 	5
CLC4SEL2 	EQU 	7730
CLC4SEL2_D3S0 	EQU 	0
CLC4SEL2_D3S1 	EQU 	1
CLC4SEL2_D3S2 	EQU 	2
CLC4SEL2_D3S3 	EQU 	3
CLC4SEL2_D3S4 	EQU 	4
CLC4SEL2_D3S5 	EQU 	5
CLC4SEL3 	EQU 	7731
CLC4SEL3_D4S0 	EQU 	0
CLC4SEL3_D4S1 	EQU 	1
CLC4SEL3_D4S2 	EQU 	2
CLC4SEL3_D4S3 	EQU 	3
CLC4SEL3_D4S4 	EQU 	4
CLC4SEL3_D4S5 	EQU 	5
CLCDATA 	EQU 	7695
CLCIN0PPS 	EQU 	7867
CLCIN0PPS0 	EQU 	0
CLCIN0PPS1 	EQU 	1
CLCIN0PPS2 	EQU 	2
CLCIN0PPS3 	EQU 	3
CLCIN0PPS4 	EQU 	4
CLCIN1PPS 	EQU 	7868
CLCIN1PPS0 	EQU 	0
CLCIN1PPS1 	EQU 	1
CLCIN1PPS2 	EQU 	2
CLCIN1PPS3 	EQU 	3
CLCIN1PPS4 	EQU 	4
CLCIN2PPS 	EQU 	7869
CLCIN2PPS0 	EQU 	0
CLCIN2PPS1 	EQU 	1
CLCIN2PPS2 	EQU 	2
CLCIN2PPS3 	EQU 	3
CLCIN2PPS4 	EQU 	4
CLCIN3PPS 	EQU 	7870
CLCIN3PPS0 	EQU 	0
CLCIN3PPS1 	EQU 	1
CLCIN3PPS2 	EQU 	2
CLCIN3PPS3 	EQU 	3
CLCIN3PPS4 	EQU 	4
CLK 	EQU 	0
CLKRCLK 	EQU 	2198
CLKRCLK0 	EQU 	0
CLKRCLK1 	EQU 	1
CLKRCLK2 	EQU 	2
CLKRCLK3 	EQU 	3
CLKRCON 	EQU 	2197
CLKRDC0 	EQU 	3
CLKRDC1 	EQU 	4
CLKRDIV0 	EQU 	0
CLKRDIV1 	EQU 	1
CLKRDIV2 	EQU 	2
CLKREF_INITIALIZE 	EQU 	160
CLKREN 	EQU 	7
CLKRMD 	EQU 	1
CLPOL 	EQU 	1
CLSYNC 	EQU 	0
CM1CON0 	EQU 	2448
CM1CON0_EN 	EQU 	7
CM1CON1 	EQU 	2449
CM1NCH 	EQU 	2450
CM1PCH 	EQU 	2451
CM2CON0 	EQU 	2452
CM2CON0_EN 	EQU 	7
CM2CON0_HYS 	EQU 	1
CM2CON1 	EQU 	2453
CM2NCH 	EQU 	2454
CM2NCH_NCH0 	EQU 	0
CM2NCH_NCH1 	EQU 	1
CM2NCH_NCH2 	EQU 	2
CM2PCH 	EQU 	2455
CM2PCH_PCH0 	EQU 	0
CM2PCH_PCH1 	EQU 	1
CM2PCH_PCH2 	EQU 	2
CMOUT 	EQU 	2447
CMP1MD 	EQU 	1
CMP2MD 	EQU 	2
CMSTAT 	EQU 	2447
CMSTAT_MC1OUT 	EQU 	0
CMSTAT_MC2OUT 	EQU 	1
CNT0 	EQU 	0
CNT1 	EQU 	1
CNT2 	EQU 	2
CNT3 	EQU 	3
CNT4 	EQU 	4
CNT5 	EQU 	5
CNT6 	EQU 	6
CNT7 	EQU 	7
CONT 	EQU 	6
COSC0 	EQU 	4
COSC1 	EQU 	5
COSC2 	EQU 	6
CPOL 	EQU 	2
CPON 	EQU 	7
CPR0 	EQU 	0
CPR1 	EQU 	1
CPR10 	EQU 	2
CPR11 	EQU 	3
CPR12 	EQU 	4
CPR13 	EQU 	5
CPR14 	EQU 	6
CPR15 	EQU 	7
CPR16 	EQU 	0
CPR17 	EQU 	1
CPR18 	EQU 	2
CPR19 	EQU 	3
CPR2 	EQU 	2
CPR20 	EQU 	4
CPR21 	EQU 	5
CPR22 	EQU 	6
CPR23 	EQU 	7
CPR3 	EQU 	3
CPR4 	EQU 	4
CPR5 	EQU 	5
CPR6 	EQU 	6
CPR7 	EQU 	7
CPR8 	EQU 	0
CPR9 	EQU 	1
CPRDY 	EQU 	0
CPRUP 	EQU 	7
CPUDOZE 	EQU 	2188
CPW0 	EQU 	0
CPW1 	EQU 	1
CPW10 	EQU 	2
CPW11 	EQU 	3
CPW12 	EQU 	4
CPW13 	EQU 	5
CPW14 	EQU 	6
CPW15 	EQU 	7
CPW16 	EQU 	0
CPW17 	EQU 	1
CPW18 	EQU 	2
CPW19 	EQU 	3
CPW2 	EQU 	2
CPW20 	EQU 	4
CPW21 	EQU 	5
CPW22 	EQU 	6
CPW23 	EQU 	7
CPW3 	EQU 	3
CPW4 	EQU 	4
CPW5 	EQU 	5
CPW6 	EQU 	6
CPW7 	EQU 	7
CPW8 	EQU 	0
CPW9 	EQU 	1
CPWUP 	EQU 	6
CREN 	EQU 	4
CRS0 	EQU 	4
CRS1 	EQU 	5
CRS2 	EQU 	6
CS 	EQU 	4
CS0_ADCLK 	EQU 	0
CS0_T0CON1 	EQU 	5
CS0_T1CLK 	EQU 	0
CS0_T2CLKCON 	EQU 	0
CS0_T3CLK 	EQU 	0
CS0_T4CLKCON 	EQU 	0
CS0_T5CLK 	EQU 	0
CS0_T6CLKCON 	EQU 	0
CS0_TMR1CLK 	EQU 	0
CS0_TMR3CLK 	EQU 	0
CS0_TMR5CLK 	EQU 	0
CS1_ADCLK 	EQU 	1
CS1_T0CON1 	EQU 	6
CS1_T1CLK 	EQU 	1
CS1_T2CLKCON 	EQU 	1
CS1_T3CLK 	EQU 	1
CS1_T4CLKCON 	EQU 	1
CS1_T5CLK 	EQU 	1
CS1_T6CLKCON 	EQU 	1
CS1_TMR1CLK 	EQU 	1
CS1_TMR3CLK 	EQU 	1
CS1_TMR5CLK 	EQU 	1
CS2_ADCLK 	EQU 	2
CS2_T0CON1 	EQU 	7
CS2_T1CLK 	EQU 	2
CS2_T2CLKCON 	EQU 	2
CS2_T3CLK 	EQU 	2
CS2_T4CLKCON 	EQU 	2
CS2_T5CLK 	EQU 	2
CS2_T6CLKCON 	EQU 	2
CS2_TMR1CLK 	EQU 	2
CS2_TMR3CLK 	EQU 	2
CS2_TMR5CLK 	EQU 	2
CS3 	EQU 	3
CS4 	EQU 	4
CS5 	EQU 	5
CSEL0 	EQU 	0
CSEL1 	EQU 	1
CSEL2 	EQU 	2
CSRC 	EQU 	7
CSWHOLD 	EQU 	7
CSWIE 	EQU 	6
CSWIF 	EQU 	6
CTS0 	EQU 	0
CTS1 	EQU 	1
CTS2 	EQU 	2
CWG1AS0 	EQU 	1554
CWG1AS1 	EQU 	1555
CWG1CLK 	EQU 	1548
CWG1CLKCON 	EQU 	1548
CWG1CLKCON_CLK 	EQU 	0
CWG1CLKCON_CWG1CS 	EQU 	0
CWG1CON0 	EQU 	1552
CWG1CON0_EN 	EQU 	7
CWG1CON0_MODE0 	EQU 	0
CWG1CON0_MODE1 	EQU 	1
CWG1CON0_MODE2 	EQU 	2
CWG1CON1 	EQU 	1553
CWG1CS 	EQU 	0
CWG1DAT 	EQU 	1549
CWG1DAT0 	EQU 	0
CWG1DAT1 	EQU 	1
CWG1DAT2 	EQU 	2
CWG1DAT3 	EQU 	3
CWG1DBF 	EQU 	1551
CWG1DBF0 	EQU 	0
CWG1DBF1 	EQU 	1
CWG1DBF2 	EQU 	2
CWG1DBF3 	EQU 	3
CWG1DBF4 	EQU 	4
CWG1DBF5 	EQU 	5
CWG1DBR 	EQU 	1550
CWG1DBR0 	EQU 	0
CWG1DBR1 	EQU 	1
CWG1DBR2 	EQU 	2
CWG1DBR3 	EQU 	3
CWG1DBR4 	EQU 	4
CWG1DBR5 	EQU 	5
CWG1EN 	EQU 	7
CWG1IE 	EQU 	0
CWG1IF 	EQU 	0
CWG1IN 	EQU 	5
CWG1ISM 	EQU 	1549
CWG1ISM_CWG1DAT0 	EQU 	0
CWG1ISM_CWG1DAT1 	EQU 	1
CWG1ISM_CWG1DAT2 	EQU 	2
CWG1ISM_CWG1DAT3 	EQU 	3
CWG1LD 	EQU 	6
CWG1LSAC0 	EQU 	2
CWG1LSAC1 	EQU 	3
CWG1LSDB0 	EQU 	4
CWG1LSDB1 	EQU 	5
CWG1MD 	EQU 	5
CWG1MODE0 	EQU 	0
CWG1MODE1 	EQU 	1
CWG1MODE2 	EQU 	2
CWG1OVRA 	EQU 	4
CWG1OVRB 	EQU 	5
CWG1OVRC 	EQU 	6
CWG1OVRD 	EQU 	7
CWG1POLA 	EQU 	0
CWG1POLB 	EQU 	1
CWG1POLC 	EQU 	2
CWG1POLD 	EQU 	3
CWG1PPS 	EQU 	7857
CWG1PPS0 	EQU 	0
CWG1PPS1 	EQU 	1
CWG1PPS2 	EQU 	2
CWG1PPS3 	EQU 	3
CWG1PPS4 	EQU 	4
CWG1REN 	EQU 	6
CWG1SHUTDOWN 	EQU 	7
CWG1STR 	EQU 	1556
CWG1STRA 	EQU 	0
CWG1STRB 	EQU 	1
CWG1STRC 	EQU 	2
CWG1STRD 	EQU 	3
CWG2AS0 	EQU 	1564
CWG2AS0_LSAC0 	EQU 	2
CWG2AS0_LSCA1 	EQU 	3
CWG2AS0_LSDB0 	EQU 	4
CWG2AS0_LSDB1 	EQU 	5
CWG2AS0_REN 	EQU 	6
CWG2AS0_SHUTDOWN 	EQU 	7
CWG2AS1 	EQU 	1565
CWG2AS1_AS0E 	EQU 	0
CWG2AS1_AS1E 	EQU 	1
CWG2AS1_AS2E 	EQU 	2
CWG2AS1_AS3E 	EQU 	3
CWG2AS1_AS4E 	EQU 	4
CWG2AS1_AS5E 	EQU 	5
CWG2AS1_AS6E 	EQU 	6
CWG2CLK 	EQU 	1558
CWG2CLKCON 	EQU 	1558
CWG2CLKCON_CLK 	EQU 	0
CWG2CLKCON_CWG2CS 	EQU 	0
CWG2CLK_CLK 	EQU 	0
CWG2CON0 	EQU 	1562
CWG2CON0_EN 	EQU 	7
CWG2CON0_LD 	EQU 	6
CWG2CON0_MODE0 	EQU 	0
CWG2CON0_MODE1 	EQU 	1
CWG2CON0_MODE2 	EQU 	2
CWG2CON1 	EQU 	1563
CWG2CON1_IN 	EQU 	5
CWG2CON1_POLA 	EQU 	0
CWG2CON1_POLB 	EQU 	1
CWG2CON1_POLC 	EQU 	2
CWG2CON1_POLD 	EQU 	3
CWG2CS 	EQU 	0
CWG2DAT 	EQU 	1559
CWG2DAT0 	EQU 	0
CWG2DAT1 	EQU 	1
CWG2DAT2 	EQU 	2
CWG2DAT3 	EQU 	3
CWG2DBF 	EQU 	1561
CWG2DBF0 	EQU 	0
CWG2DBF1 	EQU 	1
CWG2DBF2 	EQU 	2
CWG2DBF3 	EQU 	3
CWG2DBF4 	EQU 	4
CWG2DBF5 	EQU 	5
CWG2DBF_DBF0 	EQU 	0
CWG2DBF_DBF1 	EQU 	1
CWG2DBF_DBF2 	EQU 	2
CWG2DBF_DBF3 	EQU 	3
CWG2DBF_DBF4 	EQU 	4
CWG2DBF_DBF5 	EQU 	5
CWG2DBR 	EQU 	1560
CWG2DBR0 	EQU 	0
CWG2DBR1 	EQU 	1
CWG2DBR2 	EQU 	2
CWG2DBR3 	EQU 	3
CWG2DBR4 	EQU 	4
CWG2DBR5 	EQU 	5
CWG2DBR_DBR0 	EQU 	0
CWG2DBR_DBR1 	EQU 	1
CWG2DBR_DBR2 	EQU 	2
CWG2DBR_DBR3 	EQU 	3
CWG2DBR_DBR4 	EQU 	4
CWG2DBR_DBR5 	EQU 	5
CWG2EN 	EQU 	7
CWG2IE 	EQU 	1
CWG2IF 	EQU 	1
CWG2IN 	EQU 	5
CWG2ISM 	EQU 	1559
CWG2ISM_CWG2DAT0 	EQU 	0
CWG2ISM_CWG2DAT1 	EQU 	1
CWG2ISM_CWG2DAT2 	EQU 	2
CWG2ISM_CWG2DAT3 	EQU 	3
CWG2LD 	EQU 	6
CWG2LSAC0 	EQU 	2
CWG2LSAC1 	EQU 	3
CWG2LSDB0 	EQU 	4
CWG2LSDB1 	EQU 	5
CWG2MD 	EQU 	6
CWG2MODE0 	EQU 	0
CWG2MODE1 	EQU 	1
CWG2MODE2 	EQU 	2
CWG2OVRA 	EQU 	4
CWG2OVRB 	EQU 	5
CWG2OVRC 	EQU 	6
CWG2OVRD 	EQU 	7
CWG2POLA 	EQU 	0
CWG2POLB 	EQU 	1
CWG2POLC 	EQU 	2
CWG2POLD 	EQU 	3
CWG2PPS 	EQU 	7858
CWG2PPS0 	EQU 	0
CWG2PPS1 	EQU 	1
CWG2PPS2 	EQU 	2
CWG2PPS3 	EQU 	3
CWG2PPS4 	EQU 	4
CWG2REN 	EQU 	6
CWG2SHUTDOWN 	EQU 	7
CWG2STR 	EQU 	1566
CWG2STRA 	EQU 	0
CWG2STRB 	EQU 	1
CWG2STRC 	EQU 	2
CWG2STRD 	EQU 	3
CWG2STR_OVRA 	EQU 	4
CWG2STR_OVRB 	EQU 	5
CWG2STR_OVRC 	EQU 	6
CWG2STR_OVRD 	EQU 	7
CWG2STR_STRA 	EQU 	0
CWG2STR_STRB 	EQU 	1
CWG2STR_STRC 	EQU 	2
CWG2STR_STRD 	EQU 	3
D1N 	EQU 	0
D1S0 	EQU 	0
D1S1 	EQU 	1
D1S2 	EQU 	2
D1S3 	EQU 	3
D1S4 	EQU 	4
D1S5 	EQU 	5
D1T 	EQU 	1
D2N 	EQU 	2
D2S0 	EQU 	0
D2S1 	EQU 	1
D2S2 	EQU 	2
D2S3 	EQU 	3
D2S4 	EQU 	4
D2S5 	EQU 	5
D2T 	EQU 	3
D3N 	EQU 	4
D3S0 	EQU 	0
D3S1 	EQU 	1
D3S2 	EQU 	2
D3S3 	EQU 	3
D3S4 	EQU 	4
D3S5 	EQU 	5
D3T 	EQU 	5
D4N 	EQU 	6
D4S0 	EQU 	0
D4S1 	EQU 	1
D4S2 	EQU 	2
D4S3 	EQU 	3
D4S4 	EQU 	4
D4S5 	EQU 	5
D4T 	EQU 	7
DAC1CON0 	EQU 	2318
DAC1CON0_EN 	EQU 	7
DAC1CON1 	EQU 	2319
DAC1EN 	EQU 	7
DAC1MD 	EQU 	6
DAC1NSS 	EQU 	0
DAC1OE1 	EQU 	5
DAC1PSS0 	EQU 	2
DAC1PSS1 	EQU 	3
DAC1R0 	EQU 	0
DAC1R1 	EQU 	1
DAC1R2 	EQU 	2
DAC1R3 	EQU 	3
DAC1R4 	EQU 	4
DATA_ADDRESS 	EQU 	5
DBF0 	EQU 	0
DBF1 	EQU 	1
DBF2 	EQU 	2
DBF3 	EQU 	3
DBF4 	EQU 	4
DBF5 	EQU 	5
DBR0 	EQU 	0
DBR1 	EQU 	1
DBR2 	EQU 	2
DBR3 	EQU 	3
DBR4 	EQU 	4
DBR5 	EQU 	5
DC 	EQU 	1
DC0 	EQU 	6
DC1 	EQU 	7
DC2 	EQU 	0
DC3 	EQU 	1
DC4 	EQU 	2
DC5 	EQU 	3
DC6 	EQU 	4
DC7 	EQU 	5
DC8 	EQU 	6
DC9 	EQU 	7
DELAYTEMP 	EQU 	112
DELAYTEMP2 	EQU 	113
DELAY_MS 	EQU 	166
DELAY_S 	EQU 	180
DHEN 	EQU 	0
DMS_INNER 	EQU 	171
DMS_OUTER 	EQU 	169
DMS_START 	EQU 	167
DOE 	EQU 	4
DONE 	EQU 	0
DOZE0 	EQU 	0
DOZE1 	EQU 	1
DOZE2 	EQU 	2
DOZEN 	EQU 	6
DSEN 	EQU 	0
DSM1MD 	EQU 	0
DS_START 	EQU 	180
D_A 	EQU 	5
D_NOT_A 	EQU 	5
EN 	EQU 	7
ERR0 	EQU 	0
ERR1 	EQU 	1
ERR10 	EQU 	2
ERR11 	EQU 	3
ERR12 	EQU 	4
ERR13 	EQU 	5
ERR14 	EQU 	6
ERR15 	EQU 	7
ERR2 	EQU 	2
ERR3 	EQU 	3
ERR4 	EQU 	4
ERR5 	EQU 	5
ERR6 	EQU 	6
ERR7 	EQU 	7
ERR8 	EQU 	0
ERR9 	EQU 	1
EXTOEN 	EQU 	7
EXTOR 	EQU 	7
F 	EQU 	1
FERR 	EQU 	2
FLTR0 	EQU 	0
FLTR1 	EQU 	1
FLTR10 	EQU 	2
FLTR11 	EQU 	3
FLTR12 	EQU 	4
FLTR13 	EQU 	5
FLTR14 	EQU 	6
FLTR15 	EQU 	7
FLTR2 	EQU 	2
FLTR3 	EQU 	3
FLTR4 	EQU 	4
FLTR5 	EQU 	5
FLTR6 	EQU 	6
FLTR7 	EQU 	7
FLTR8 	EQU 	0
FLTR9 	EQU 	1
FM0 	EQU 	2
FM1 	EQU 	3
FMT 	EQU 	4
FREE 	EQU 	4
FSR0 	EQU 	4
FSR0H 	EQU 	5
FSR0H_SHAD 	EQU 	8169
FSR0L 	EQU 	4
FSR0L_SHAD 	EQU 	8168
FSR0_SHAD 	EQU 	8168
FSR1 	EQU 	6
FSR1H 	EQU 	7
FSR1H_SHAD 	EQU 	8171
FSR1L 	EQU 	6
FSR1L_SHAD 	EQU 	8170
FVRCON 	EQU 	2316
FVREN 	EQU 	7
FVRMD 	EQU 	6
FVRRDY 	EQU 	6
G1EN 	EQU 	7
G1POL 	EQU 	0
G2EN 	EQU 	7
G2POL 	EQU 	1
G3POL 	EQU 	2
G4D1N 	EQU 	0
G4D1T 	EQU 	1
G4D2N 	EQU 	2
G4D2T 	EQU 	3
G4D3N 	EQU 	4
G4D3T 	EQU 	5
G4D4N 	EQU 	6
G4D4T 	EQU 	7
G4POL 	EQU 	3
GAOE 	EQU 	4
GBOE 	EQU 	3
GCEN 	EQU 	7
GE 	EQU 	7
GGO 	EQU 	3
GIE 	EQU 	7
GO_ADCON0 	EQU 	0
GO_DONE 	EQU 	0
GO_NOT_DONE 	EQU 	0
GO_SMT1CON1 	EQU 	7
GPOL_ADCON1 	EQU 	5
GPOL_T1GCON 	EQU 	6
GPOL_T3GCON 	EQU 	6
GPOL_T5GCON 	EQU 	6
GPOL_TMR1GCON 	EQU 	6
GPOL_TMR3GCON 	EQU 	6
GPOL_TMR5GCON 	EQU 	6
GSPM 	EQU 	4
GSS0 	EQU 	0
GSS1 	EQU 	1
GSS2 	EQU 	2
GSS3 	EQU 	3
GSS4 	EQU 	4
GTM 	EQU 	5
GVAL 	EQU 	2
HFFRQ0 	EQU 	0
HFFRQ1 	EQU 	1
HFFRQ2 	EQU 	2
HFOEN 	EQU 	6
HFOR 	EQU 	6
HFTUN0 	EQU 	0
HFTUN1 	EQU 	1
HFTUN2 	EQU 	2
HFTUN3 	EQU 	3
HFTUN4 	EQU 	4
HFTUN5 	EQU 	5
HYS 	EQU 	1
I2C_DAT 	EQU 	5
I2C_READ 	EQU 	2
I2C_START 	EQU 	3
I2C_STOP 	EQU 	4
IDLEN 	EQU 	7
IN 	EQU 	5
INC0 	EQU 	0
INC1 	EQU 	1
INC10 	EQU 	2
INC11 	EQU 	3
INC12 	EQU 	4
INC13 	EQU 	5
INC14 	EQU 	6
INC15 	EQU 	7
INC16 	EQU 	0
INC17 	EQU 	1
INC18 	EQU 	2
INC19 	EQU 	3
INC2 	EQU 	2
INC3 	EQU 	3
INC4 	EQU 	4
INC5 	EQU 	5
INC6 	EQU 	6
INC7 	EQU 	7
INC8 	EQU 	0
INC9 	EQU 	1
INC_VAL 	EQU 	32
INC_VAL_E 	EQU 	35
INC_VAL_H 	EQU 	33
INC_VAL_U 	EQU 	34
INDF0 	EQU 	0
INDF1 	EQU 	1
INITSYS 	EQU 	188
INLVLA 	EQU 	7996
INLVLA0 	EQU 	0
INLVLA1 	EQU 	1
INLVLA2 	EQU 	2
INLVLA3 	EQU 	3
INLVLA4 	EQU 	4
INLVLA5 	EQU 	5
INLVLB 	EQU 	8007
INLVLB4 	EQU 	4
INLVLB5 	EQU 	5
INLVLB6 	EQU 	6
INLVLB7 	EQU 	7
INLVLC 	EQU 	8018
INLVLC0 	EQU 	0
INLVLC1 	EQU 	1
INLVLC2 	EQU 	2
INLVLC3 	EQU 	3
INLVLC4 	EQU 	4
INLVLC5 	EQU 	5
INLVLC6 	EQU 	6
INLVLC7 	EQU 	7
INTCON 	EQU 	11
INTE 	EQU 	0
INTEDG 	EQU 	0
INTF 	EQU 	0
INTN_CLC1CON 	EQU 	3
INTN_CLC2CON 	EQU 	3
INTN_CLC3CON 	EQU 	3
INTN_CLC4CON 	EQU 	3
INTN_CM1CON1 	EQU 	0
INTN_CM2CON1 	EQU 	0
INTPPS 	EQU 	7824
INTPPS0 	EQU 	0
INTPPS1 	EQU 	1
INTPPS2 	EQU 	2
INTPPS3 	EQU 	3
INTP_CLC1CON 	EQU 	4
INTP_CLC2CON 	EQU 	4
INTP_CLC3CON 	EQU 	4
INTP_CLC4CON 	EQU 	4
INTP_CM1CON1 	EQU 	1
INTP_CM2CON1 	EQU 	1
IOCAF 	EQU 	7999
IOCAF0 	EQU 	0
IOCAF1 	EQU 	1
IOCAF2 	EQU 	2
IOCAF3 	EQU 	3
IOCAF4 	EQU 	4
IOCAF5 	EQU 	5
IOCAN 	EQU 	7998
IOCAN0 	EQU 	0
IOCAN1 	EQU 	1
IOCAN2 	EQU 	2
IOCAN3 	EQU 	3
IOCAN4 	EQU 	4
IOCAN5 	EQU 	5
IOCAP 	EQU 	7997
IOCAP0 	EQU 	0
IOCAP1 	EQU 	1
IOCAP2 	EQU 	2
IOCAP3 	EQU 	3
IOCAP4 	EQU 	4
IOCAP5 	EQU 	5
IOCBF 	EQU 	8010
IOCBF4 	EQU 	4
IOCBF5 	EQU 	5
IOCBF6 	EQU 	6
IOCBF7 	EQU 	7
IOCBN 	EQU 	8009
IOCBN4 	EQU 	4
IOCBN5 	EQU 	5
IOCBN6 	EQU 	6
IOCBN7 	EQU 	7
IOCBP 	EQU 	8008
IOCBP4 	EQU 	4
IOCBP5 	EQU 	5
IOCBP6 	EQU 	6
IOCBP7 	EQU 	7
IOCCF 	EQU 	8021
IOCCF0 	EQU 	0
IOCCF1 	EQU 	1
IOCCF2 	EQU 	2
IOCCF3 	EQU 	3
IOCCF4 	EQU 	4
IOCCF5 	EQU 	5
IOCCF6 	EQU 	6
IOCCF7 	EQU 	7
IOCCN 	EQU 	8020
IOCCN0 	EQU 	0
IOCCN1 	EQU 	1
IOCCN2 	EQU 	2
IOCCN3 	EQU 	3
IOCCN4 	EQU 	4
IOCCN5 	EQU 	5
IOCCN6 	EQU 	6
IOCCN7 	EQU 	7
IOCCP 	EQU 	8019
IOCCP0 	EQU 	0
IOCCP1 	EQU 	1
IOCCP2 	EQU 	2
IOCCP3 	EQU 	3
IOCCP4 	EQU 	4
IOCCP5 	EQU 	5
IOCCP6 	EQU 	6
IOCCP7 	EQU 	7
IOCIE 	EQU 	4
IOCIF 	EQU 	4
IOCMD 	EQU 	0
IPEN 	EQU 	6
LATA 	EQU 	24
LATA0 	EQU 	0
LATA1 	EQU 	1
LATA2 	EQU 	2
LATA3 	EQU 	3
LATA4 	EQU 	4
LATA5 	EQU 	5
LATB 	EQU 	25
LATB4 	EQU 	4
LATB5 	EQU 	5
LATB6 	EQU 	6
LATB7 	EQU 	7
LATC 	EQU 	26
LATC0 	EQU 	0
LATC1 	EQU 	1
LATC2 	EQU 	2
LATC3 	EQU 	3
LATC4 	EQU 	4
LATC5 	EQU 	5
LATC6 	EQU 	6
LATC7 	EQU 	7
LC1D1S0 	EQU 	0
LC1D1S1 	EQU 	1
LC1D1S2 	EQU 	2
LC1D1S3 	EQU 	3
LC1D1S4 	EQU 	4
LC1D1S5 	EQU 	5
LC1D2S0 	EQU 	0
LC1D2S1 	EQU 	1
LC1D2S2 	EQU 	2
LC1D2S3 	EQU 	3
LC1D2S4 	EQU 	4
LC1D2S5 	EQU 	5
LC1D3S0 	EQU 	0
LC1D3S1 	EQU 	1
LC1D3S2 	EQU 	2
LC1D3S3 	EQU 	3
LC1D3S4 	EQU 	4
LC1D3S5 	EQU 	5
LC1D4S0 	EQU 	0
LC1D4S1 	EQU 	1
LC1D4S2 	EQU 	2
LC1D4S3 	EQU 	3
LC1D4S4 	EQU 	4
LC1D4S5 	EQU 	5
LC1EN 	EQU 	7
LC1G1D1N 	EQU 	0
LC1G1D1T 	EQU 	1
LC1G1D2N 	EQU 	2
LC1G1D2T 	EQU 	3
LC1G1D3N 	EQU 	4
LC1G1D3T 	EQU 	5
LC1G1D4N 	EQU 	6
LC1G1D4T 	EQU 	7
LC1G1POL 	EQU 	0
LC1G2D1N 	EQU 	0
LC1G2D1T 	EQU 	1
LC1G2D2N 	EQU 	2
LC1G2D2T 	EQU 	3
LC1G2D3N 	EQU 	4
LC1G2D3T 	EQU 	5
LC1G2D4N 	EQU 	6
LC1G2D4T 	EQU 	7
LC1G2POL 	EQU 	1
LC1G3D1N 	EQU 	0
LC1G3D1T 	EQU 	1
LC1G3D2N 	EQU 	2
LC1G3D2T 	EQU 	3
LC1G3D3N 	EQU 	4
LC1G3D3T 	EQU 	5
LC1G3D4N 	EQU 	6
LC1G3D4T 	EQU 	7
LC1G3POL 	EQU 	2
LC1G4D1N 	EQU 	0
LC1G4D1T 	EQU 	1
LC1G4D2N 	EQU 	2
LC1G4D2T 	EQU 	3
LC1G4D3N 	EQU 	4
LC1G4D3T 	EQU 	5
LC1G4D4N 	EQU 	6
LC1G4D4T 	EQU 	7
LC1G4POL 	EQU 	3
LC1INTN 	EQU 	3
LC1INTP 	EQU 	4
LC1MODE0 	EQU 	0
LC1MODE1 	EQU 	1
LC1MODE2 	EQU 	2
LC1OUT 	EQU 	5
LC1POL 	EQU 	7
LC2D1S0 	EQU 	0
LC2D1S1 	EQU 	1
LC2D1S2 	EQU 	2
LC2D1S3 	EQU 	3
LC2D1S4 	EQU 	4
LC2D1S5 	EQU 	5
LC2D2S0 	EQU 	0
LC2D2S1 	EQU 	1
LC2D2S2 	EQU 	2
LC2D2S3 	EQU 	3
LC2D2S4 	EQU 	4
LC2D2S5 	EQU 	5
LC2D3S0 	EQU 	0
LC2D3S1 	EQU 	1
LC2D3S2 	EQU 	2
LC2D3S3 	EQU 	3
LC2D3S4 	EQU 	4
LC2D3S5 	EQU 	5
LC2D4S0 	EQU 	0
LC2D4S1 	EQU 	1
LC2D4S2 	EQU 	2
LC2D4S3 	EQU 	3
LC2D4S4 	EQU 	4
LC2D4S5 	EQU 	5
LC2EN 	EQU 	7
LC2G1D1N 	EQU 	0
LC2G1D1T 	EQU 	1
LC2G1D2N 	EQU 	2
LC2G1D2T 	EQU 	3
LC2G1D3N 	EQU 	4
LC2G1D3T 	EQU 	5
LC2G1D4N 	EQU 	6
LC2G1D4T 	EQU 	7
LC2G1POL 	EQU 	0
LC2G2D1N 	EQU 	0
LC2G2D1T 	EQU 	1
LC2G2D2N 	EQU 	2
LC2G2D2T 	EQU 	3
LC2G2D3N 	EQU 	4
LC2G2D3T 	EQU 	5
LC2G2D4N 	EQU 	6
LC2G2D4T 	EQU 	7
LC2G2POL 	EQU 	1
LC2G3D1N 	EQU 	0
LC2G3D1T 	EQU 	1
LC2G3D2N 	EQU 	2
LC2G3D2T 	EQU 	3
LC2G3D3N 	EQU 	4
LC2G3D3T 	EQU 	5
LC2G3D4N 	EQU 	6
LC2G3D4T 	EQU 	7
LC2G3POL 	EQU 	2
LC2G4D1N 	EQU 	0
LC2G4D1T 	EQU 	1
LC2G4D2N 	EQU 	2
LC2G4D2T 	EQU 	3
LC2G4D3N 	EQU 	4
LC2G4D3T 	EQU 	5
LC2G4D4N 	EQU 	6
LC2G4D4T 	EQU 	7
LC2G4POL 	EQU 	3
LC2INTN 	EQU 	3
LC2INTP 	EQU 	4
LC2MODE0 	EQU 	0
LC2MODE1 	EQU 	1
LC2MODE2 	EQU 	2
LC2OUT 	EQU 	5
LC2POL 	EQU 	7
LC3D1S0 	EQU 	0
LC3D1S1 	EQU 	1
LC3D1S2 	EQU 	2
LC3D1S3 	EQU 	3
LC3D1S4 	EQU 	4
LC3D1S5 	EQU 	5
LC3D2S0 	EQU 	0
LC3D2S1 	EQU 	1
LC3D2S2 	EQU 	2
LC3D2S3 	EQU 	3
LC3D2S4 	EQU 	4
LC3D2S5 	EQU 	5
LC3D3S0 	EQU 	0
LC3D3S1 	EQU 	1
LC3D3S2 	EQU 	2
LC3D3S3 	EQU 	3
LC3D3S4 	EQU 	4
LC3D3S5 	EQU 	5
LC3D4S0 	EQU 	0
LC3D4S1 	EQU 	1
LC3D4S2 	EQU 	2
LC3D4S3 	EQU 	3
LC3D4S4 	EQU 	4
LC3D4S5 	EQU 	5
LC3EN 	EQU 	7
LC3G1D1N 	EQU 	0
LC3G1D1T 	EQU 	1
LC3G1D2N 	EQU 	2
LC3G1D2T 	EQU 	3
LC3G1D3N 	EQU 	4
LC3G1D3T 	EQU 	5
LC3G1D4N 	EQU 	6
LC3G1D4T 	EQU 	7
LC3G1POL 	EQU 	0
LC3G2D1N 	EQU 	0
LC3G2D1T 	EQU 	1
LC3G2D2N 	EQU 	2
LC3G2D2T 	EQU 	3
LC3G2D3N 	EQU 	4
LC3G2D3T 	EQU 	5
LC3G2D4N 	EQU 	6
LC3G2D4T 	EQU 	7
LC3G2POL 	EQU 	1
LC3G3D1N 	EQU 	0
LC3G3D1T 	EQU 	1
LC3G3D2N 	EQU 	2
LC3G3D2T 	EQU 	3
LC3G3D3N 	EQU 	4
LC3G3D3T 	EQU 	5
LC3G3D4N 	EQU 	6
LC3G3D4T 	EQU 	7
LC3G3POL 	EQU 	2
LC3G4D1N 	EQU 	0
LC3G4D1T 	EQU 	1
LC3G4D2N 	EQU 	2
LC3G4D2T 	EQU 	3
LC3G4D3N 	EQU 	4
LC3G4D3T 	EQU 	5
LC3G4D4N 	EQU 	6
LC3G4D4T 	EQU 	7
LC3G4POL 	EQU 	3
LC3INTN 	EQU 	3
LC3INTP 	EQU 	4
LC3MODE0 	EQU 	0
LC3MODE1 	EQU 	1
LC3MODE2 	EQU 	2
LC3OUT 	EQU 	5
LC3POL 	EQU 	7
LC4D1S0 	EQU 	0
LC4D1S1 	EQU 	1
LC4D1S2 	EQU 	2
LC4D1S3 	EQU 	3
LC4D1S4 	EQU 	4
LC4D1S5 	EQU 	5
LC4D2S0 	EQU 	0
LC4D2S1 	EQU 	1
LC4D2S2 	EQU 	2
LC4D2S3 	EQU 	3
LC4D2S4 	EQU 	4
LC4D2S5 	EQU 	5
LC4D3S0 	EQU 	0
LC4D3S1 	EQU 	1
LC4D3S2 	EQU 	2
LC4D3S3 	EQU 	3
LC4D3S4 	EQU 	4
LC4D3S5 	EQU 	5
LC4D4S0 	EQU 	0
LC4D4S1 	EQU 	1
LC4D4S2 	EQU 	2
LC4D4S3 	EQU 	3
LC4D4S4 	EQU 	4
LC4D4S5 	EQU 	5
LC4EN 	EQU 	7
LC4G1D1N 	EQU 	0
LC4G1D1T 	EQU 	1
LC4G1D2N 	EQU 	2
LC4G1D2T 	EQU 	3
LC4G1D3N 	EQU 	4
LC4G1D3T 	EQU 	5
LC4G1D4N 	EQU 	6
LC4G1D4T 	EQU 	7
LC4G1POL 	EQU 	0
LC4G2D1N 	EQU 	0
LC4G2D1T 	EQU 	1
LC4G2D2N 	EQU 	2
LC4G2D2T 	EQU 	3
LC4G2D3N 	EQU 	4
LC4G2D3T 	EQU 	5
LC4G2D4N 	EQU 	6
LC4G2D4T 	EQU 	7
LC4G2POL 	EQU 	1
LC4G3D1N 	EQU 	0
LC4G3D1T 	EQU 	1
LC4G3D2N 	EQU 	2
LC4G3D2T 	EQU 	3
LC4G3D3N 	EQU 	4
LC4G3D3T 	EQU 	5
LC4G3D4N 	EQU 	6
LC4G3D4T 	EQU 	7
LC4G3POL 	EQU 	2
LC4G4D1N 	EQU 	0
LC4G4D1T 	EQU 	1
LC4G4D2N 	EQU 	2
LC4G4D2T 	EQU 	3
LC4G4D3N 	EQU 	4
LC4G4D3T 	EQU 	5
LC4G4D4N 	EQU 	6
LC4G4D4T 	EQU 	7
LC4G4POL 	EQU 	3
LC4INTN 	EQU 	3
LC4INTP 	EQU 	4
LC4MODE0 	EQU 	0
LC4MODE1 	EQU 	1
LC4MODE2 	EQU 	2
LC4OUT 	EQU 	5
LC4POL 	EQU 	7
LD 	EQU 	6
LFOEN 	EQU 	4
LFOR 	EQU 	4
LSAC0 	EQU 	2
LSCA1 	EQU 	3
LSDB0 	EQU 	4
LSDB1 	EQU 	5
LTH0 	EQU 	0
LTH1 	EQU 	1
LTH10 	EQU 	2
LTH11 	EQU 	3
LTH12 	EQU 	4
LTH13 	EQU 	5
LTH14 	EQU 	6
LTH15 	EQU 	7
LTH2 	EQU 	2
LTH3 	EQU 	3
LTH4 	EQU 	4
LTH5 	EQU 	5
LTH6 	EQU 	6
LTH7 	EQU 	7
LTH8 	EQU 	0
LTH9 	EQU 	1
LTHR 	EQU 	5
LWLO 	EQU 	5
MATH 	EQU 	4
MC1OUT 	EQU 	0
MC2OUT 	EQU 	1
MD0 	EQU 	0
MD1 	EQU 	1
MD16 	EQU 	4
MD1BIT 	EQU 	0
MD1CARH 	EQU 	2203
MD1CARL 	EQU 	2202
MD1CH0 	EQU 	0
MD1CH1 	EQU 	1
MD1CH2 	EQU 	2
MD1CH3 	EQU 	3
MD1CHPOL 	EQU 	5
MD1CHSYNC 	EQU 	4
MD1CL0 	EQU 	0
MD1CL1 	EQU 	1
MD1CL2 	EQU 	2
MD1CL3 	EQU 	3
MD1CLPOL 	EQU 	1
MD1CLSYNC 	EQU 	0
MD1CON0 	EQU 	2199
MD1CON0_EN 	EQU 	7
MD1CON1 	EQU 	2200
MD1EN 	EQU 	7
MD1MS0 	EQU 	0
MD1MS1 	EQU 	1
MD1MS2 	EQU 	2
MD1MS3 	EQU 	3
MD1MS4 	EQU 	4
MD1OPOL 	EQU 	4
MD1OUT 	EQU 	5
MD1SRC 	EQU 	2201
MD2 	EQU 	2
MDCARHPPS 	EQU 	7865
MDCARHPPS0 	EQU 	0
MDCARHPPS1 	EQU 	1
MDCARHPPS2 	EQU 	2
MDCARHPPS3 	EQU 	3
MDCARHPPS4 	EQU 	4
MDCARLPPS 	EQU 	7864
MDCARLPPS0 	EQU 	0
MDCARLPPS1 	EQU 	1
MDCARLPPS2 	EQU 	2
MDCARLPPS3 	EQU 	3
MDCARLPPS4 	EQU 	4
MDSRCPPS 	EQU 	7866
MDSRCPPS0 	EQU 	0
MDSRCPPS1 	EQU 	1
MDSRCPPS2 	EQU 	2
MDSRCPPS3 	EQU 	3
MDSRCPPS4 	EQU 	4
MFOEN 	EQU 	5
MFOR 	EQU 	5
MLC1OUT 	EQU 	0
MLC2OUT 	EQU 	1
MLC3OUT 	EQU 	2
MLC4OUT 	EQU 	3
MODE0 	EQU 	0
MODE1 	EQU 	1
MODE2 	EQU 	2
MODE3 	EQU 	3
MODE4 	EQU 	4
MS0 	EQU 	0
MS1 	EQU 	1
MS2 	EQU 	2
MS3 	EQU 	3
MS4 	EQU 	4
MSK0 	EQU 	0
MSK1 	EQU 	1
MSK2 	EQU 	2
MSK3 	EQU 	3
MSK4 	EQU 	4
MSK5 	EQU 	5
MSK6 	EQU 	6
MSK7 	EQU 	7
MSSP1MD 	EQU 	0
MSSP2MD 	EQU 	1
NCH0 	EQU 	0
NCH1 	EQU 	1
NCH2 	EQU 	2
NCO1ACC 	EQU 	1420
NCO1ACC0 	EQU 	0
NCO1ACC1 	EQU 	1
NCO1ACC10 	EQU 	2
NCO1ACC11 	EQU 	3
NCO1ACC12 	EQU 	4
NCO1ACC13 	EQU 	5
NCO1ACC14 	EQU 	6
NCO1ACC15 	EQU 	7
NCO1ACC16 	EQU 	0
NCO1ACC17 	EQU 	1
NCO1ACC18 	EQU 	2
NCO1ACC19 	EQU 	3
NCO1ACC2 	EQU 	2
NCO1ACC3 	EQU 	3
NCO1ACC4 	EQU 	4
NCO1ACC5 	EQU 	5
NCO1ACC6 	EQU 	6
NCO1ACC7 	EQU 	7
NCO1ACC8 	EQU 	0
NCO1ACC9 	EQU 	1
NCO1ACCH 	EQU 	1421
NCO1ACCH_ACC10 	EQU 	2
NCO1ACCH_ACC11 	EQU 	3
NCO1ACCH_ACC12 	EQU 	4
NCO1ACCH_ACC13 	EQU 	5
NCO1ACCH_ACC14 	EQU 	6
NCO1ACCH_ACC15 	EQU 	7
NCO1ACCH_ACC8 	EQU 	0
NCO1ACCH_ACC9 	EQU 	1
NCO1ACCL 	EQU 	1420
NCO1ACCL_ACC0 	EQU 	0
NCO1ACCL_ACC1 	EQU 	1
NCO1ACCL_ACC2 	EQU 	2
NCO1ACCL_ACC3 	EQU 	3
NCO1ACCL_ACC4 	EQU 	4
NCO1ACCL_ACC5 	EQU 	5
NCO1ACCL_ACC6 	EQU 	6
NCO1ACCL_ACC7 	EQU 	7
NCO1ACCU 	EQU 	1422
NCO1ACCU_ACC16 	EQU 	0
NCO1ACCU_ACC17 	EQU 	1
NCO1ACCU_ACC18 	EQU 	2
NCO1ACCU_ACC19 	EQU 	3
NCO1CKS0 	EQU 	0
NCO1CKS1 	EQU 	1
NCO1CKS2 	EQU 	2
NCO1CKS3 	EQU 	3
NCO1CLK 	EQU 	1427
NCO1CON 	EQU 	1426
NCO1CON_EN 	EQU 	7
NCO1EN 	EQU 	7
NCO1IE 	EQU 	4
NCO1IF 	EQU 	4
NCO1INC 	EQU 	1423
NCO1INC0 	EQU 	0
NCO1INC1 	EQU 	1
NCO1INC10 	EQU 	2
NCO1INC11 	EQU 	3
NCO1INC12 	EQU 	4
NCO1INC13 	EQU 	5
NCO1INC14 	EQU 	6
NCO1INC15 	EQU 	7
NCO1INC16 	EQU 	0
NCO1INC17 	EQU 	1
NCO1INC18 	EQU 	2
NCO1INC19 	EQU 	3
NCO1INC2 	EQU 	2
NCO1INC3 	EQU 	3
NCO1INC4 	EQU 	4
NCO1INC5 	EQU 	5
NCO1INC6 	EQU 	6
NCO1INC7 	EQU 	7
NCO1INC8 	EQU 	0
NCO1INC9 	EQU 	1
NCO1INCH 	EQU 	1424
NCO1INCL 	EQU 	1423
NCO1INCU 	EQU 	1425
NCO1MD 	EQU 	7
NCO1OUT 	EQU 	5
NCO1PFM 	EQU 	0
NCO1POL 	EQU 	4
NCO1PWS0 	EQU 	5
NCO1PWS1 	EQU 	6
NCO1PWS2 	EQU 	7
NCO1_INITIALIZE 	EQU 	211
NCOIE 	EQU 	4
NDIV0 	EQU 	0
NDIV1 	EQU 	1
NDIV2 	EQU 	2
NDIV3 	EQU 	3
NOSC0 	EQU 	4
NOSC1 	EQU 	5
NOSC2 	EQU 	6
NOSCR 	EQU 	3
NOT_A 	EQU 	5
NOT_ADDRESS 	EQU 	5
NOT_BOR 	EQU 	0
NOT_DONE 	EQU 	3
NOT_MEMV 	EQU 	1
NOT_PD 	EQU 	3
NOT_POR 	EQU 	1
NOT_RI 	EQU 	2
NOT_RMCLR 	EQU 	3
NOT_RWDT 	EQU 	4
NOT_SYNC 	EQU 	2
NOT_T1DONE 	EQU 	3
NOT_T1SYNC 	EQU 	2
NOT_T3DONE 	EQU 	3
NOT_T3SYNC 	EQU 	2
NOT_T5DONE 	EQU 	3
NOT_T5SYNC 	EQU 	2
NOT_TO 	EQU 	4
NOT_W 	EQU 	2
NOT_WDTWV 	EQU 	5
NOT_WRITE 	EQU 	2
NREF0 	EQU 	4
NREF1 	EQU 	5
NREF2 	EQU 	6
NREF3 	EQU 	7
NSS 	EQU 	0
NVMADR 	EQU 	2074
NVMADRH 	EQU 	2075
NVMADRH0 	EQU 	0
NVMADRH1 	EQU 	1
NVMADRH2 	EQU 	2
NVMADRH3 	EQU 	3
NVMADRH4 	EQU 	4
NVMADRH5 	EQU 	5
NVMADRH6 	EQU 	6
NVMADRL 	EQU 	2074
NVMADRL0 	EQU 	0
NVMADRL1 	EQU 	1
NVMADRL2 	EQU 	2
NVMADRL3 	EQU 	3
NVMADRL4 	EQU 	4
NVMADRL5 	EQU 	5
NVMADRL6 	EQU 	6
NVMADRL7 	EQU 	7
NVMCON1 	EQU 	2078
NVMCON2 	EQU 	2079
NVMDAT 	EQU 	2076
NVMDATH 	EQU 	2077
NVMDATH0 	EQU 	0
NVMDATH1 	EQU 	1
NVMDATH2 	EQU 	2
NVMDATH3 	EQU 	3
NVMDATH4 	EQU 	4
NVMDATH5 	EQU 	5
NVMDATL 	EQU 	2076
NVMDATL0 	EQU 	0
NVMDATL1 	EQU 	1
NVMDATL2 	EQU 	2
NVMDATL3 	EQU 	3
NVMDATL4 	EQU 	4
NVMDATL5 	EQU 	5
NVMDATL6 	EQU 	6
NVMDATL7 	EQU 	7
NVMIE 	EQU 	5
NVMIF 	EQU 	5
NVMMD 	EQU 	2
NVMREGS 	EQU 	6
ODCA0 	EQU 	0
ODCA1 	EQU 	1
ODCA2 	EQU 	2
ODCA4 	EQU 	4
ODCA5 	EQU 	5
ODCB4 	EQU 	4
ODCB5 	EQU 	5
ODCB6 	EQU 	6
ODCB7 	EQU 	7
ODCC0 	EQU 	0
ODCC1 	EQU 	1
ODCC2 	EQU 	2
ODCC3 	EQU 	3
ODCC4 	EQU 	4
ODCC5 	EQU 	5
ODCC6 	EQU 	6
ODCC7 	EQU 	7
ODCONA 	EQU 	7994
ODCONB 	EQU 	8005
ODCONC 	EQU 	8016
OE1 	EQU 	5
OERR 	EQU 	1
ON_ADCON0 	EQU 	7
ON_T1CON 	EQU 	0
ON_T2CON 	EQU 	7
ON_T3CON 	EQU 	0
ON_T4CON 	EQU 	7
ON_T5CON 	EQU 	0
ON_T6CON 	EQU 	7
ON_TMR1CON 	EQU 	0
ON_TMR3CON 	EQU 	0
ON_TMR5CON 	EQU 	0
OPOL 	EQU 	4
ORDY 	EQU 	4
OSCCON1 	EQU 	2189
OSCCON2 	EQU 	2190
OSCCON3 	EQU 	2191
OSCEN 	EQU 	2193
OSCFRQ 	EQU 	2195
OSCSTAT 	EQU 	2192
OSCTUNE 	EQU 	2194
OSFIE 	EQU 	7
OSFIF 	EQU 	7
OUTPS0 	EQU 	0
OUTPS1 	EQU 	1
OUTPS2 	EQU 	2
OUTPS3 	EQU 	3
OUT_CCP1CON 	EQU 	5
OUT_CCP2CON 	EQU 	5
OUT_CCP3CON 	EQU 	5
OUT_CCP4CON 	EQU 	5
OUT_CLC1CON 	EQU 	5
OUT_CLC2CON 	EQU 	5
OUT_CLC3CON 	EQU 	5
OUT_CLC4CON 	EQU 	5
OUT_CM1CON0 	EQU 	6
OUT_CM2CON0 	EQU 	6
OUT_MD1CON0 	EQU 	5
OUT_NCO1CON 	EQU 	5
OUT_PWM6CON 	EQU 	5
OUT_PWM7CON 	EQU 	5
OUT_T0CON0 	EQU 	5
OV 	EQU 	7
OVRA 	EQU 	4
OVRB 	EQU 	5
OVRC 	EQU 	6
OVRD 	EQU 	7
P 	EQU 	4
PCH0 	EQU 	0
PCH1 	EQU 	1
PCH2 	EQU 	2
PCH3 	EQU 	3
PCH4 	EQU 	4
PCH5 	EQU 	5
PCIE 	EQU 	6
PCL 	EQU 	2
PCLATH 	EQU 	10
PCLATH_SHAD 	EQU 	8167
PCON0 	EQU 	2067
PCON1 	EQU 	2068
PEIE 	EQU 	6
PEN 	EQU 	2
PFM 	EQU 	0
PIE0 	EQU 	1814
PIE1 	EQU 	1815
PIE2 	EQU 	1816
PIE3 	EQU 	1817
PIE4 	EQU 	1818
PIE5 	EQU 	1819
PIE6 	EQU 	1820
PIE7 	EQU 	1821
PIE8 	EQU 	1822
PIN_MANAGER_INITIALIZE 	EQU 	233
PIR0 	EQU 	1804
PIR1 	EQU 	1805
PIR2 	EQU 	1806
PIR3 	EQU 	1807
PIR4 	EQU 	1808
PIR5 	EQU 	1809
PIR6 	EQU 	1810
PIR7 	EQU 	1811
PIR8 	EQU 	1812
PLLR 	EQU 	0
PMD0 	EQU 	1942
PMD1 	EQU 	1943
PMD2 	EQU 	1944
PMD3 	EQU 	1945
PMD4 	EQU 	1946
PMD5 	EQU 	1947
PMD6 	EQU 	1948
PMD7 	EQU 	1949
PMD_INITIALIZE 	EQU 	273
POLA 	EQU 	0
POLB 	EQU 	1
POLC 	EQU 	2
POLD 	EQU 	3
POL_CLC1POL 	EQU 	7
POL_CLC2POL 	EQU 	7
POL_CLC3POL 	EQU 	7
POL_CLC4POL 	EQU 	7
POL_CM1CON0 	EQU 	4
POL_CM2CON0 	EQU 	4
POL_NCO1CON 	EQU 	4
POL_PWM6CON 	EQU 	4
POL_PWM7CON 	EQU 	4
PORT 	EQU 	3
PORTA 	EQU 	12
PORTB 	EQU 	13
PORTC 	EQU 	14
PPOL 	EQU 	7
PPSLOCK 	EQU 	7823
PPSLOCKED 	EQU 	0
PR0 	EQU 	1437
PR1 	EQU 	1
PR10 	EQU 	2
PR11 	EQU 	3
PR12 	EQU 	4
PR13 	EQU 	5
PR14 	EQU 	6
PR15 	EQU 	7
PR16 	EQU 	0
PR17 	EQU 	1
PR18 	EQU 	2
PR19 	EQU 	3
PR2 	EQU 	653
PR20 	EQU 	4
PR21 	EQU 	5
PR22 	EQU 	6
PR23 	EQU 	7
PR3 	EQU 	3
PR4 	EQU 	659
PR5 	EQU 	5
PR6 	EQU 	665
PR7 	EQU 	7
PR8 	EQU 	0
PR9 	EQU 	1
PRE0 	EQU 	0
PRE1 	EQU 	1
PRE10 	EQU 	2
PRE11 	EQU 	3
PRE12 	EQU 	4
PRE2 	EQU 	2
PRE3 	EQU 	3
PRE4 	EQU 	4
PRE5 	EQU 	5
PRE6 	EQU 	6
PRE7 	EQU 	7
PRE8 	EQU 	0
PRE9 	EQU 	1
PREF0 	EQU 	0
PREF1 	EQU 	1
PREF2 	EQU 	2
PREF3 	EQU 	3
PREV0 	EQU 	0
PREV1 	EQU 	1
PREV10 	EQU 	2
PREV11 	EQU 	3
PREV12 	EQU 	4
PREV13 	EQU 	5
PREV14 	EQU 	6
PREV15 	EQU 	7
PREV2 	EQU 	2
PREV3 	EQU 	3
PREV4 	EQU 	4
PREV5 	EQU 	5
PREV6 	EQU 	6
PREV7 	EQU 	7
PREV8 	EQU 	0
PREV9 	EQU 	1
PS0 	EQU 	0
PS1 	EQU 	1
PSCNT0 	EQU 	0
PSCNT1 	EQU 	1
PSCNT10 	EQU 	2
PSCNT11 	EQU 	3
PSCNT12 	EQU 	4
PSCNT13 	EQU 	5
PSCNT14 	EQU 	6
PSCNT15 	EQU 	7
PSCNT16 	EQU 	0
PSCNT17 	EQU 	1
PSCNT2 	EQU 	2
PSCNT3 	EQU 	3
PSCNT4 	EQU 	4
PSCNT5 	EQU 	5
PSCNT6 	EQU 	6
PSCNT7 	EQU 	7
PSCNT8 	EQU 	0
PSCNT9 	EQU 	1
PSIS 	EQU 	7
PSS0 	EQU 	2
PSS1 	EQU 	3
PSYNC 	EQU 	7
PWM6CON 	EQU 	910
PWM6CON_EN 	EQU 	7
PWM6DC 	EQU 	908
PWM6DC0 	EQU 	6
PWM6DC1 	EQU 	7
PWM6DC2 	EQU 	0
PWM6DC3 	EQU 	1
PWM6DC4 	EQU 	2
PWM6DC5 	EQU 	3
PWM6DC6 	EQU 	4
PWM6DC7 	EQU 	5
PWM6DC8 	EQU 	6
PWM6DC9 	EQU 	7
PWM6DCH 	EQU 	909
PWM6DCL 	EQU 	908
PWM6EN 	EQU 	7
PWM6MD 	EQU 	5
PWM6OUT 	EQU 	5
PWM6POL 	EQU 	4
PWM7CON 	EQU 	914
PWM7CON_EN 	EQU 	7
PWM7DC 	EQU 	912
PWM7DC0 	EQU 	6
PWM7DC1 	EQU 	7
PWM7DC2 	EQU 	0
PWM7DC3 	EQU 	1
PWM7DC4 	EQU 	2
PWM7DC5 	EQU 	3
PWM7DC6 	EQU 	4
PWM7DC7 	EQU 	5
PWM7DC8 	EQU 	6
PWM7DC9 	EQU 	7
PWM7DCH 	EQU 	913
PWM7DCH_DC2 	EQU 	0
PWM7DCH_DC3 	EQU 	1
PWM7DCH_DC4 	EQU 	2
PWM7DCH_DC5 	EQU 	3
PWM7DCH_DC6 	EQU 	4
PWM7DCH_DC7 	EQU 	5
PWM7DCH_DC8 	EQU 	6
PWM7DCH_DC9 	EQU 	7
PWM7DCH_PWMPW2 	EQU 	0
PWM7DCH_PWMPW3 	EQU 	1
PWM7DCH_PWMPW4 	EQU 	2
PWM7DCH_PWMPW5 	EQU 	3
PWM7DCH_PWMPW6 	EQU 	4
PWM7DCH_PWMPW7 	EQU 	5
PWM7DCH_PWMPW8 	EQU 	6
PWM7DCH_PWMPW9 	EQU 	7
PWM7DCL 	EQU 	912
PWM7DCL_DC0 	EQU 	6
PWM7DCL_DC1 	EQU 	7
PWM7DCL_PWMPW0 	EQU 	6
PWM7DCL_PWMPW1 	EQU 	7
PWM7EN 	EQU 	7
PWM7MD 	EQU 	6
PWM7OUT 	EQU 	5
PWM7POL 	EQU 	4
PWMPW0 	EQU 	6
PWMPW1 	EQU 	7
PWMPW2 	EQU 	0
PWMPW3 	EQU 	1
PWMPW4 	EQU 	2
PWMPW5 	EQU 	3
PWMPW6 	EQU 	4
PWMPW7 	EQU 	5
PWMPW8 	EQU 	6
PWMPW9 	EQU 	7
PWS0 	EQU 	5
PWS1 	EQU 	6
PWS2 	EQU 	7
RA0 	EQU 	0
RA0PPS 	EQU 	7952
RA0PPS0 	EQU 	0
RA0PPS1 	EQU 	1
RA0PPS2 	EQU 	2
RA0PPS3 	EQU 	3
RA0PPS4 	EQU 	4
RA0PPS5 	EQU 	5
RA1 	EQU 	1
RA1PPS 	EQU 	7953
RA1PPS0 	EQU 	0
RA1PPS1 	EQU 	1
RA1PPS2 	EQU 	2
RA1PPS3 	EQU 	3
RA1PPS4 	EQU 	4
RA1PPS5 	EQU 	5
RA2 	EQU 	2
RA2PPS 	EQU 	7954
RA2PPS0 	EQU 	0
RA2PPS1 	EQU 	1
RA2PPS2 	EQU 	2
RA2PPS3 	EQU 	3
RA2PPS4 	EQU 	4
RA2PPS5 	EQU 	5
RA3 	EQU 	3
RA4 	EQU 	4
RA4PPS 	EQU 	7956
RA4PPS0 	EQU 	0
RA4PPS1 	EQU 	1
RA4PPS2 	EQU 	2
RA4PPS3 	EQU 	3
RA4PPS4 	EQU 	4
RA4PPS5 	EQU 	5
RA5 	EQU 	5
RA5PPS 	EQU 	7957
RA5PPS0 	EQU 	0
RA5PPS1 	EQU 	1
RA5PPS2 	EQU 	2
RA5PPS3 	EQU 	3
RA5PPS4 	EQU 	4
RA5PPS5 	EQU 	5
RB4 	EQU 	4
RB4PPS 	EQU 	7964
RB4PPS0 	EQU 	0
RB4PPS1 	EQU 	1
RB4PPS2 	EQU 	2
RB4PPS3 	EQU 	3
RB4PPS4 	EQU 	4
RB4PPS5 	EQU 	5
RB5 	EQU 	5
RB5PPS 	EQU 	7965
RB5PPS0 	EQU 	0
RB5PPS1 	EQU 	1
RB5PPS2 	EQU 	2
RB5PPS3 	EQU 	3
RB5PPS4 	EQU 	4
RB5PPS5 	EQU 	5
RB6 	EQU 	6
RB6PPS 	EQU 	7966
RB6PPS0 	EQU 	0
RB6PPS1 	EQU 	1
RB6PPS2 	EQU 	2
RB6PPS3 	EQU 	3
RB6PPS4 	EQU 	4
RB6PPS5 	EQU 	5
RB7 	EQU 	7
RB7PPS 	EQU 	7967
RB7PPS0 	EQU 	0
RB7PPS1 	EQU 	1
RB7PPS2 	EQU 	2
RB7PPS3 	EQU 	3
RB7PPS4 	EQU 	4
RB7PPS5 	EQU 	5
RC0 	EQU 	0
RC0PPS 	EQU 	7968
RC0PPS0 	EQU 	0
RC0PPS1 	EQU 	1
RC0PPS2 	EQU 	2
RC0PPS3 	EQU 	3
RC0PPS4 	EQU 	4
RC0PPS5 	EQU 	5
RC1 	EQU 	1
RC1IE 	EQU 	5
RC1IF 	EQU 	5
RC1PPS 	EQU 	7969
RC1PPS0 	EQU 	0
RC1PPS1 	EQU 	1
RC1PPS2 	EQU 	2
RC1PPS3 	EQU 	3
RC1PPS4 	EQU 	4
RC1PPS5 	EQU 	5
RC1REG 	EQU 	281
RC1STA 	EQU 	285
RC2 	EQU 	2
RC2PPS 	EQU 	7970
RC2PPS0 	EQU 	0
RC2PPS1 	EQU 	1
RC2PPS2 	EQU 	2
RC2PPS3 	EQU 	3
RC2PPS4 	EQU 	4
RC2PPS5 	EQU 	5
RC3 	EQU 	3
RC3PPS 	EQU 	7971
RC3PPS0 	EQU 	0
RC3PPS1 	EQU 	1
RC3PPS2 	EQU 	2
RC3PPS3 	EQU 	3
RC3PPS4 	EQU 	4
RC3PPS5 	EQU 	5
RC4 	EQU 	4
RC4PPS 	EQU 	7972
RC4PPS0 	EQU 	0
RC4PPS1 	EQU 	1
RC4PPS2 	EQU 	2
RC4PPS3 	EQU 	3
RC4PPS4 	EQU 	4
RC4PPS5 	EQU 	5
RC5 	EQU 	5
RC5PPS 	EQU 	7973
RC5PPS0 	EQU 	0
RC5PPS1 	EQU 	1
RC5PPS2 	EQU 	2
RC5PPS3 	EQU 	3
RC5PPS4 	EQU 	4
RC5PPS5 	EQU 	5
RC6 	EQU 	6
RC6PPS 	EQU 	7974
RC6PPS0 	EQU 	0
RC6PPS1 	EQU 	1
RC6PPS2 	EQU 	2
RC6PPS3 	EQU 	3
RC6PPS4 	EQU 	4
RC6PPS5 	EQU 	5
RC7 	EQU 	7
RC7PPS 	EQU 	7975
RC7PPS0 	EQU 	0
RC7PPS1 	EQU 	1
RC7PPS2 	EQU 	2
RC7PPS3 	EQU 	3
RC7PPS4 	EQU 	4
RC7PPS5 	EQU 	5
RCEN 	EQU 	3
RCIDL 	EQU 	6
RCREG 	EQU 	281
RCREG1 	EQU 	281
RCSTA 	EQU 	285
RCSTA1 	EQU 	285
RCSTA1_ADDEN 	EQU 	3
RCSTA1_CREN 	EQU 	4
RCSTA1_FERR 	EQU 	2
RCSTA1_OERR 	EQU 	1
RCSTA1_RX9 	EQU 	6
RCSTA1_RX9D 	EQU 	0
RCSTA1_SPEN 	EQU 	7
RCSTA1_SREN 	EQU 	5
RCSTA_ADDEN 	EQU 	3
RCSTA_CREN 	EQU 	4
RCSTA_FERR 	EQU 	2
RCSTA_OERR 	EQU 	1
RCSTA_RX9 	EQU 	6
RCSTA_RX9D 	EQU 	0
RCSTA_SPEN 	EQU 	7
RCSTA_SREN 	EQU 	5
RD 	EQU 	0
RD16 	EQU 	1
READ_WRITE 	EQU 	2
REN 	EQU 	6
REPEAT 	EQU 	6
RES0 	EQU 	0
RES1 	EQU 	1
RES10 	EQU 	2
RES11 	EQU 	3
RES12 	EQU 	4
RES13 	EQU 	5
RES14 	EQU 	6
RES15 	EQU 	7
RES2 	EQU 	2
RES3 	EQU 	3
RES4 	EQU 	4
RES5 	EQU 	5
RES6 	EQU 	6
RES7 	EQU 	7
RES8 	EQU 	0
RES9 	EQU 	1
ROI 	EQU 	5
RPT0 	EQU 	0
RPT1 	EQU 	1
RPT2 	EQU 	2
RPT3 	EQU 	3
RPT4 	EQU 	4
RPT5 	EQU 	5
RPT6 	EQU 	6
RPT7 	EQU 	7
RSEL0 	EQU 	0
RSEL1 	EQU 	1
RSEL2 	EQU 	2
RSEL3 	EQU 	3
RSEL4 	EQU 	4
RSEN 	EQU 	1
RST 	EQU 	5
RX1DTPPS 	EQU 	7883
RX1DTPPS0 	EQU 	0
RX1DTPPS1 	EQU 	1
RX1DTPPS2 	EQU 	2
RX1DTPPS3 	EQU 	3
RX1DTPPS4 	EQU 	4
RX1PPS 	EQU 	7883
RX1PPS_RX1DTPPS0 	EQU 	0
RX1PPS_RX1DTPPS1 	EQU 	1
RX1PPS_RX1DTPPS2 	EQU 	2
RX1PPS_RX1DTPPS3 	EQU 	3
RX1PPS_RX1DTPPS4 	EQU 	4
RX9 	EQU 	6
RX9D 	EQU 	0
RXPPS 	EQU 	7883
RXPPS_RX1DTPPS0 	EQU 	0
RXPPS_RX1DTPPS1 	EQU 	1
RXPPS_RX1DTPPS2 	EQU 	2
RXPPS_RX1DTPPS3 	EQU 	3
RXPPS_RX1DTPPS4 	EQU 	4
R_NOT_W 	EQU 	2
R_W 	EQU 	2
S 	EQU 	3
SBCDE 	EQU 	2
SBOREN 	EQU 	7
SCIE 	EQU 	5
SCKP 	EQU 	4
SDAHT 	EQU 	3
SEN 	EQU 	0
SENDB 	EQU 	3
SHUTDOWN 	EQU 	7
SLRA0 	EQU 	0
SLRA1 	EQU 	1
SLRA2 	EQU 	2
SLRA4 	EQU 	4
SLRA5 	EQU 	5
SLRB4 	EQU 	4
SLRB5 	EQU 	5
SLRB6 	EQU 	6
SLRB7 	EQU 	7
SLRC0 	EQU 	0
SLRC1 	EQU 	1
SLRC2 	EQU 	2
SLRC3 	EQU 	3
SLRC4 	EQU 	4
SLRC5 	EQU 	5
SLRC6 	EQU 	6
SLRC7 	EQU 	7
SLRCONA 	EQU 	7995
SLRCONB 	EQU 	8006
SLRCONC 	EQU 	8017
SMP 	EQU 	7
SMT1AS 	EQU 	0
SMT1CLK 	EQU 	1179
SMT1CON0 	EQU 	1176
SMT1CON0_EN 	EQU 	7
SMT1CON1 	EQU 	1177
SMT1CON1_MODE0 	EQU 	0
SMT1CON1_MODE1 	EQU 	1
SMT1CON1_MODE2 	EQU 	2
SMT1CON1_MODE3 	EQU 	3
SMT1CPOL 	EQU 	2
SMT1CPR 	EQU 	1167
SMT1CPR0 	EQU 	0
SMT1CPR1 	EQU 	1
SMT1CPR10 	EQU 	2
SMT1CPR11 	EQU 	3
SMT1CPR12 	EQU 	4
SMT1CPR13 	EQU 	5
SMT1CPR14 	EQU 	6
SMT1CPR15 	EQU 	7
SMT1CPR16 	EQU 	0
SMT1CPR17 	EQU 	1
SMT1CPR18 	EQU 	2
SMT1CPR19 	EQU 	3
SMT1CPR2 	EQU 	2
SMT1CPR20 	EQU 	4
SMT1CPR21 	EQU 	5
SMT1CPR22 	EQU 	6
SMT1CPR23 	EQU 	7
SMT1CPR3 	EQU 	3
SMT1CPR4 	EQU 	4
SMT1CPR5 	EQU 	5
SMT1CPR6 	EQU 	6
SMT1CPR7 	EQU 	7
SMT1CPR8 	EQU 	0
SMT1CPR9 	EQU 	1
SMT1CPRH 	EQU 	1168
SMT1CPRL 	EQU 	1167
SMT1CPRU 	EQU 	1169
SMT1CPRUP 	EQU 	7
SMT1CPW 	EQU 	1170
SMT1CPW0 	EQU 	0
SMT1CPW1 	EQU 	1
SMT1CPW10 	EQU 	2
SMT1CPW11 	EQU 	3
SMT1CPW12 	EQU 	4
SMT1CPW13 	EQU 	5
SMT1CPW14 	EQU 	6
SMT1CPW15 	EQU 	7
SMT1CPW16 	EQU 	0
SMT1CPW17 	EQU 	1
SMT1CPW18 	EQU 	2
SMT1CPW19 	EQU 	3
SMT1CPW2 	EQU 	2
SMT1CPW20 	EQU 	4
SMT1CPW21 	EQU 	5
SMT1CPW22 	EQU 	6
SMT1CPW23 	EQU 	7
SMT1CPW3 	EQU 	3
SMT1CPW4 	EQU 	4
SMT1CPW5 	EQU 	5
SMT1CPW6 	EQU 	6
SMT1CPW7 	EQU 	7
SMT1CPW8 	EQU 	0
SMT1CPW9 	EQU 	1
SMT1CPWH 	EQU 	1171
SMT1CPWL 	EQU 	1170
SMT1CPWU 	EQU 	1172
SMT1CPWUP 	EQU 	6
SMT1CSEL0 	EQU 	0
SMT1CSEL1 	EQU 	1
SMT1CSEL2 	EQU 	2
SMT1EN 	EQU 	7
SMT1GO 	EQU 	7
SMT1IE 	EQU 	0
SMT1IF 	EQU 	0
SMT1MD 	EQU 	5
SMT1PR 	EQU 	1173
SMT1PR0 	EQU 	0
SMT1PR1 	EQU 	1
SMT1PR10 	EQU 	2
SMT1PR11 	EQU 	3
SMT1PR12 	EQU 	4
SMT1PR13 	EQU 	5
SMT1PR14 	EQU 	6
SMT1PR15 	EQU 	7
SMT1PR16 	EQU 	0
SMT1PR17 	EQU 	1
SMT1PR18 	EQU 	2
SMT1PR19 	EQU 	3
SMT1PR2 	EQU 	2
SMT1PR20 	EQU 	4
SMT1PR21 	EQU 	5
SMT1PR22 	EQU 	6
SMT1PR23 	EQU 	7
SMT1PR3 	EQU 	3
SMT1PR4 	EQU 	4
SMT1PR5 	EQU 	5
SMT1PR6 	EQU 	6
SMT1PR7 	EQU 	7
SMT1PR8 	EQU 	0
SMT1PR9 	EQU 	1
SMT1PRAIE 	EQU 	1
SMT1PRAIF 	EQU 	1
SMT1PRH 	EQU 	1174
SMT1PRL 	EQU 	1173
SMT1PRU 	EQU 	1175
SMT1PS0 	EQU 	0
SMT1PS1 	EQU 	1
SMT1PWAIE 	EQU 	2
SMT1PWAIF 	EQU 	2
SMT1REPEAT 	EQU 	6
SMT1RESET 	EQU 	5
SMT1RST 	EQU 	5
SMT1SIG 	EQU 	1180
SMT1SIGPPS 	EQU 	7850
SMT1SIGPPS0 	EQU 	0
SMT1SIGPPS1 	EQU 	1
SMT1SIGPPS2 	EQU 	2
SMT1SIGPPS3 	EQU 	3
SMT1SIGPPS4 	EQU 	4
SMT1SPOL 	EQU 	3
SMT1SSEL0 	EQU 	0
SMT1SSEL1 	EQU 	1
SMT1SSEL2 	EQU 	2
SMT1SSEL3 	EQU 	3
SMT1SSEL4 	EQU 	4
SMT1STAT 	EQU 	1178
SMT1STP 	EQU 	5
SMT1TMR 	EQU 	1164
SMT1TMR0 	EQU 	0
SMT1TMR1 	EQU 	1
SMT1TMR10 	EQU 	2
SMT1TMR11 	EQU 	3
SMT1TMR12 	EQU 	4
SMT1TMR13 	EQU 	5
SMT1TMR14 	EQU 	6
SMT1TMR15 	EQU 	7
SMT1TMR16 	EQU 	0
SMT1TMR17 	EQU 	1
SMT1TMR18 	EQU 	2
SMT1TMR19 	EQU 	3
SMT1TMR2 	EQU 	2
SMT1TMR20 	EQU 	4
SMT1TMR21 	EQU 	5
SMT1TMR22 	EQU 	6
SMT1TMR23 	EQU 	7
SMT1TMR3 	EQU 	3
SMT1TMR4 	EQU 	4
SMT1TMR5 	EQU 	5
SMT1TMR6 	EQU 	6
SMT1TMR7 	EQU 	7
SMT1TMR8 	EQU 	0
SMT1TMR9 	EQU 	1
SMT1TMRH 	EQU 	1165
SMT1TMRL 	EQU 	1164
SMT1TMRU 	EQU 	1166
SMT1TS 	EQU 	2
SMT1WIN 	EQU 	1181
SMT1WINPPS 	EQU 	7849
SMT1WINPPS0 	EQU 	0
SMT1WINPPS1 	EQU 	1
SMT1WINPPS2 	EQU 	2
SMT1WINPPS3 	EQU 	3
SMT1WINPPS4 	EQU 	4
SMT1WOL 	EQU 	4
SMT1WS 	EQU 	1
SMT1WSEL0 	EQU 	0
SMT1WSEL1 	EQU 	1
SMT1WSEL2 	EQU 	2
SMT1WSEL3 	EQU 	3
SMT1WSEL4 	EQU 	4
SOI 	EQU 	3
SOR 	EQU 	3
SOSCEN 	EQU 	3
SOSCPWR 	EQU 	6
SP1BRG 	EQU 	283
SP1BRGH 	EQU 	284
SP1BRGL 	EQU 	283
SPBRG 	EQU 	283
SPBRG1 	EQU 	283
SPBRGH 	EQU 	284
SPBRGH1 	EQU 	284
SPBRGL 	EQU 	283
SPEN 	EQU 	7
SPOL 	EQU 	3
SREN 	EQU 	5
SSEL0 	EQU 	0
SSEL1 	EQU 	1
SSEL2 	EQU 	2
SSEL3 	EQU 	3
SSEL4 	EQU 	4
SSP1ADD 	EQU 	397
SSP1BUF 	EQU 	396
SSP1CLKPPS 	EQU 	7877
SSP1CLKPPS0 	EQU 	0
SSP1CLKPPS1 	EQU 	1
SSP1CLKPPS2 	EQU 	2
SSP1CLKPPS3 	EQU 	3
SSP1CLKPPS4 	EQU 	4
SSP1CON1 	EQU 	400
SSP1CON2 	EQU 	401
SSP1CON3 	EQU 	402
SSP1DATPPS 	EQU 	7878
SSP1DATPPS0 	EQU 	0
SSP1DATPPS1 	EQU 	1
SSP1DATPPS2 	EQU 	2
SSP1DATPPS3 	EQU 	3
SSP1DATPPS4 	EQU 	4
SSP1IE 	EQU 	0
SSP1IF 	EQU 	0
SSP1MSK 	EQU 	398
SSP1SSPPS 	EQU 	7879
SSP1SSPPS0 	EQU 	0
SSP1SSPPS1 	EQU 	1
SSP1SSPPS2 	EQU 	2
SSP1SSPPS3 	EQU 	3
SSP1SSPPS4 	EQU 	4
SSP1STAT 	EQU 	399
SSP2ADD 	EQU 	407
SSP2BUF 	EQU 	406
SSP2CLKPPS 	EQU 	7880
SSP2CLKPPS0 	EQU 	0
SSP2CLKPPS1 	EQU 	1
SSP2CLKPPS2 	EQU 	2
SSP2CLKPPS3 	EQU 	3
SSP2CLKPPS4 	EQU 	4
SSP2CON1 	EQU 	410
SSP2CON1_CKP 	EQU 	4
SSP2CON1_SSPEN 	EQU 	5
SSP2CON1_SSPM0 	EQU 	0
SSP2CON1_SSPM1 	EQU 	1
SSP2CON1_SSPM2 	EQU 	2
SSP2CON1_SSPM3 	EQU 	3
SSP2CON1_SSPOV 	EQU 	6
SSP2CON1_WCOL 	EQU 	7
SSP2CON2 	EQU 	411
SSP2CON2_ACKDT 	EQU 	5
SSP2CON2_ACKEN 	EQU 	4
SSP2CON2_ACKSTAT 	EQU 	6
SSP2CON2_ADMSK1 	EQU 	1
SSP2CON2_ADMSK2 	EQU 	2
SSP2CON2_ADMSK3 	EQU 	3
SSP2CON2_ADMSK4 	EQU 	4
SSP2CON2_ADMSK5 	EQU 	5
SSP2CON2_GCEN 	EQU 	7
SSP2CON2_PEN 	EQU 	2
SSP2CON2_RCEN 	EQU 	3
SSP2CON2_RSEN 	EQU 	1
SSP2CON2_SEN 	EQU 	0
SSP2CON3 	EQU 	412
SSP2CON3_ACKTIM 	EQU 	7
SSP2CON3_AHEN 	EQU 	1
SSP2CON3_BOEN 	EQU 	4
SSP2CON3_DHEN 	EQU 	0
SSP2CON3_PCIE 	EQU 	6
SSP2CON3_SBCDE 	EQU 	2
SSP2CON3_SCIE 	EQU 	5
SSP2CON3_SDAHT 	EQU 	3
SSP2DATPPS 	EQU 	7881
SSP2DATPPS0 	EQU 	0
SSP2DATPPS1 	EQU 	1
SSP2DATPPS2 	EQU 	2
SSP2DATPPS3 	EQU 	3
SSP2DATPPS4 	EQU 	4
SSP2IE 	EQU 	2
SSP2IF 	EQU 	2
SSP2MSK 	EQU 	408
SSP2MSK_MSK0 	EQU 	0
SSP2MSK_MSK1 	EQU 	1
SSP2MSK_MSK2 	EQU 	2
SSP2MSK_MSK3 	EQU 	3
SSP2MSK_MSK4 	EQU 	4
SSP2MSK_MSK5 	EQU 	5
SSP2MSK_MSK6 	EQU 	6
SSP2MSK_MSK7 	EQU 	7
SSP2SSPPS 	EQU 	7882
SSP2SSPPS0 	EQU 	0
SSP2SSPPS1 	EQU 	1
SSP2SSPPS2 	EQU 	2
SSP2SSPPS3 	EQU 	3
SSP2SSPPS4 	EQU 	4
SSP2STAT 	EQU 	409
SSP2STAT_BF 	EQU 	0
SSP2STAT_CKE 	EQU 	6
SSP2STAT_DATA_ADDRESS 	EQU 	5
SSP2STAT_D_A 	EQU 	5
SSP2STAT_D_NOT_A 	EQU 	5
SSP2STAT_I2C_DAT 	EQU 	5
SSP2STAT_I2C_READ 	EQU 	2
SSP2STAT_I2C_START 	EQU 	3
SSP2STAT_I2C_STOP 	EQU 	4
SSP2STAT_NOT_A 	EQU 	5
SSP2STAT_NOT_ADDRESS 	EQU 	5
SSP2STAT_NOT_W 	EQU 	2
SSP2STAT_NOT_WRITE 	EQU 	2
SSP2STAT_P 	EQU 	4
SSP2STAT_READ_WRITE 	EQU 	2
SSP2STAT_R_NOT_W 	EQU 	2
SSP2STAT_R_W 	EQU 	2
SSP2STAT_S 	EQU 	3
SSP2STAT_SMP 	EQU 	7
SSP2STAT_UA 	EQU 	1
SSPEN 	EQU 	5
SSPM0 	EQU 	0
SSPM1 	EQU 	1
SSPM2 	EQU 	2
SSPM3 	EQU 	3
SSPOV 	EQU 	6
STAT0 	EQU 	0
STAT1 	EQU 	1
STAT2 	EQU 	2
STATE 	EQU 	2
STATUS 	EQU 	3
STATUS_SHAD 	EQU 	8164
STKOVF 	EQU 	7
STKPTR 	EQU 	8173
STKPTR0 	EQU 	0
STKPTR1 	EQU 	1
STKPTR2 	EQU 	2
STKPTR3 	EQU 	3
STKPTR4 	EQU 	4
STKUNF 	EQU 	6
STP 	EQU 	5
STPT0 	EQU 	0
STPT1 	EQU 	1
STPT10 	EQU 	2
STPT11 	EQU 	3
STPT12 	EQU 	4
STPT13 	EQU 	5
STPT15 	EQU 	6
STPT16 	EQU 	7
STPT2 	EQU 	2
STPT3 	EQU 	3
STPT4 	EQU 	4
STPT5 	EQU 	5
STPT6 	EQU 	6
STPT7 	EQU 	7
STPT8 	EQU 	0
STPT9 	EQU 	1
STRA 	EQU 	0
STRB 	EQU 	1
STRC 	EQU 	2
STRD 	EQU 	3
SWDTEN 	EQU 	0
SYNC_CM1CON0 	EQU 	0
SYNC_CM2CON0 	EQU 	0
SYNC_TX1STA 	EQU 	4
SYNC_TXSTA 	EQU 	4
SYNC_TXSTA1 	EQU 	4
SYSCMD 	EQU 	7
SYSDOLOOP_E1 	EQU 	117
SYSDOLOOP_S1 	EQU 	28
SYSWAITTEMPMS 	EQU 	114
SYSWAITTEMPMS_H 	EQU 	115
SYSWAITTEMPS 	EQU 	116
T016BIT 	EQU 	4
T0ASYNC 	EQU 	4
T0CKIPPS 	EQU 	7825
T0CKIPPS0 	EQU 	0
T0CKIPPS1 	EQU 	1
T0CKIPPS2 	EQU 	2
T0CKIPPS3 	EQU 	3
T0CKIPPS_PORT 	EQU 	3
T0CKPS0 	EQU 	0
T0CKPS1 	EQU 	1
T0CKPS2 	EQU 	2
T0CKPS3 	EQU 	3
T0CON0 	EQU 	1438
T0CON0_EN 	EQU 	7
T0CON0_OUTPS0 	EQU 	0
T0CON0_OUTPS1 	EQU 	1
T0CON0_OUTPS2 	EQU 	2
T0CON0_OUTPS3 	EQU 	3
T0CON1 	EQU 	1439
T0CS0 	EQU 	5
T0CS1 	EQU 	6
T0CS2 	EQU 	7
T0EN 	EQU 	7
T0MD16 	EQU 	4
T0OUT 	EQU 	5
T0PR0 	EQU 	0
T0PR1 	EQU 	1
T0PR2 	EQU 	2
T0PR3 	EQU 	3
T0PR4 	EQU 	4
T0PR5 	EQU 	5
T0PR6 	EQU 	6
T0PR7 	EQU 	7
T1CKIPPS 	EQU 	7826
T1CKIPPS0 	EQU 	0
T1CKIPPS1 	EQU 	1
T1CKIPPS2 	EQU 	2
T1CKIPPS3 	EQU 	3
T1CKIPPS4 	EQU 	4
T1CKPS0 	EQU 	4
T1CKPS1 	EQU 	5
T1CLK 	EQU 	529
T1CON 	EQU 	526
T1CS0 	EQU 	0
T1CS1 	EQU 	1
T1CS2 	EQU 	2
T1CS3 	EQU 	3
T1CS4 	EQU 	4
T1GATE 	EQU 	528
T1GCON 	EQU 	527
T1GE 	EQU 	7
T1GGO 	EQU 	3
T1GPOL 	EQU 	6
T1GPPS 	EQU 	7827
T1GPPS0 	EQU 	0
T1GPPS1 	EQU 	1
T1GPPS2 	EQU 	2
T1GPPS3 	EQU 	3
T1GPPS4 	EQU 	4
T1GSPM 	EQU 	4
T1GSS0 	EQU 	0
T1GSS1 	EQU 	1
T1GSS2 	EQU 	2
T1GSS3 	EQU 	3
T1GSS4 	EQU 	4
T1GTM 	EQU 	5
T1GVAL 	EQU 	2
T1RD16 	EQU 	1
T2CKPOL 	EQU 	6
T2CKPS0 	EQU 	4
T2CKPS1 	EQU 	5
T2CKPS2 	EQU 	6
T2CKSYNC 	EQU 	5
T2CLKCON 	EQU 	656
T2CLKCON_CS3 	EQU 	3
T2CON 	EQU 	654
T2CS0 	EQU 	0
T2CS1 	EQU 	1
T2CS2 	EQU 	2
T2CS3 	EQU 	3
T2HLT 	EQU 	655
T2HLT_MODE0 	EQU 	0
T2HLT_MODE1 	EQU 	1
T2HLT_MODE2 	EQU 	2
T2HLT_MODE3 	EQU 	3
T2INPPS 	EQU 	7836
T2INPPS0 	EQU 	0
T2INPPS1 	EQU 	1
T2INPPS2 	EQU 	2
T2INPPS3 	EQU 	3
T2INPPS4 	EQU 	4
T2MODE0 	EQU 	0
T2MODE1 	EQU 	1
T2MODE2 	EQU 	2
T2MODE3 	EQU 	3
T2MODE4 	EQU 	4
T2ON 	EQU 	7
T2OUTPS0 	EQU 	0
T2OUTPS1 	EQU 	1
T2OUTPS2 	EQU 	2
T2OUTPS3 	EQU 	3
T2PR 	EQU 	653
T2PSYNC 	EQU 	7
T2RSEL0 	EQU 	0
T2RSEL1 	EQU 	1
T2RSEL2 	EQU 	2
T2RSEL3 	EQU 	3
T2RSEL4 	EQU 	4
T2RST 	EQU 	657
T2TMR 	EQU 	652
T3CKIPPS 	EQU 	7828
T3CKIPPS0 	EQU 	0
T3CKIPPS1 	EQU 	1
T3CKIPPS2 	EQU 	2
T3CKIPPS3 	EQU 	3
T3CKIPPS4 	EQU 	4
T3CKPS0 	EQU 	4
T3CKPS1 	EQU 	5
T3CLK 	EQU 	535
T3CLK_CS3 	EQU 	3
T3CLK_CS4 	EQU 	4
T3CON 	EQU 	532
T3CON_NOT_SYNC 	EQU 	2
T3CON_RD16 	EQU 	1
T3CS0 	EQU 	0
T3CS1 	EQU 	1
T3CS2 	EQU 	2
T3CS3 	EQU 	3
T3CS4 	EQU 	4
T3GATE 	EQU 	534
T3GATE_GSS0 	EQU 	0
T3GATE_GSS1 	EQU 	1
T3GATE_GSS2 	EQU 	2
T3GATE_GSS3 	EQU 	3
T3GATE_GSS4 	EQU 	4
T3GCON 	EQU 	533
T3GCON_GE 	EQU 	7
T3GCON_GGO 	EQU 	3
T3GCON_GSPM 	EQU 	4
T3GCON_GTM 	EQU 	5
T3GCON_GVAL 	EQU 	2
T3GCON_NOT_DONE 	EQU 	3
T3GE 	EQU 	7
T3GGO 	EQU 	3
T3GPOL 	EQU 	6
T3GPPS 	EQU 	7829
T3GPPS0 	EQU 	0
T3GPPS1 	EQU 	1
T3GPPS2 	EQU 	2
T3GPPS3 	EQU 	3
T3GPPS4 	EQU 	4
T3GSPM 	EQU 	4
T3GSS0 	EQU 	0
T3GSS1 	EQU 	1
T3GSS2 	EQU 	2
T3GSS3 	EQU 	3
T3GSS4 	EQU 	4
T3GTM 	EQU 	5
T3GVAL 	EQU 	2
T3RD16 	EQU 	1
T4CKPOL 	EQU 	6
T4CKPS0 	EQU 	4
T4CKPS1 	EQU 	5
T4CKPS2 	EQU 	6
T4CKSYNC 	EQU 	5
T4CLKCON 	EQU 	662
T4CLKCON_CS3 	EQU 	3
T4CON 	EQU 	660
T4CON_OUTPS0 	EQU 	0
T4CON_OUTPS1 	EQU 	1
T4CON_OUTPS2 	EQU 	2
T4CON_OUTPS3 	EQU 	3
T4CS0 	EQU 	0
T4CS1 	EQU 	1
T4CS2 	EQU 	2
T4CS3 	EQU 	3
T4HLT 	EQU 	661
T4HLT_CKPOL 	EQU 	6
T4HLT_CKSYNC 	EQU 	5
T4HLT_MODE0 	EQU 	0
T4HLT_MODE1 	EQU 	1
T4HLT_MODE2 	EQU 	2
T4HLT_MODE3 	EQU 	3
T4HLT_MODE4 	EQU 	4
T4HLT_PSYNC 	EQU 	7
T4INPPS 	EQU 	7837
T4INPPS0 	EQU 	0
T4INPPS1 	EQU 	1
T4INPPS2 	EQU 	2
T4INPPS3 	EQU 	3
T4INPPS4 	EQU 	4
T4MODE0 	EQU 	0
T4MODE1 	EQU 	1
T4MODE2 	EQU 	2
T4MODE3 	EQU 	3
T4MODE4 	EQU 	4
T4ON 	EQU 	7
T4OUTPS0 	EQU 	0
T4OUTPS1 	EQU 	1
T4OUTPS2 	EQU 	2
T4OUTPS3 	EQU 	3
T4PR 	EQU 	659
T4PSYNC 	EQU 	7
T4RSEL0 	EQU 	0
T4RSEL1 	EQU 	1
T4RSEL2 	EQU 	2
T4RSEL3 	EQU 	3
T4RSEL4 	EQU 	4
T4RST 	EQU 	663
T4RST_RSEL0 	EQU 	0
T4RST_RSEL1 	EQU 	1
T4RST_RSEL2 	EQU 	2
T4RST_RSEL3 	EQU 	3
T4RST_RSEL4 	EQU 	4
T4TMR 	EQU 	658
T5CKIPPS 	EQU 	7830
T5CKIPPS0 	EQU 	0
T5CKIPPS1 	EQU 	1
T5CKIPPS2 	EQU 	2
T5CKIPPS3 	EQU 	3
T5CKIPPS4 	EQU 	4
T5CKPS0 	EQU 	4
T5CKPS1 	EQU 	5
T5CLK 	EQU 	541
T5CLK_CS3 	EQU 	3
T5CLK_CS4 	EQU 	4
T5CON 	EQU 	538
T5CON_NOT_SYNC 	EQU 	2
T5CON_RD16 	EQU 	1
T5CS0 	EQU 	0
T5CS1 	EQU 	1
T5CS2 	EQU 	2
T5CS3 	EQU 	3
T5CS4 	EQU 	4
T5GATE 	EQU 	540
T5GATE_GSS0 	EQU 	0
T5GATE_GSS1 	EQU 	1
T5GATE_GSS2 	EQU 	2
T5GATE_GSS3 	EQU 	3
T5GATE_GSS4 	EQU 	4
T5GCON 	EQU 	539
T5GCON_GE 	EQU 	7
T5GCON_GGO 	EQU 	3
T5GCON_GSPM 	EQU 	4
T5GCON_GTM 	EQU 	5
T5GCON_GVAL 	EQU 	2
T5GCON_NOT_DONE 	EQU 	3
T5GE 	EQU 	7
T5GGO 	EQU 	3
T5GPOL 	EQU 	6
T5GPPS 	EQU 	7831
T5GPPS0 	EQU 	0
T5GPPS1 	EQU 	1
T5GPPS2 	EQU 	2
T5GPPS3 	EQU 	3
T5GPPS4 	EQU 	4
T5GSPM 	EQU 	4
T5GSS0 	EQU 	0
T5GSS1 	EQU 	1
T5GSS2 	EQU 	2
T5GSS3 	EQU 	3
T5GSS4 	EQU 	4
T5GTM 	EQU 	5
T5GVAL 	EQU 	2
T5RD16 	EQU 	1
T6CKPOL 	EQU 	6
T6CKPS0 	EQU 	4
T6CKPS1 	EQU 	5
T6CKPS2 	EQU 	6
T6CKSYNC 	EQU 	5
T6CLKCON 	EQU 	668
T6CLKCON_CS3 	EQU 	3
T6CON 	EQU 	666
T6CON_OUTPS0 	EQU 	0
T6CON_OUTPS1 	EQU 	1
T6CON_OUTPS2 	EQU 	2
T6CON_OUTPS3 	EQU 	3
T6CS0 	EQU 	0
T6CS1 	EQU 	1
T6CS2 	EQU 	2
T6CS3 	EQU 	3
T6HLT 	EQU 	667
T6HLT_CKPOL 	EQU 	6
T6HLT_CKSYNC 	EQU 	5
T6HLT_MODE0 	EQU 	0
T6HLT_MODE1 	EQU 	1
T6HLT_MODE2 	EQU 	2
T6HLT_MODE3 	EQU 	3
T6HLT_MODE4 	EQU 	4
T6HLT_PSYNC 	EQU 	7
T6INPPS 	EQU 	7838
T6INPPS0 	EQU 	0
T6INPPS1 	EQU 	1
T6INPPS2 	EQU 	2
T6INPPS3 	EQU 	3
T6INPPS4 	EQU 	4
T6MODE0 	EQU 	0
T6MODE1 	EQU 	1
T6MODE2 	EQU 	2
T6MODE3 	EQU 	3
T6MODE4 	EQU 	4
T6ON 	EQU 	7
T6OUTPS0 	EQU 	0
T6OUTPS1 	EQU 	1
T6OUTPS2 	EQU 	2
T6OUTPS3 	EQU 	3
T6PR 	EQU 	665
T6PSYNC 	EQU 	7
T6RSEL0 	EQU 	0
T6RSEL1 	EQU 	1
T6RSEL2 	EQU 	2
T6RSEL3 	EQU 	3
T6RSEL4 	EQU 	4
T6RST 	EQU 	669
T6RST_RSEL0 	EQU 	0
T6RST_RSEL1 	EQU 	1
T6RST_RSEL2 	EQU 	2
T6RST_RSEL3 	EQU 	3
T6RST_RSEL4 	EQU 	4
T6TMR 	EQU 	664
TMD0 	EQU 	0
TMD1 	EQU 	1
TMD2 	EQU 	2
TMR0 	EQU 	1436
TMR0H 	EQU 	1437
TMR0H0 	EQU 	0
TMR0H1 	EQU 	1
TMR0H2 	EQU 	2
TMR0H3 	EQU 	3
TMR0H4 	EQU 	4
TMR0H5 	EQU 	5
TMR0H6 	EQU 	6
TMR0H7 	EQU 	7
TMR0H_T0PR0 	EQU 	0
TMR0H_T0PR1 	EQU 	1
TMR0H_T0PR2 	EQU 	2
TMR0H_T0PR3 	EQU 	3
TMR0H_T0PR4 	EQU 	4
TMR0H_T0PR5 	EQU 	5
TMR0H_T0PR6 	EQU 	6
TMR0H_T0PR7 	EQU 	7
TMR0H_TMR0H0 	EQU 	0
TMR0H_TMR0H1 	EQU 	1
TMR0H_TMR0H2 	EQU 	2
TMR0H_TMR0H3 	EQU 	3
TMR0H_TMR0H4 	EQU 	4
TMR0H_TMR0H5 	EQU 	5
TMR0H_TMR0H6 	EQU 	6
TMR0H_TMR0H7 	EQU 	7
TMR0IE 	EQU 	5
TMR0IF 	EQU 	5
TMR0L 	EQU 	1436
TMR0L0 	EQU 	0
TMR0L1 	EQU 	1
TMR0L2 	EQU 	2
TMR0L3 	EQU 	3
TMR0L4 	EQU 	4
TMR0L5 	EQU 	5
TMR0L6 	EQU 	6
TMR0L7 	EQU 	7
TMR0L_TMR0L0 	EQU 	0
TMR0L_TMR0L1 	EQU 	1
TMR0L_TMR0L2 	EQU 	2
TMR0L_TMR0L3 	EQU 	3
TMR0L_TMR0L4 	EQU 	4
TMR0L_TMR0L5 	EQU 	5
TMR0L_TMR0L6 	EQU 	6
TMR0L_TMR0L7 	EQU 	7
TMR0MD 	EQU 	0
TMR1 	EQU 	1
TMR10 	EQU 	2
TMR11 	EQU 	3
TMR12 	EQU 	4
TMR13 	EQU 	5
TMR14 	EQU 	6
TMR15 	EQU 	7
TMR16 	EQU 	0
TMR17 	EQU 	1
TMR18 	EQU 	2
TMR19 	EQU 	3
TMR1CLK 	EQU 	529
TMR1CLK_CS3 	EQU 	3
TMR1CLK_CS4 	EQU 	4
TMR1CLK_T1CS0 	EQU 	0
TMR1CLK_T1CS1 	EQU 	1
TMR1CLK_T1CS2 	EQU 	2
TMR1CLK_T1CS3 	EQU 	3
TMR1CLK_T1CS4 	EQU 	4
TMR1CON 	EQU 	526
TMR1CON_NOT_SYNC 	EQU 	2
TMR1CON_NOT_T1SYNC 	EQU 	2
TMR1CON_RD16 	EQU 	1
TMR1CON_T1CKPS0 	EQU 	4
TMR1CON_T1CKPS1 	EQU 	5
TMR1CON_T1RD16 	EQU 	1
TMR1CON_TMR1ON 	EQU 	0
TMR1GATE 	EQU 	528
TMR1GATE_GSS0 	EQU 	0
TMR1GATE_GSS1 	EQU 	1
TMR1GATE_GSS2 	EQU 	2
TMR1GATE_GSS3 	EQU 	3
TMR1GATE_GSS4 	EQU 	4
TMR1GATE_T1GSS0 	EQU 	0
TMR1GATE_T1GSS1 	EQU 	1
TMR1GATE_T1GSS2 	EQU 	2
TMR1GATE_T1GSS3 	EQU 	3
TMR1GATE_T1GSS4 	EQU 	4
TMR1GCON 	EQU 	527
TMR1GCON_GE 	EQU 	7
TMR1GCON_GGO 	EQU 	3
TMR1GCON_GSPM 	EQU 	4
TMR1GCON_GTM 	EQU 	5
TMR1GCON_GVAL 	EQU 	2
TMR1GCON_NOT_DONE 	EQU 	3
TMR1GCON_NOT_T1DONE 	EQU 	3
TMR1GCON_T1GE 	EQU 	7
TMR1GCON_T1GGO 	EQU 	3
TMR1GCON_T1GPOL 	EQU 	6
TMR1GCON_T1GSPM 	EQU 	4
TMR1GCON_T1GTM 	EQU 	5
TMR1GCON_T1GVAL 	EQU 	2
TMR1GIE 	EQU 	0
TMR1GIF 	EQU 	0
TMR1H 	EQU 	525
TMR1H0 	EQU 	0
TMR1H1 	EQU 	1
TMR1H2 	EQU 	2
TMR1H3 	EQU 	3
TMR1H4 	EQU 	4
TMR1H5 	EQU 	5
TMR1H6 	EQU 	6
TMR1H7 	EQU 	7
TMR1IE 	EQU 	0
TMR1IF 	EQU 	0
TMR1L 	EQU 	524
TMR1L0 	EQU 	0
TMR1L1 	EQU 	1
TMR1L2 	EQU 	2
TMR1L3 	EQU 	3
TMR1L4 	EQU 	4
TMR1L5 	EQU 	5
TMR1L6 	EQU 	6
TMR1L7 	EQU 	7
TMR1MD 	EQU 	1
TMR1ON 	EQU 	0
TMR2 	EQU 	652
TMR20 	EQU 	4
TMR21 	EQU 	5
TMR22 	EQU 	6
TMR23 	EQU 	7
TMR2IE 	EQU 	1
TMR2IF 	EQU 	1
TMR2MD 	EQU 	2
TMR2ON 	EQU 	7
TMR3 	EQU 	3
TMR3CLK 	EQU 	535
TMR3CLK_CS3 	EQU 	3
TMR3CLK_CS4 	EQU 	4
TMR3CLK_T3CS0 	EQU 	0
TMR3CLK_T3CS1 	EQU 	1
TMR3CLK_T3CS2 	EQU 	2
TMR3CLK_T3CS3 	EQU 	3
TMR3CLK_T3CS4 	EQU 	4
TMR3CON 	EQU 	532
TMR3CON_NOT_SYNC 	EQU 	2
TMR3CON_NOT_T3SYNC 	EQU 	2
TMR3CON_RD16 	EQU 	1
TMR3CON_T3CKPS0 	EQU 	4
TMR3CON_T3CKPS1 	EQU 	5
TMR3CON_T3RD16 	EQU 	1
TMR3CON_TMR3ON 	EQU 	0
TMR3GATE 	EQU 	534
TMR3GATE_GSS0 	EQU 	0
TMR3GATE_GSS1 	EQU 	1
TMR3GATE_GSS2 	EQU 	2
TMR3GATE_GSS3 	EQU 	3
TMR3GATE_GSS4 	EQU 	4
TMR3GATE_T3GSS0 	EQU 	0
TMR3GATE_T3GSS1 	EQU 	1
TMR3GATE_T3GSS2 	EQU 	2
TMR3GATE_T3GSS3 	EQU 	3
TMR3GATE_T3GSS4 	EQU 	4
TMR3GCON 	EQU 	533
TMR3GCON_GE 	EQU 	7
TMR3GCON_GGO 	EQU 	3
TMR3GCON_GSPM 	EQU 	4
TMR3GCON_GTM 	EQU 	5
TMR3GCON_GVAL 	EQU 	2
TMR3GCON_NOT_DONE 	EQU 	3
TMR3GCON_NOT_T3DONE 	EQU 	3
TMR3GCON_T3GE 	EQU 	7
TMR3GCON_T3GGO 	EQU 	3
TMR3GCON_T3GPOL 	EQU 	6
TMR3GCON_T3GSPM 	EQU 	4
TMR3GCON_T3GTM 	EQU 	5
TMR3GCON_T3GVAL 	EQU 	2
TMR3GIE 	EQU 	1
TMR3GIF 	EQU 	1
TMR3H 	EQU 	531
TMR3H0 	EQU 	0
TMR3H1 	EQU 	1
TMR3H2 	EQU 	2
TMR3H3 	EQU 	3
TMR3H4 	EQU 	4
TMR3H5 	EQU 	5
TMR3H6 	EQU 	6
TMR3H7 	EQU 	7
TMR3IE 	EQU 	2
TMR3IF 	EQU 	2
TMR3L 	EQU 	530
TMR3L0 	EQU 	0
TMR3L1 	EQU 	1
TMR3L2 	EQU 	2
TMR3L3 	EQU 	3
TMR3L4 	EQU 	4
TMR3L5 	EQU 	5
TMR3L6 	EQU 	6
TMR3L7 	EQU 	7
TMR3MD 	EQU 	3
TMR3ON 	EQU 	0
TMR4 	EQU 	658
TMR4IE 	EQU 	3
TMR4IF 	EQU 	3
TMR4MD 	EQU 	4
TMR4ON 	EQU 	7
TMR5 	EQU 	5
TMR5CLK 	EQU 	541
TMR5CLK_CS3 	EQU 	3
TMR5CLK_CS4 	EQU 	4
TMR5CLK_T5CS0 	EQU 	0
TMR5CLK_T5CS1 	EQU 	1
TMR5CLK_T5CS2 	EQU 	2
TMR5CLK_T5CS3 	EQU 	3
TMR5CLK_T5CS4 	EQU 	4
TMR5CON 	EQU 	538
TMR5CON_NOT_SYNC 	EQU 	2
TMR5CON_NOT_T5SYNC 	EQU 	2
TMR5CON_RD16 	EQU 	1
TMR5CON_T5CKPS0 	EQU 	4
TMR5CON_T5CKPS1 	EQU 	5
TMR5CON_T5RD16 	EQU 	1
TMR5CON_TMR5ON 	EQU 	0
TMR5GATE 	EQU 	540
TMR5GATE_GSS0 	EQU 	0
TMR5GATE_GSS1 	EQU 	1
TMR5GATE_GSS2 	EQU 	2
TMR5GATE_GSS3 	EQU 	3
TMR5GATE_GSS4 	EQU 	4
TMR5GATE_T5GSS0 	EQU 	0
TMR5GATE_T5GSS1 	EQU 	1
TMR5GATE_T5GSS2 	EQU 	2
TMR5GATE_T5GSS3 	EQU 	3
TMR5GATE_T5GSS4 	EQU 	4
TMR5GCON 	EQU 	539
TMR5GCON_GE 	EQU 	7
TMR5GCON_GGO 	EQU 	3
TMR5GCON_GSPM 	EQU 	4
TMR5GCON_GTM 	EQU 	5
TMR5GCON_GVAL 	EQU 	2
TMR5GCON_NOT_DONE 	EQU 	3
TMR5GCON_NOT_T5DONE 	EQU 	3
TMR5GCON_T5GE 	EQU 	7
TMR5GCON_T5GGO 	EQU 	3
TMR5GCON_T5GPOL 	EQU 	6
TMR5GCON_T5GSPM 	EQU 	4
TMR5GCON_T5GTM 	EQU 	5
TMR5GCON_T5GVAL 	EQU 	2
TMR5GIE 	EQU 	2
TMR5GIF 	EQU 	2
TMR5H 	EQU 	537
TMR5H0 	EQU 	0
TMR5H1 	EQU 	1
TMR5H2 	EQU 	2
TMR5H3 	EQU 	3
TMR5H4 	EQU 	4
TMR5H5 	EQU 	5
TMR5H6 	EQU 	6
TMR5H7 	EQU 	7
TMR5IE 	EQU 	4
TMR5IF 	EQU 	4
TMR5L 	EQU 	536
TMR5L0 	EQU 	0
TMR5L1 	EQU 	1
TMR5L2 	EQU 	2
TMR5L3 	EQU 	3
TMR5L4 	EQU 	4
TMR5L5 	EQU 	5
TMR5L6 	EQU 	6
TMR5L7 	EQU 	7
TMR5MD 	EQU 	5
TMR5ON 	EQU 	0
TMR6 	EQU 	664
TMR6IE 	EQU 	5
TMR6IF 	EQU 	5
TMR6MD 	EQU 	6
TMR6ON 	EQU 	7
TMR6_INITIALIZE 	EQU 	284
TMR7 	EQU 	7
TMR8 	EQU 	0
TMR9 	EQU 	1
TOSH 	EQU 	8175
TOSH0 	EQU 	0
TOSH1 	EQU 	1
TOSH2 	EQU 	2
TOSH3 	EQU 	3
TOSH4 	EQU 	4
TOSH5 	EQU 	5
TOSH6 	EQU 	6
TOSH7 	EQU 	7
TOSL 	EQU 	8174
TOSL0 	EQU 	0
TOSL1 	EQU 	1
TOSL2 	EQU 	2
TOSL3 	EQU 	3
TOSL4 	EQU 	4
TOSL5 	EQU 	5
TOSL6 	EQU 	6
TOSL7 	EQU 	7
TRISA 	EQU 	18
TRISA0 	EQU 	0
TRISA1 	EQU 	1
TRISA2 	EQU 	2
TRISA3 	EQU 	3
TRISA4 	EQU 	4
TRISA5 	EQU 	5
TRISB 	EQU 	19
TRISB4 	EQU 	4
TRISB5 	EQU 	5
TRISB6 	EQU 	6
TRISB7 	EQU 	7
TRISC 	EQU 	20
TRISC0 	EQU 	0
TRISC1 	EQU 	1
TRISC2 	EQU 	2
TRISC3 	EQU 	3
TRISC4 	EQU 	4
TRISC5 	EQU 	5
TRISC6 	EQU 	6
TRISC7 	EQU 	7
TRMT 	EQU 	1
TS 	EQU 	2
TSEN 	EQU 	5
TSRNG 	EQU 	4
TX1CKPPS 	EQU 	7884
TX1CKPPS0 	EQU 	0
TX1CKPPS1 	EQU 	1
TX1CKPPS2 	EQU 	2
TX1CKPPS3 	EQU 	3
TX1CKPPS4 	EQU 	4
TX1CKPPS_TX1CKPPS0 	EQU 	0
TX1CKPPS_TX1CKPPS1 	EQU 	1
TX1CKPPS_TX1CKPPS2 	EQU 	2
TX1CKPPS_TX1CKPPS3 	EQU 	3
TX1CKPPS_TX1CKPPS4 	EQU 	4
TX1IE 	EQU 	4
TX1IF 	EQU 	4
TX1REG 	EQU 	282
TX1STA 	EQU 	286
TX9 	EQU 	6
TX9D 	EQU 	0
TXEN 	EQU 	5
TXREG 	EQU 	282
TXREG1 	EQU 	282
TXSTA 	EQU 	286
TXSTA1 	EQU 	286
TXSTA1_BRGH 	EQU 	2
TXSTA1_CSRC 	EQU 	7
TXSTA1_SENDB 	EQU 	3
TXSTA1_TRMT 	EQU 	1
TXSTA1_TX9 	EQU 	6
TXSTA1_TX9D 	EQU 	0
TXSTA1_TXEN 	EQU 	5
TXSTA_BRGH 	EQU 	2
TXSTA_CSRC 	EQU 	7
TXSTA_SENDB 	EQU 	3
TXSTA_TRMT 	EQU 	1
TXSTA_TX9 	EQU 	6
TXSTA_TX9D 	EQU 	0
TXSTA_TXEN 	EQU 	5
U1MD 	EQU 	4
UA 	EQU 	1
UTH0 	EQU 	0
UTH1 	EQU 	1
UTH10 	EQU 	2
UTH11 	EQU 	3
UTH12 	EQU 	4
UTH13 	EQU 	5
UTH14 	EQU 	6
UTH15 	EQU 	7
UTH2 	EQU 	2
UTH3 	EQU 	3
UTH4 	EQU 	4
UTH5 	EQU 	5
UTH6 	EQU 	6
UTH7 	EQU 	7
UTH8 	EQU 	0
UTH9 	EQU 	1
UTHR 	EQU 	6
VREGCON 	EQU 	2066
VREGPM 	EQU 	1
W 	EQU 	0
WCOL 	EQU 	7
WDTCON0 	EQU 	2060
WDTCON0_SEN 	EQU 	0
WDTCON1 	EQU 	2061
WDTCS0 	EQU 	4
WDTCS1 	EQU 	5
WDTCS2 	EQU 	6
WDTPS0 	EQU 	1
WDTPS1 	EQU 	2
WDTPS2 	EQU 	3
WDTPS3 	EQU 	4
WDTPS4 	EQU 	5
WDTPSCNT0 	EQU 	0
WDTPSCNT1 	EQU 	1
WDTPSCNT10 	EQU 	2
WDTPSCNT11 	EQU 	3
WDTPSCNT12 	EQU 	4
WDTPSCNT13 	EQU 	5
WDTPSCNT14 	EQU 	6
WDTPSCNT15 	EQU 	7
WDTPSCNT16 	EQU 	0
WDTPSCNT17 	EQU 	1
WDTPSCNT2 	EQU 	2
WDTPSCNT3 	EQU 	3
WDTPSCNT4 	EQU 	4
WDTPSCNT5 	EQU 	5
WDTPSCNT6 	EQU 	6
WDTPSCNT7 	EQU 	7
WDTPSCNT8 	EQU 	0
WDTPSCNT9 	EQU 	1
WDTPSH 	EQU 	2063
WDTPSL 	EQU 	2062
WDTSEN 	EQU 	0
WDTSTATE 	EQU 	2
WDTTMR 	EQU 	2064
WDTTMR0 	EQU 	3
WDTTMR1 	EQU 	4
WDTTMR2 	EQU 	5
WDTTMR3 	EQU 	6
WDTWINDOW0 	EQU 	0
WDTWINDOW1 	EQU 	1
WDTWINDOW2 	EQU 	2
WINDOW0 	EQU 	0
WINDOW1 	EQU 	1
WINDOW2 	EQU 	2
WPOL 	EQU 	4
WPUA 	EQU 	7993
WPUA0 	EQU 	0
WPUA1 	EQU 	1
WPUA2 	EQU 	2
WPUA3 	EQU 	3
WPUA4 	EQU 	4
WPUA5 	EQU 	5
WPUB 	EQU 	8004
WPUB4 	EQU 	4
WPUB5 	EQU 	5
WPUB6 	EQU 	6
WPUB7 	EQU 	7
WPUC 	EQU 	8015
WPUC0 	EQU 	0
WPUC1 	EQU 	1
WPUC2 	EQU 	2
WPUC3 	EQU 	3
WPUC4 	EQU 	4
WPUC5 	EQU 	5
WPUC6 	EQU 	6
WPUC7 	EQU 	7
WR 	EQU 	1
WREG 	EQU 	9
WREG_SHAD 	EQU 	8165
WREN 	EQU 	2
WRERR 	EQU 	3
WS 	EQU 	1
WSEL0 	EQU 	0
WSEL1 	EQU 	1
WSEL2 	EQU 	2
WSEL3 	EQU 	3
WSEL4 	EQU 	4
WUE 	EQU 	1
Z 	EQU 	2
ZCDCON 	EQU 	2335
ZCDIE 	EQU 	6
ZCDIF 	EQU 	6
ZCDINTN 	EQU 	0
ZCDINTP 	EQU 	1
ZCDMD 	EQU 	0
ZCDOUT 	EQU 	5
ZCDPOL 	EQU 	4
ZCDSEN 	EQU 	7

Code:
Loc	Obj Code	Original Assembly










000000	3180	PAGESEL BASPROGRAMSTART
000001	2805	GOTO BASPROGRAMSTART

000004	0009	RETFIE



		BASPROGRAMSTART
000005	20BC	CALL INITSYS

000006	2111	CALL PMD_INITIALIZE
000007	20E9	CALL PIN_MANAGER_INITIALIZE
000008	211C	CALL TMR6_INITIALIZE
000009	2077	CALL CLC1_INITIALIZE
00000A	01A0	CLRF INC_VAL
00000B	01A1	CLRF INC_VAL_H
00000C	01A2	CLRF INC_VAL_U
00000D	01A3	CLRF INC_VAL_E
00000E	20D3	CALL NCO1_INITIALIZE
00000F	208C	CALL CLC2_INITIALIZE
000010	20A0	CALL CLKREF_INITIALIZE
000011	30AE	MOVLW 174
000012	00A0	MOVWF INC_VAL
000013	3047	MOVLW 71
000014	00A1	MOVWF INC_VAL_H
000015	3001	MOVLW 1
000016	00A2	MOVWF INC_VAL_U
000017	01A3	CLRF INC_VAL_E
000018	20D3	CALL NCO1_INITIALIZE
000019	3005	MOVLW 5
00001A	00F4	MOVWF SYSWAITTEMPS
00001B	20B4	CALL DELAY_S
		SYSDOLOOP_S1
00001C	3003	MOVLW 3
00001D	00A0	MOVWF INC_VAL
00001E	01A1	CLRF INC_VAL_H
00001F	01A2	CLRF INC_VAL_U
000020	01A3	CLRF INC_VAL_E
000021	20D3	CALL NCO1_INITIALIZE
000022	3005	MOVLW 5
000023	00F4	MOVWF SYSWAITTEMPS
000024	20B4	CALL DELAY_S
000025	3015	MOVLW 21
000026	00A0	MOVWF INC_VAL
000027	01A1	CLRF INC_VAL_H
000028	01A2	CLRF INC_VAL_U
000029	01A3	CLRF INC_VAL_E
00002A	20D3	CALL NCO1_INITIALIZE
00002B	3005	MOVLW 5
00002C	00F4	MOVWF SYSWAITTEMPS
00002D	20B4	CALL DELAY_S
00002E	30D2	MOVLW 210
00002F	00A0	MOVWF INC_VAL
000030	01A1	CLRF INC_VAL_H
000031	01A2	CLRF INC_VAL_U
000032	01A3	CLRF INC_VAL_E
000033	20D3	CALL NCO1_INITIALIZE
000034	3005	MOVLW 5
000035	00F4	MOVWF SYSWAITTEMPS
000036	20B4	CALL DELAY_S
000037	3031	MOVLW 49
000038	00A0	MOVWF INC_VAL
000039	3008	MOVLW 8
00003A	00A1	MOVWF INC_VAL_H
00003B	01A2	CLRF INC_VAL_U
00003C	01A3	CLRF INC_VAL_E
00003D	20D3	CALL NCO1_INITIALIZE
00003E	3005	MOVLW 5
00003F	00F4	MOVWF SYSWAITTEMPS
000040	20B4	CALL DELAY_S
000041	3062	MOVLW 98
000042	00A0	MOVWF INC_VAL
000043	3010	MOVLW 16
000044	00A1	MOVWF INC_VAL_H
000045	01A2	CLRF INC_VAL_U
000046	01A3	CLRF INC_VAL_E
000047	20D3	CALL NCO1_INITIALIZE
000048	3005	MOVLW 5
000049	00F4	MOVWF SYSWAITTEMPS
00004A	20B4	CALL DELAY_S
00004B	30F5	MOVLW 245
00004C	00A0	MOVWF INC_VAL
00004D	3028	MOVLW 40
00004E	00A1	MOVWF INC_VAL_H
00004F	01A2	CLRF INC_VAL_U
000050	01A3	CLRF INC_VAL_E
000051	20D3	CALL NCO1_INITIALIZE
000052	3005	MOVLW 5
000053	00F4	MOVWF SYSWAITTEMPS
000054	20B4	CALL DELAY_S
000055	30EC	MOVLW 236
000056	00A0	MOVWF INC_VAL
000057	3051	MOVLW 81
000058	00A1	MOVWF INC_VAL_H
000059	01A2	CLRF INC_VAL_U
00005A	01A3	CLRF INC_VAL_E
00005B	20D3	CALL NCO1_INITIALIZE
00005C	3005	MOVLW 5
00005D	00F4	MOVWF SYSWAITTEMPS
00005E	20B4	CALL DELAY_S
00005F	30D7	MOVLW 215
000060	00A0	MOVWF INC_VAL
000061	30A3	MOVLW 163
000062	00A1	MOVWF INC_VAL_H
000063	01A2	CLRF INC_VAL_U
000064	01A3	CLRF INC_VAL_E
000065	20D3	CALL NCO1_INITIALIZE
000066	3005	MOVLW 5
000067	00F4	MOVWF SYSWAITTEMPS
000068	20B4	CALL DELAY_S
000069	30AE	MOVLW 174
00006A	00A0	MOVWF INC_VAL
00006B	3047	MOVLW 71
00006C	00A1	MOVWF INC_VAL_H
00006D	3001	MOVLW 1
00006E	00A2	MOVWF INC_VAL_U
00006F	01A3	CLRF INC_VAL_E
000070	20D3	CALL NCO1_INITIALIZE
000071	3005	MOVLW 5
000072	00F4	MOVWF SYSWAITTEMPS
000073	20B4	CALL DELAY_S
000074	281C	GOTO SYSDOLOOP_S1
		SYSDOLOOP_E1
		BASPROGRAMEND
000075	0063	SLEEP
000076	2875	GOTO BASPROGRAMEND


		CLC1_INITIALIZE
000077	300A	MOVLW 10
000000	017C	BANKSEL CLC1POL
000079	0091	MOVWF CLC1POL
00007A	301A	MOVLW 26
00007B	0092	MOVWF CLC1SEL0
00007C	3012	MOVLW 18
00007D	0093	MOVWF CLC1SEL1
00007E	3021	MOVLW 33
00007F	0094	MOVWF CLC1SEL2
000080	3012	MOVLW 18
000081	0095	MOVWF CLC1SEL3
000082	3002	MOVLW 2
000083	0096	MOVWF CLC1GLS0
000084	0197	CLRF CLC1GLS1
000085	3020	MOVLW 32
000086	0098	MOVWF CLC1GLS2
000087	0199	CLRF CLC1GLS3
000088	3085	MOVLW 133
000089	0090	MOVWF CLC1CON
000000	0140	BANKSEL STATUS
00008B	0008	RETURN


		CLC2_INITIALIZE
000000	017C	BANKSEL CLC2POL
00008D	019B	CLRF CLC2POL
00008E	3012	MOVLW 18
00008F	009C	MOVWF CLC2SEL0
000090	3020	MOVLW 32
000091	009D	MOVWF CLC2SEL1
000092	3020	MOVLW 32
000093	009E	MOVWF CLC2SEL2
000094	3020	MOVLW 32
000095	009F	MOVWF CLC2SEL3
000096	3002	MOVLW 2
000097	00A0	MOVWF CLC2GLS0
000098	3008	MOVLW 8
000099	00A1	MOVWF CLC2GLS1
00009A	01A2	CLRF CLC2GLS2
00009B	01A3	CLRF CLC2GLS3
00009C	3080	MOVLW 128
00009D	009A	MOVWF CLC2CON
000000	0140	BANKSEL STATUS
00009F	0008	RETURN


		CLKREF_INITIALIZE
000000	0151	BANKSEL CLKRCLK
0000A1	0196	CLRF CLKRCLK
0000A2	3095	MOVLW 149
0000A3	0095	MOVWF CLKRCON
000000	0140	BANKSEL STATUS
0000A5	0008	RETURN


		DELAY_MS
0000A6	0AF3	INCF SYSWAITTEMPMS_H, F
		DMS_START
0000A7	300E	MOVLW 14
0000A8	00F1	MOVWF DELAYTEMP2
		DMS_OUTER
0000A9	30BD	MOVLW 189
0000AA	00F0	MOVWF DELAYTEMP
		DMS_INNER
0000AB	0BF0	DECFSZ DELAYTEMP, F
0000AC	28AB	GOTO DMS_INNER
0000AD	0BF1	DECFSZ DELAYTEMP2, F
0000AE	28A9	GOTO DMS_OUTER
0000AF	0BF2	DECFSZ SYSWAITTEMPMS, F
0000B0	28A7	GOTO DMS_START
0000B1	0BF3	DECFSZ SYSWAITTEMPMS_H, F
0000B2	28A7	GOTO DMS_START
0000B3	0008	RETURN


		DELAY_S
		DS_START
0000B4	30E8	MOVLW 232
0000B5	00F2	MOVWF SYSWAITTEMPMS
0000B6	3003	MOVLW 3
0000B7	00F3	MOVWF SYSWAITTEMPMS_H
0000B8	20A6	CALL DELAY_MS
0000B9	0BF4	DECFSZ SYSWAITTEMPS, F
0000BA	28B4	GOTO DS_START
0000BB	0008	RETURN


		INITSYS
0000BC	3060	MOVLW 96
000000	0151	BANKSEL OSCCON1
0000BE	008D	MOVWF OSCCON1
0000BF	018F	CLRF OSCCON3
0000C0	0191	CLRF OSCEN
0000C1	0192	CLRF OSCTUNE
0000C2	3006	MOVLW 6
0000C3	0093	MOVWF OSCFRQ
000000	0142	BANKSEL ADCON0
0000C5	1111	BCF ADCON0,ADFM0
0000C6	1391	BCF ADCON0,ADON
000000	017E	BANKSEL ANSELA
0000C8	01B8	CLRF ANSELA
0000C9	01C3	CLRF ANSELB
0000CA	01CE	CLRF ANSELC
000000	0153	BANKSEL CM2CON0
0000CC	1394	BCF CM2CON0,C2EN
0000CD	1390	BCF CM1CON0,C1EN
000000	0140	BANKSEL PORTA
0000CF	018C	CLRF PORTA
0000D0	018D	CLRF PORTB
0000D1	018E	CLRF PORTC
0000D2	0008	RETURN


		NCO1_INITIALIZE
000000	014B	BANKSEL NCO1CON
0000D4	0192	CLRF NCO1CON
0000D5	3006	MOVLW 6
0000D6	0093	MOVWF NCO1CLK
0000D7	018E	CLRF NCO1ACCU
0000D8	018D	CLRF NCO1ACCH
0000D9	018C	CLRF NCO1ACCL
000000	0140	BANKSEL INC_VAL_U
0000DB	0822	MOVF INC_VAL_U,W
000000	014B	BANKSEL NCO1INCU
0000DD	0091	MOVWF NCO1INCU
000000	0140	BANKSEL INC_VAL_H
0000DF	0821	MOVF INC_VAL_H,W
000000	014B	BANKSEL NCO1INCH
0000E1	0090	MOVWF NCO1INCH
000000	0140	BANKSEL INC_VAL
0000E3	0820	MOVF INC_VAL,W
000000	014B	BANKSEL NCO1INCL
0000E5	008F	MOVWF NCO1INCL
0000E6	1792	BSF NCO1CON,NCO1EN
000000	0140	BANKSEL STATUS
0000E8	0008	RETURN


		PIN_MANAGER_INITIALIZE
0000E9	0198	CLRF LATA
0000EA	0199	CLRF LATB
0000EB	019A	CLRF LATC
0000EC	303B	MOVLW 59
0000ED	0092	MOVWF TRISA
0000EE	30F0	MOVLW 240
0000EF	0093	MOVWF TRISB
0000F0	30F7	MOVLW 247
0000F1	0094	MOVWF TRISC
0000F2	30FF	MOVLW 255
000000	017E	BANKSEL ANSELC
0000F4	00CE	MOVWF ANSELC
0000F5	30F0	MOVLW 240
0000F6	00C3	MOVWF ANSELB
0000F7	3037	MOVLW 55
0000F8	00B8	MOVWF ANSELA
0000F9	01C4	CLRF WPUB
0000FA	01B9	CLRF WPUA
0000FB	01CF	CLRF WPUC
0000FC	01BA	CLRF ODCONA
0000FD	01C5	CLRF ODCONB
0000FE	01D0	CLRF ODCONC
0000FF	3037	MOVLW 55
000100	00BB	MOVWF SLRCONA
000101	30F0	MOVLW 240
000102	00C6	MOVWF SLRCONB
000103	30FF	MOVLW 255
000104	00D1	MOVWF SLRCONC
000105	303F	MOVLW 63
000106	00BC	MOVWF INLVLA
000107	30F0	MOVLW 240
000108	00C7	MOVWF INLVLB
000109	30FF	MOVLW 255
00010A	00D2	MOVWF INLVLC
00010B	3002	MOVLW 2
00010C	00A3	MOVWF RC3PPS
00010D	3001	MOVLW 1
00010E	0092	MOVWF RA2PPS
000000	0140	BANKSEL STATUS
000110	0008	RETURN


		PMD_INITIALIZE
000000	014F	BANKSEL PMD0
000112	0196	CLRF PMD0
000113	0197	CLRF PMD1
000114	0198	CLRF PMD2
000115	0199	CLRF PMD3
000116	019A	CLRF PMD4
000117	019B	CLRF PMD5
000118	019C	CLRF PMD6
000119	019D	CLRF PMD7
000000	0140	BANKSEL STATUS
00011B	0008	RETURN


		TMR6_INITIALIZE
00011C	3008	MOVLW 8
000000	0145	BANKSEL T6CLKCON
00011E	009C	MOVWF T6CLKCON
00011F	3021	MOVLW 33
000120	009B	MOVWF T6HLT
000121	300D	MOVLW 13
000122	009D	MOVWF T6RST
000123	3009	MOVLW 9
000124	0099	MOVWF T6PR
000125	0198	CLRF T6TMR
000000	014E	BANKSEL PIR4
000127	1290	BCF PIR4,TMR6IF
000128	3080	MOVLW 128
000000	0145	BANKSEL T6CON
00012A	009A	MOVWF T6CON
000000	0140	BANKSEL STATUS
00012C	0008	RETURN









