GCASM List File (GCBASIC 0.98.<<>> 2020-07-07 (Windows 64 bit))

Symbols:
-X 	EQU 	30
-Y 	EQU 	26
-Z 	EQU 	18
ACBG 	EQU 	6
ACD 	EQU 	7
ACI 	EQU 	4
ACIC 	EQU 	2
ACIE 	EQU 	3
ACIS0 	EQU 	0
ACIS1 	EQU 	1
ACO 	EQU 	5
ACOE 	EQU 	1
ACPMUX 	EQU 	0
ACSRA 	EQU 	31
ACSRB 	EQU 	30
ADATE 	EQU 	5
ADC0D 	EQU 	0
ADC1D 	EQU 	1
ADC2D 	EQU 	2
ADC3D 	EQU 	3
ADC4D 	EQU 	4
ADC5D 	EQU 	5
ADC6D 	EQU 	6
ADC7D 	EQU 	7
ADCH 	EQU 	26
ADCH0 	EQU 	0
ADCH1 	EQU 	1
ADCH2 	EQU 	2
ADCH3 	EQU 	3
ADCH4 	EQU 	4
ADCH5 	EQU 	5
ADCH6 	EQU 	6
ADCH7 	EQU 	7
ADCL 	EQU 	25
ADCL0 	EQU 	0
ADCL1 	EQU 	1
ADCL2 	EQU 	2
ADCL3 	EQU 	3
ADCL4 	EQU 	4
ADCL5 	EQU 	5
ADCL6 	EQU 	6
ADCL7 	EQU 	7
ADCSRA 	EQU 	29
ADCSRB 	EQU 	28
ADCTEMP 	EQU 	64
ADCTEMP_H 	EQU 	65
ADEN 	EQU 	7
ADIE 	EQU 	3
ADIF 	EQU 	4
ADLAR 	EQU 	7
ADMUX 	EQU 	27
ADPS0 	EQU 	0
ADPS1 	EQU 	1
ADPS2 	EQU 	2
ADREADPORT 	EQU 	66
ADSC 	EQU 	6
ADTS0 	EQU 	0
ADTS1 	EQU 	1
ADTS2 	EQU 	2
AIN0D 	EQU 	0
AIN1D 	EQU 	1
BASPROGRAMEND 	EQU 	62
BASPROGRAMSTART 	EQU 	17
BBMA 	EQU 	0
BBMB 	EQU 	1
C 	EQU 	0
CCP 	EQU 	60
CCP0 	EQU 	0
CCP1 	EQU 	1
CCP2 	EQU 	2
CCP3 	EQU 	3
CCP4 	EQU 	4
CCP5 	EQU 	5
CCP6 	EQU 	6
CCP7 	EQU 	7
CLKMS0 	EQU 	0
CLKMS1 	EQU 	1
CLKMSR 	EQU 	55
CLKPS0 	EQU 	0
CLKPS1 	EQU 	1
CLKPS2 	EQU 	2
CLKPS3 	EQU 	3
CLKPSR 	EQU 	54
COM0A0 	EQU 	6
COM0A1 	EQU 	7
COM0B0 	EQU 	4
COM0B1 	EQU 	5
CS00 	EQU 	0
CS01 	EQU 	1
CS02 	EQU 	2
D10US_START 	EQU 	64
DDRA 	EQU 	1
DDRA0 	EQU 	0
DDRA1 	EQU 	1
DDRA2 	EQU 	2
DDRA3 	EQU 	3
DDRA4 	EQU 	4
DDRA5 	EQU 	5
DDRA6 	EQU 	6
DDRA7 	EQU 	7
DDRB 	EQU 	5
DDRB0 	EQU 	0
DDRB1 	EQU 	1
DDRB2 	EQU 	2
DDRB3 	EQU 	3
DELAYTEMP 	EQU 	r25
DELAYTEMP2 	EQU 	r26
DELAYUS0 	EQU 	65
DELAY_10US 	EQU 	64
DELAY_MS 	EQU 	71
DIDR0 	EQU 	23
DMS_INNER 	EQU 	74
DMS_OUTER 	EQU 	73
DMS_START 	EQU 	72
DOR 	EQU 	3
EICRA 	EQU 	21
EIFR 	EQU 	20
EIMSK 	EQU 	19
EXTRF 	EQU 	1
FE 	EQU 	4
FN_READAD104 	EQU 	96
FOC0A 	EQU 	7
FOC0B 	EQU 	6
GTCCR 	EQU 	47
H 	EQU 	5
I 	EQU 	7
ICES0 	EQU 	6
ICF0 	EQU 	5
ICIE0 	EQU 	5
ICNC0 	EQU 	7
ICR0H 	EQU 	35
ICR0L 	EQU 	34
INITSYS 	EQU 	83
INT0 	EQU 	0
INTF0 	EQU 	0
ISC00 	EQU 	0
ISC01 	EQU 	1
LLADRESULT 	EQU 	25
LLADRESULT_H 	EQU 	26
MPCM 	EQU 	0
MUX0 	EQU 	0
MUX1 	EQU 	1
MUX2 	EQU 	2
N 	EQU 	2
NVMBSY 	EQU 	7
NVMCMD 	EQU 	51
NVMCMD0 	EQU 	0
NVMCMD1 	EQU 	1
NVMCMD2 	EQU 	2
NVMCMD3 	EQU 	3
NVMCMD4 	EQU 	4
NVMCMD5 	EQU 	5
NVMCSR 	EQU 	50
OCF0A 	EQU 	1
OCF0B 	EQU 	2
OCIE0A 	EQU 	1
OCIE0B 	EQU 	2
OCR0AH 	EQU 	39
OCR0AL 	EQU 	38
OCR0BH 	EQU 	37
OCR0BL 	EQU 	36
OSCCAL 	EQU 	57
OSCCAL0 	EQU 	0
OSCCAL1 	EQU 	1
OSCCAL2 	EQU 	2
OSCCAL3 	EQU 	3
OSCCAL4 	EQU 	4
OSCCAL5 	EQU 	5
OSCCAL6 	EQU 	6
OSCCAL7 	EQU 	7
PCICR 	EQU 	18
PCIE0 	EQU 	0
PCIE1 	EQU 	1
PCIF0 	EQU 	0
PCIF1 	EQU 	1
PCIFR 	EQU 	17
PCINT0 	EQU 	0
PCINT1 	EQU 	1
PCINT10 	EQU 	2
PCINT11 	EQU 	3
PCINT2 	EQU 	2
PCINT3 	EQU 	3
PCINT4 	EQU 	4
PCINT5 	EQU 	5
PCINT6 	EQU 	6
PCINT7 	EQU 	7
PCINT8 	EQU 	0
PCINT9 	EQU 	1
PCMSK0 	EQU 	15
PCMSK1 	EQU 	16
PINA 	EQU 	0
PINA0 	EQU 	0
PINA1 	EQU 	1
PINA2 	EQU 	2
PINA3 	EQU 	3
PINA4 	EQU 	4
PINA5 	EQU 	5
PINA6 	EQU 	6
PINA7 	EQU 	7
PINB 	EQU 	4
PINB0 	EQU 	0
PINB1 	EQU 	1
PINB2 	EQU 	2
PINB3 	EQU 	3
PORF 	EQU 	0
PORTA 	EQU 	2
PORTA0 	EQU 	0
PORTA1 	EQU 	1
PORTA2 	EQU 	2
PORTA3 	EQU 	3
PORTA4 	EQU 	4
PORTA5 	EQU 	5
PORTA6 	EQU 	6
PORTA7 	EQU 	7
PORTB 	EQU 	6
PORTB0 	EQU 	0
PORTB1 	EQU 	1
PORTB2 	EQU 	2
PORTB3 	EQU 	3
PORTCR 	EQU 	22
PRADC 	EQU 	1
PRR 	EQU 	53
PRTIM0 	EQU 	0
PRUSART 	EQU 	2
PSR 	EQU 	0
PUEA 	EQU 	3
PUEA0 	EQU 	0
PUEA1 	EQU 	1
PUEA2 	EQU 	2
PUEA3 	EQU 	3
PUEA4 	EQU 	4
PUEA5 	EQU 	5
PUEA6 	EQU 	6
PUEA7 	EQU 	7
PUEB 	EQU 	7
PUEB0 	EQU 	0
PUEB1 	EQU 	1
PUEB2 	EQU 	2
PUEB3 	EQU 	3
RAMEND 	EQU 	95
READAD10 	EQU 	67
READAD10_H 	EQU 	68
REFS0 	EQU 	6
REFS1 	EQU 	7
REMAP 	EQU 	1
RSTFLR 	EQU 	59
RXB8 	EQU 	1
RXC 	EQU 	7
RXCIE 	EQU 	7
RXEN 	EQU 	4
RXS 	EQU 	6
RXSIE 	EQU 	7
S 	EQU 	4
SE 	EQU 	0
SFDE 	EQU 	5
SM0 	EQU 	1
SM1 	EQU 	2
SM2 	EQU 	3
SMCR 	EQU 	58
SPH 	EQU 	62
SPL 	EQU 	61
SREG 	EQU 	63
SREG_C 	EQU 	0
SREG_H 	EQU 	5
SREG_I 	EQU 	7
SREG_N 	EQU 	2
SREG_S 	EQU 	4
SREG_T 	EQU 	6
SREG_V 	EQU 	3
SREG_Z 	EQU 	1
SYSDOLOOP_E1 	EQU 	62
SYSDOLOOP_S1 	EQU 	43
SYSREADAD10WORD 	EQU 	67
SYSREADAD10WORD_H 	EQU 	68
SYSTEMP1 	EQU 	r16
SYSTEMP2 	EQU 	r17
SYSVALUECOPY 	EQU 	r21
SYSWAITLOOP1 	EQU 	105
SYSWAITTEMP10US 	EQU 	r27
SYSWAITTEMPMS 	EQU 	r29
SYSWAITTEMPMS_H 	EQU 	r30
T 	EQU 	6
TCCR0A 	EQU 	46
TCCR0B 	EQU 	45
TCCR0C 	EQU 	44
TCNT0H 	EQU 	41
TCNT0L 	EQU 	40
TIFR0 	EQU 	42
TIMSK0 	EQU 	43
TOIE0 	EQU 	0
TOV0 	EQU 	0
TSM 	EQU 	7
TXB8 	EQU 	0
TXC 	EQU 	6
TXCIE 	EQU 	6
TXEN 	EQU 	3
U2X 	EQU 	1
UBRRH 	EQU 	10
UBRRL 	EQU 	9
UCPOL 	EQU 	0
UCSRA 	EQU 	14
UCSRB 	EQU 	13
UCSRC 	EQU 	12
UCSRD 	EQU 	11
UCSZ0 	EQU 	1
UCSZ1 	EQU 	2
UCSZ2 	EQU 	2
UDR 	EQU 	8
UDR0 	EQU 	0
UDR1 	EQU 	1
UDR2 	EQU 	2
UDR3 	EQU 	3
UDR4 	EQU 	4
UDR5 	EQU 	5
UDR6 	EQU 	6
UDR7 	EQU 	7
UDRE 	EQU 	5
UDRIE 	EQU 	5
UMSEL0 	EQU 	6
UMSEL1 	EQU 	7
UPE 	EQU 	2
UPM0 	EQU 	4
UPM1 	EQU 	5
USBS 	EQU 	3
V 	EQU 	3
VLM0 	EQU 	0
VLM1 	EQU 	1
VLM2 	EQU 	2
VLMCSR 	EQU 	52
VLMF 	EQU 	7
VLMIE 	EQU 	6
WDE 	EQU 	3
WDIE 	EQU 	6
WDIF 	EQU 	7
WDP0 	EQU 	0
WDP1 	EQU 	1
WDP2 	EQU 	2
WDP3 	EQU 	5
WDRF 	EQU 	3
WDTCSR 	EQU 	49
WGM00 	EQU 	0
WGM01 	EQU 	1
WGM02 	EQU 	3
WGM03 	EQU 	4
X 	EQU 	28
X+ 	EQU 	29
Y 	EQU 	8
Y+ 	EQU 	25
Z 	EQU 	1
Z+ 	EQU 	17
rZ 	EQU 	0

Code:
Loc	Obj Code	Original Assembly

000000	C010	RJMP BASPROGRAMSTART

000001	9518	RETI

000002	9518	RETI

000003	9518	RETI

000004	9518	RETI

000005	9518	RETI

000006	9518	RETI

000007	9518	RETI

000008	9518	RETI

000009	9518	RETI

00000A	9518	RETI

00000B	9518	RETI

00000D	9518	RETI

00000E	9518	RETI

00000F	9518	RETI



		BASPROGRAMSTART
000011	E050	LDI SYSVALUECOPY,HIGH(RAMEND)
000012	BF5E	OUT SPH, SYSVALUECOPY
000013	E55F	LDI SYSVALUECOPY,LOW(RAMEND)
000014	BF5D	OUT SPL, SYSVALUECOPY
000015	D03D	RCALL INITSYS
000016	9A2A	SBI DDRB,2

000017	9A29	SBI DDRB,1
000018	B55E	IN SYSVALUECOPY,TCCR0A
000019	6850	SBR SYSVALUECOPY,1<<COM0A1
00001A	BD5E	OUT TCCR0A,SYSVALUECOPY
00001B	B55E	IN SYSVALUECOPY,TCCR0A
00001C	7B5F	CBR SYSVALUECOPY,1<<COM0A0
00001D	BD5E	OUT TCCR0A,SYSVALUECOPY
00001E	B55E	IN SYSVALUECOPY,TCCR0A
00001F	6051	SBR SYSVALUECOPY,1<<WGM00
000020	BD5E	OUT TCCR0A,SYSVALUECOPY
000021	B55E	IN SYSVALUECOPY,TCCR0A
000022	6052	SBR SYSVALUECOPY,1<<WGM01
000023	BD5E	OUT TCCR0A,SYSVALUECOPY
000024	B55D	IN SYSVALUECOPY,TCCR0B
000025	6058	SBR SYSVALUECOPY,1<<WGM02
000026	BD5D	OUT TCCR0B,SYSVALUECOPY
000027	E002	LDI SYSTEMP1,2
000028	B51D	IN SYSTEMP2,TCCR0B
000029	2B10	OR SYSTEMP2,SYSTEMP1
00002A	BD1D	OUT TCCR0B,SYSTEMP2
		SYSDOLOOP_S1
00002B	E057	LDI SYSVALUECOPY,7
00002C	A952	STS ADREADPORT,SYSVALUECOPY
00002D	D032	RCALL FN_READAD104
00002E	A153	LDS SYSVALUECOPY,SYSREADAD10WORD
00002F	A950	STS ADCTEMP,SYSVALUECOPY
000030	A154	LDS SYSVALUECOPY,SYSREADAD10WORD_H
000031	A951	STS ADCTEMP_H,SYSVALUECOPY
000032	BD57	OUT OCR0AH,SYSVALUECOPY
000033	A150	LDS SYSVALUECOPY,ADCTEMP
000034	BD56	OUT OCR0AL,SYSVALUECOPY
000035	9A32	SBI PORTB,2
000036	E3D2	LDI SYSWAITTEMPMS,50
000037	E0E0	LDI SYSWAITTEMPMS_H,0
000038	D00E	RCALL DELAY_MS
000039	9832	CBI PORTB,2
00003A	E6D4	LDI SYSWAITTEMPMS,100
00003B	E0E0	LDI SYSWAITTEMPMS_H,0
00003C	D00A	RCALL DELAY_MS
00003D	CFED	RJMP SYSDOLOOP_S1
		SYSDOLOOP_E1
		BASPROGRAMEND
00003E	9588	SLEEP
00003F	CFFE	RJMP BASPROGRAMEND


		DELAY_10US
		D10US_START
000040	E199	LDI DELAYTEMP,25
		DELAYUS0
000041	959A	DEC DELAYTEMP
000042	F7F1	BRNE DELAYUS0
000043	C000	RJMP PC + 1
000044	95BA	DEC SYSWAITTEMP10US
000045	F7D1	BRNE D10US_START
000046	9508	RET


		DELAY_MS
000047	95E3	INC SYSWAITTEMPMS_H
		DMS_START
000048	E7AF	LDI DELAYTEMP2,127
		DMS_OUTER
000049	E194	LDI DELAYTEMP,20
		DMS_INNER
00004A	959A	DEC DELAYTEMP
00004B	F7F1	BRNE DMS_INNER
00004C	95AA	DEC DELAYTEMP2
00004D	F7D9	BRNE DMS_OUTER
00004E	95DA	DEC SYSWAITTEMPMS
00004F	F7C1	BRNE DMS_START
000050	95EA	DEC SYSWAITTEMPMS_H
000051	F7B1	BRNE DMS_START
000052	9508	RET


		INITSYS
000053	ED58	LDI SYSVALUECOPY,216
000054	BF5C	OUT CCP,SYSVALUECOPY
000055	E050	LDI SYSVALUECOPY,0
000056	BF57	OUT CLKMSR,SYSVALUECOPY
000057	ED58	LDI SYSVALUECOPY,216
000058	BF5C	OUT CCP,SYSVALUECOPY
000059	E050	LDI SYSVALUECOPY,0
00005A	BF56	OUT CLKPSR,SYSVALUECOPY
00005B	E050	LDI SYSVALUECOPY,0
00005C	B952	OUT PORTA,SYSVALUECOPY
00005D	E050	LDI SYSVALUECOPY,0
00005E	B956	OUT PORTB,SYSVALUECOPY
00005F	9508	RET


		FN_READAD104
000060	A152	LDS SYSVALUECOPY,ADREADPORT
000061	BB5B	OUT ADMUX,SYSVALUECOPY
000062	98E7	CBI ADCSRB,ADLAR
000063	9AEA	SBI ADCSRA,ADPS2
000064	98E9	CBI ADCSRA,ADPS1
000065	E0B2	LDI SYSWAITTEMP10US,2
000066	DFD9	RCALL DELAY_10US
000067	9AEF	SBI ADCSRA,ADEN
000068	9AEE	SBI ADCSRA,ADSC
		SYSWAITLOOP1
000069	99EE	SBIC ADCSRA,ADSC
00006A	CFFE	RJMP SYSWAITLOOP1
00006B	98EF	CBI ADCSRA,ADEN
00006C	B359	IN SYSVALUECOPY,LLADRESULT
00006D	A953	STS READAD10,SYSVALUECOPY
00006E	B35A	IN SYSVALUECOPY,LLADRESULT_H
00006F	A954	STS READAD10_H,SYSVALUECOPY
000070	9508	RET


