GCASM List File (GCBASIC 0.98.00 RC01 2017-08-25)

Symbols:
A 	EQU 	0
ABDEN 	EQU 	0
ABDOVF 	EQU 	7
ACCESS 	EQU 	0
ACKDT 	EQU 	5
ACKEN 	EQU 	4
ACKSTAT 	EQU 	6
ACKTIM 	EQU 	7
ACQT0 	EQU 	3
ACQT1 	EQU 	4
ACQT2 	EQU 	5
ADCMD 	EQU 	0
ADCON0 	EQU 	4034
ADCON0_GO_DONE 	EQU 	1
ADCON1 	EQU 	4033
ADCON2 	EQU 	4032
ADCS0 	EQU 	0
ADCS1 	EQU 	1
ADCS2 	EQU 	2
ADDEN 	EQU 	3
ADDEN1 	EQU 	3
ADDEN2 	EQU 	3
ADEN 	EQU 	3
ADFM 	EQU 	7
ADIE 	EQU 	6
ADIF 	EQU 	6
ADIP 	EQU 	6
ADON 	EQU 	0
ADRES 	EQU 	4035
ADRESH 	EQU 	4036
ADRESL 	EQU 	4035
AHEN 	EQU 	1
AN0 	EQU 	0
AN1 	EQU 	1
AN10 	EQU 	1
AN11 	EQU 	4
AN12 	EQU 	0
AN13 	EQU 	5
AN14 	EQU 	2
AN15 	EQU 	3
AN16 	EQU 	4
AN17 	EQU 	5
AN18 	EQU 	6
AN19 	EQU 	7
AN2 	EQU 	2
AN3 	EQU 	3
AN4 	EQU 	5
AN8 	EQU 	2
AN9 	EQU 	3
ANSA0 	EQU 	0
ANSA1 	EQU 	1
ANSA2 	EQU 	2
ANSA3 	EQU 	3
ANSA5 	EQU 	5
ANSB0 	EQU 	0
ANSB1 	EQU 	1
ANSB2 	EQU 	2
ANSB3 	EQU 	3
ANSB4 	EQU 	4
ANSB5 	EQU 	5
ANSC2 	EQU 	2
ANSC3 	EQU 	3
ANSC4 	EQU 	4
ANSC5 	EQU 	5
ANSC6 	EQU 	6
ANSC7 	EQU 	7
ANSELA 	EQU 	3896
ANSELB 	EQU 	3897
ANSELC 	EQU 	3898
B 	EQU 	1
BANKED 	EQU 	1
BASPROGRAMEND 	EQU 	38
BASPROGRAMSTART 	EQU 	12
BAUD1CON 	EQU 	4024
BAUD2CON 	EQU 	3952
BAUD2CON_ABDEN 	EQU 	0
BAUD2CON_ABDOVF 	EQU 	7
BAUD2CON_BRG16 	EQU 	3
BAUD2CON_CKTXP 	EQU 	4
BAUD2CON_DTRXP 	EQU 	5
BAUD2CON_RCIDL 	EQU 	6
BAUD2CON_SCKP 	EQU 	4
BAUD2CON_WUE 	EQU 	1
BAUDCON 	EQU 	4024
BAUDCON1 	EQU 	4024
BAUDCON1_ABDEN 	EQU 	0
BAUDCON1_ABDOVF 	EQU 	7
BAUDCON1_BRG16 	EQU 	3
BAUDCON1_CKTXP 	EQU 	4
BAUDCON1_DTRXP 	EQU 	5
BAUDCON1_RCIDL 	EQU 	6
BAUDCON1_SCKP 	EQU 	4
BAUDCON1_WUE 	EQU 	1
BAUDCON2 	EQU 	3952
BAUDCON2_ABDEN 	EQU 	0
BAUDCON2_ABDOVF 	EQU 	7
BAUDCON2_BRG16 	EQU 	3
BAUDCON2_CKTXP 	EQU 	4
BAUDCON2_DTRXP 	EQU 	5
BAUDCON2_RCIDL 	EQU 	6
BAUDCON2_SCKP 	EQU 	4
BAUDCON2_WUE 	EQU 	1
BAUDCON_ABDEN 	EQU 	0
BAUDCON_ABDOVF 	EQU 	7
BAUDCON_BRG16 	EQU 	3
BAUDCON_CKTXP 	EQU 	4
BAUDCON_DTRXP 	EQU 	5
BAUDCON_RCIDL 	EQU 	6
BAUDCON_SCKP 	EQU 	4
BAUDCON_WUE 	EQU 	1
BAUDCTL 	EQU 	4024
BAUDCTL_ABDEN 	EQU 	0
BAUDCTL_ABDOVF 	EQU 	7
BAUDCTL_BRG16 	EQU 	3
BAUDCTL_CKTXP 	EQU 	4
BAUDCTL_DTRXP 	EQU 	5
BAUDCTL_RCIDL 	EQU 	6
BAUDCTL_SCKP 	EQU 	4
BAUDCTL_WUE 	EQU 	1
BCL1IE 	EQU 	3
BCL1IF 	EQU 	3
BCL1IP 	EQU 	3
BCL2IE 	EQU 	6
BCL2IF 	EQU 	6
BCL2IP 	EQU 	6
BCLIE 	EQU 	3
BCLIF 	EQU 	3
BCLIP 	EQU 	3
BF 	EQU 	0
BGST 	EQU 	5
BGVST 	EQU 	6
BOEN 	EQU 	4
BOR 	EQU 	0
BRG16 	EQU 	3
BRGH 	EQU 	2
BRGH1 	EQU 	2
BRGH2 	EQU 	2
BSR 	EQU 	4064
C 	EQU 	0
C12IN0M 	EQU 	0
C12IN0N 	EQU 	0
C12IN1M 	EQU 	1
C12IN1N 	EQU 	1
C12IN2M 	EQU 	3
C12IN2N 	EQU 	3
C12IN3M 	EQU 	1
C12IN3N 	EQU 	1
C1CH0 	EQU 	0
C1CH1 	EQU 	1
C1HYS 	EQU 	3
C1IE 	EQU 	6
C1IF 	EQU 	6
C1INP 	EQU 	3
C1IP 	EQU 	6
C1OE 	EQU 	5
C1ON 	EQU 	7
C1OUT_CM1CON 	EQU 	6
C1OUT_CM1CON0 	EQU 	6
C1OUT_PORTA 	EQU 	4
C1POL 	EQU 	4
C1R 	EQU 	2
C1RSEL 	EQU 	5
C1SP 	EQU 	3
C1SYNC 	EQU 	1
C1TSEL0 	EQU 	0
C1TSEL1 	EQU 	1
C2CH0 	EQU 	0
C2CH1 	EQU 	1
C2HYS 	EQU 	2
C2IE 	EQU 	5
C2IF 	EQU 	5
C2INP 	EQU 	2
C2IP 	EQU 	5
C2OE 	EQU 	5
C2ON 	EQU 	7
C2OUT_CM2CON 	EQU 	6
C2OUT_CM2CON0 	EQU 	6
C2OUT_PORTA 	EQU 	5
C2POL 	EQU 	4
C2R 	EQU 	2
C2RSEL 	EQU 	4
C2SP 	EQU 	3
C2SYNC 	EQU 	0
C2TSEL0 	EQU 	3
C2TSEL1 	EQU 	4
C3TSEL0 	EQU 	6
C3TSEL1 	EQU 	7
C4TSEL0 	EQU 	0
C4TSEL1 	EQU 	1
C5TSEL0 	EQU 	2
C5TSEL1 	EQU 	3
CCP1 	EQU 	2
CCP1AS0 	EQU 	4
CCP1AS1 	EQU 	5
CCP1AS2 	EQU 	6
CCP1ASE 	EQU 	7
CCP1CON 	EQU 	4029
CCP1IE 	EQU 	2
CCP1IF 	EQU 	2
CCP1IP 	EQU 	2
CCP1M0 	EQU 	0
CCP1M1 	EQU 	1
CCP1M2 	EQU 	2
CCP1M3 	EQU 	3
CCP1MD 	EQU 	0
CCP2AS 	EQU 	3940
CCP2AS0 	EQU 	4
CCP2AS1 	EQU 	5
CCP2AS2 	EQU 	6
CCP2ASE 	EQU 	7
CCP2CON 	EQU 	3942
CCP2IE 	EQU 	0
CCP2IF 	EQU 	0
CCP2IP 	EQU 	0
CCP2M0 	EQU 	0
CCP2M1 	EQU 	1
CCP2M2 	EQU 	2
CCP2M3 	EQU 	3
CCP2MD 	EQU 	1
CCP2_PORTB 	EQU 	3
CCP2_PORTC 	EQU 	1
CCP3AS 	EQU 	3931
CCP3AS0 	EQU 	4
CCP3AS1 	EQU 	5
CCP3AS2 	EQU 	6
CCP3ASE 	EQU 	7
CCP3CON 	EQU 	3933
CCP3IE 	EQU 	0
CCP3IF 	EQU 	0
CCP3IP 	EQU 	0
CCP3M0 	EQU 	0
CCP3M1 	EQU 	1
CCP3M2 	EQU 	2
CCP3M3 	EQU 	3
CCP3MD 	EQU 	2
CCP3_PORTB 	EQU 	5
CCP3_PORTC 	EQU 	6
CCP4 	EQU 	0
CCP4CON 	EQU 	3927
CCP4IE 	EQU 	1
CCP4IF 	EQU 	1
CCP4IP 	EQU 	1
CCP4M0 	EQU 	0
CCP4M1 	EQU 	1
CCP4M2 	EQU 	2
CCP4M3 	EQU 	3
CCP4MD 	EQU 	3
CCP5 	EQU 	4
CCP5CON 	EQU 	3924
CCP5IE 	EQU 	2
CCP5IF 	EQU 	2
CCP5IP 	EQU 	2
CCP5M0 	EQU 	0
CCP5M1 	EQU 	1
CCP5M2 	EQU 	2
CCP5M3 	EQU 	3
CCP5MD 	EQU 	4
CCPR1 	EQU 	4030
CCPR1H 	EQU 	4031
CCPR1L 	EQU 	4030
CCPR2 	EQU 	3943
CCPR2H 	EQU 	3944
CCPR2L 	EQU 	3943
CCPR3 	EQU 	3934
CCPR3H 	EQU 	3935
CCPR3L 	EQU 	3934
CCPR4 	EQU 	3928
CCPR4H 	EQU 	3929
CCPR4L 	EQU 	3928
CCPR5 	EQU 	3925
CCPR5H 	EQU 	3926
CCPR5L 	EQU 	3925
CCPTMRS0 	EQU 	3913
CCPTMRS1 	EQU 	3912
CFGS 	EQU 	6
CHS0 	EQU 	2
CHS1 	EQU 	3
CHS2 	EQU 	4
CHS3 	EQU 	5
CHS4 	EQU 	6
CK 	EQU 	6
CK1 	EQU 	6
CK2 	EQU 	6
CKE 	EQU 	6
CKP 	EQU 	4
CKTXP 	EQU 	4
CM12CON 	EQU 	3959
CM1CON 	EQU 	3961
CM1CON0 	EQU 	3961
CM1CON0_C1CH0 	EQU 	0
CM1CON0_C1CH1 	EQU 	1
CM1CON0_C1OE 	EQU 	5
CM1CON0_C1ON 	EQU 	7
CM1CON0_C1POL 	EQU 	4
CM1CON0_C1R 	EQU 	2
CM1CON0_C1SP 	EQU 	3
CM2CON 	EQU 	3960
CM2CON0 	EQU 	3960
CM2CON0_C2CH0 	EQU 	0
CM2CON0_C2CH1 	EQU 	1
CM2CON0_C2OE 	EQU 	5
CM2CON0_C2ON 	EQU 	7
CM2CON0_C2POL 	EQU 	4
CM2CON0_C2R 	EQU 	2
CM2CON0_C2SP 	EQU 	3
CM2CON1 	EQU 	3959
CM2CON1_C1HYS 	EQU 	3
CM2CON1_C1RSEL 	EQU 	5
CM2CON1_C1SYNC 	EQU 	1
CM2CON1_C2HYS 	EQU 	2
CM2CON1_C2RSEL 	EQU 	4
CM2CON1_C2SYNC 	EQU 	0
CM2CON1_MC1OUT 	EQU 	7
CM2CON1_MC2OUT 	EQU 	6
CMP1MD 	EQU 	1
CMP2MD 	EQU 	2
CREN 	EQU 	4
CREN1 	EQU 	4
CREN2 	EQU 	4
CSRC 	EQU 	7
CSRC1 	EQU 	7
CSRC2 	EQU 	7
CTED1 	EQU 	2
CTED2 	EQU 	3
CTMUCON0 	EQU 	3909
CTMUCON1 	EQU 	3908
CTMUCONH 	EQU 	3909
CTMUCONH_CTMUEN 	EQU 	7
CTMUCONH_CTMUSIDL 	EQU 	5
CTMUCONH_CTTRIG 	EQU 	0
CTMUCONH_EDGEN 	EQU 	3
CTMUCONH_EDGSEQEN 	EQU 	2
CTMUCONH_IDISSEN 	EQU 	1
CTMUCONH_TGEN 	EQU 	4
CTMUCONL 	EQU 	3908
CTMUCONL_EDG1POL 	EQU 	4
CTMUCONL_EDG1SEL0 	EQU 	2
CTMUCONL_EDG1SEL1 	EQU 	3
CTMUCONL_EDG1STAT 	EQU 	0
CTMUCONL_EDG2POL 	EQU 	7
CTMUCONL_EDG2SEL0 	EQU 	5
CTMUCONL_EDG2SEL1 	EQU 	6
CTMUCONL_EDG2STAT 	EQU 	1
CTMUEN 	EQU 	7
CTMUICON 	EQU 	3907
CTMUICONH 	EQU 	3907
CTMUICONH_IRNG0 	EQU 	0
CTMUICONH_IRNG1 	EQU 	1
CTMUICONH_ITRIM0 	EQU 	2
CTMUICONH_ITRIM1 	EQU 	3
CTMUICONH_ITRIM2 	EQU 	4
CTMUICONH_ITRIM3 	EQU 	5
CTMUICONH_ITRIM4 	EQU 	6
CTMUICONH_ITRIM5 	EQU 	7
CTMUIE 	EQU 	3
CTMUIF 	EQU 	3
CTMUIP 	EQU 	3
CTMUMD 	EQU 	3
CTMUSIDL 	EQU 	5
CTPLS 	EQU 	2
CTTRIG 	EQU 	0
CVREF 	EQU 	2
D 	EQU 	5
DACCON0 	EQU 	3905
DACCON0_DACEN 	EQU 	7
DACCON0_DACLPS 	EQU 	6
DACCON0_DACNSS 	EQU 	0
DACCON0_DACOE 	EQU 	5
DACCON0_DACPSS0 	EQU 	2
DACCON0_DACPSS1 	EQU 	3
DACCON1 	EQU 	3904
DACEN 	EQU 	7
DACLPS 	EQU 	6
DACNSS 	EQU 	0
DACOE 	EQU 	5
DACOUT 	EQU 	2
DACPSS0 	EQU 	2
DACPSS1 	EQU 	3
DACR0 	EQU 	0
DACR1 	EQU 	1
DACR2 	EQU 	2
DACR3 	EQU 	3
DACR4 	EQU 	4
DC 	EQU 	1
DC1B0 	EQU 	4
DC1B1 	EQU 	5
DC2B0 	EQU 	4
DC2B1 	EQU 	5
DC3B0 	EQU 	4
DC3B1 	EQU 	5
DC4B0 	EQU 	4
DC4B1 	EQU 	5
DC5B0 	EQU 	4
DC5B1 	EQU 	5
DDRA 	EQU 	3986
DDRA_RA0 	EQU 	0
DDRA_RA1 	EQU 	1
DDRA_RA2 	EQU 	2
DDRA_RA3 	EQU 	3
DDRA_RA4 	EQU 	4
DDRA_RA5 	EQU 	5
DDRA_RA6 	EQU 	6
DDRA_RA7 	EQU 	7
DDRB 	EQU 	3987
DDRB_RB0 	EQU 	0
DDRB_RB1 	EQU 	1
DDRB_RB2 	EQU 	2
DDRB_RB3 	EQU 	3
DDRB_RB4 	EQU 	4
DDRB_RB5 	EQU 	5
DDRB_RB6 	EQU 	6
DDRB_RB7 	EQU 	7
DDRC 	EQU 	3988
DDRC_RC0 	EQU 	0
DDRC_RC1 	EQU 	1
DDRC_RC2 	EQU 	2
DDRC_RC3 	EQU 	3
DDRC_RC4 	EQU 	4
DDRC_RC5 	EQU 	5
DDRC_RC6 	EQU 	6
DDRC_RC7 	EQU 	7
DELAYTEMP 	EQU 	0
DELAYTEMP2 	EQU 	1
DELAY_MS 	EQU 	42
DHEN 	EQU 	0
DMS_INNER 	EQU 	52
DMS_OUTER 	EQU 	48
DMS_START 	EQU 	44
DONE 	EQU 	1
DT1 	EQU 	7
DT2 	EQU 	7
DTRXP 	EQU 	5
D_A 	EQU 	5
D_NOT_A 	EQU 	5
ECCP1AS 	EQU 	4022
ECCP2AS 	EQU 	3940
ECCP2AS_CCP2AS0 	EQU 	4
ECCP2AS_CCP2AS1 	EQU 	5
ECCP2AS_CCP2AS2 	EQU 	6
ECCP2AS_CCP2ASE 	EQU 	7
ECCP2AS_P2SSAC0 	EQU 	2
ECCP2AS_P2SSAC1 	EQU 	3
ECCP2AS_P2SSBD0 	EQU 	0
ECCP2AS_P2SSBD1 	EQU 	1
ECCP2AS_PSS2AC0 	EQU 	2
ECCP2AS_PSS2AC1 	EQU 	3
ECCP2AS_PSS2BD0 	EQU 	0
ECCP2AS_PSS2BD1 	EQU 	1
ECCP3AS 	EQU 	3931
ECCP3AS_CCP3AS0 	EQU 	4
ECCP3AS_CCP3AS1 	EQU 	5
ECCP3AS_CCP3AS2 	EQU 	6
ECCP3AS_CCP3ASE 	EQU 	7
ECCP3AS_P3SSAC0 	EQU 	2
ECCP3AS_P3SSAC1 	EQU 	3
ECCP3AS_P3SSBD0 	EQU 	0
ECCP3AS_P3SSBD1 	EQU 	1
ECCP3AS_PSS3AC0 	EQU 	2
ECCP3AS_PSS3AC1 	EQU 	3
ECCP3AS_PSS3BD0 	EQU 	0
ECCP3AS_PSS3BD1 	EQU 	1
ECCPAS 	EQU 	4022
ECCPAS0 	EQU 	4
ECCPAS1 	EQU 	5
ECCPAS2 	EQU 	6
ECCPASE 	EQU 	7
ECCPAS_CCP1AS0 	EQU 	4
ECCPAS_CCP1AS1 	EQU 	5
ECCPAS_CCP1AS2 	EQU 	6
ECCPAS_CCP1ASE 	EQU 	7
ECCPAS_ECCPAS0 	EQU 	4
ECCPAS_ECCPAS1 	EQU 	5
ECCPAS_ECCPAS2 	EQU 	6
ECCPAS_ECCPASE 	EQU 	7
ECCPAS_P1SSAC0 	EQU 	2
ECCPAS_P1SSAC1 	EQU 	3
ECCPAS_P1SSBD0 	EQU 	0
ECCPAS_P1SSBD1 	EQU 	1
ECCPAS_PSS1AC0 	EQU 	2
ECCPAS_PSS1AC1 	EQU 	3
ECCPAS_PSS1BD0 	EQU 	0
ECCPAS_PSS1BD1 	EQU 	1
ECCPAS_PSSAC0 	EQU 	2
ECCPAS_PSSAC1 	EQU 	3
ECCPAS_PSSBD0 	EQU 	0
ECCPAS_PSSBD1 	EQU 	1
EDG1POL 	EQU 	4
EDG1SEL0 	EQU 	2
EDG1SEL1 	EQU 	3
EDG1STAT 	EQU 	0
EDG2POL 	EQU 	7
EDG2SEL0 	EQU 	5
EDG2SEL1 	EQU 	6
EDG2STAT 	EQU 	1
EDGEN 	EQU 	3
EDGSEQEN 	EQU 	2
EEADR 	EQU 	4009
EEADR0 	EQU 	0
EEADR1 	EQU 	1
EEADR2 	EQU 	2
EEADR3 	EQU 	3
EEADR4 	EQU 	4
EEADR5 	EQU 	5
EEADR6 	EQU 	6
EEADR7 	EQU 	7
EEADR8 	EQU 	0
EEADR9 	EQU 	1
EEADRH 	EQU 	4010
EECON1 	EQU 	4006
EECON2 	EQU 	4007
EEDATA 	EQU 	4008
EEIE 	EQU 	4
EEIF 	EQU 	4
EEIP 	EQU 	4
EEPGD 	EQU 	7
F 	EQU 	1
FERR 	EQU 	2
FERR1 	EQU 	2
FERR2 	EQU 	2
FLT0 	EQU 	0
FREE 	EQU 	4
FSR0H 	EQU 	4074
FSR0L 	EQU 	4073
FSR1H 	EQU 	4066
FSR1L 	EQU 	4065
FSR2H 	EQU 	4058
FSR2L 	EQU 	4057
FVRCON 	EQU 	3906
FVREN 	EQU 	7
FVRS0 	EQU 	4
FVRS1 	EQU 	5
FVRST 	EQU 	6
GCEN 	EQU 	7
GIE 	EQU 	7
GIEH 	EQU 	7
GIEL 	EQU 	6
GIE_GIEH 	EQU 	7
GO 	EQU 	1
GO_DONE 	EQU 	1
GO_NOT_DONE 	EQU 	1
HFIOFS 	EQU 	2
HLVDCON 	EQU 	3996
HLVDEN 	EQU 	4
HLVDIE 	EQU 	2
HLVDIF 	EQU 	2
HLVDIN 	EQU 	5
HLVDIP 	EQU 	2
HLVDL0 	EQU 	0
HLVDL1 	EQU 	1
HLVDL2 	EQU 	2
HLVDL3 	EQU 	3
IDISSEN 	EQU 	1
IDLEN 	EQU 	7
INDF0 	EQU 	4079
INDF1 	EQU 	4071
INDF2 	EQU 	4063
INITSYS 	EQU 	70
INT0 	EQU 	0
INT0E 	EQU 	4
INT0F 	EQU 	1
INT0IE 	EQU 	4
INT0IF 	EQU 	1
INT1 	EQU 	1
INT1E 	EQU 	3
INT1F 	EQU 	0
INT1IE 	EQU 	3
INT1IF 	EQU 	0
INT1IP 	EQU 	6
INT1P 	EQU 	6
INT2 	EQU 	2
INT2E 	EQU 	4
INT2F 	EQU 	1
INT2IE 	EQU 	4
INT2IF 	EQU 	1
INT2IP 	EQU 	7
INT2P 	EQU 	7
INTCON 	EQU 	4082
INTCON2 	EQU 	4081
INTCON3 	EQU 	4080
INTEDG0 	EQU 	6
INTEDG1 	EQU 	5
INTEDG2 	EQU 	4
INTSRC 	EQU 	7
IOCB 	EQU 	3938
IOCB4 	EQU 	4
IOCB5 	EQU 	5
IOCB6 	EQU 	6
IOCB7 	EQU 	7
IOFS 	EQU 	2
IPEN 	EQU 	7
IPR1 	EQU 	3999
IPR2 	EQU 	4002
IPR3 	EQU 	4005
IPR4 	EQU 	3964
IPR5 	EQU 	3967
IRCF0 	EQU 	4
IRCF1 	EQU 	5
IRCF2 	EQU 	6
IRNG0 	EQU 	0
IRNG1 	EQU 	1
IRVST 	EQU 	5
ITRIM0 	EQU 	2
ITRIM1 	EQU 	3
ITRIM2 	EQU 	4
ITRIM3 	EQU 	5
ITRIM4 	EQU 	6
ITRIM5 	EQU 	7
IVRST 	EQU 	5
KBI0 	EQU 	4
KBI1 	EQU 	5
KBI2 	EQU 	6
KBI3 	EQU 	7
LATA 	EQU 	3977
LATA0 	EQU 	0
LATA1 	EQU 	1
LATA2 	EQU 	2
LATA3 	EQU 	3
LATA4 	EQU 	4
LATA5 	EQU 	5
LATA6 	EQU 	6
LATA7 	EQU 	7
LATB 	EQU 	3978
LATB0 	EQU 	0
LATB1 	EQU 	1
LATB2 	EQU 	2
LATB3 	EQU 	3
LATB4 	EQU 	4
LATB5 	EQU 	5
LATB6 	EQU 	6
LATB7 	EQU 	7
LATC 	EQU 	3979
LATC0 	EQU 	0
LATC1 	EQU 	1
LATC2 	EQU 	2
LATC3 	EQU 	3
LATC4 	EQU 	4
LATC5 	EQU 	5
LATC6 	EQU 	6
LATC7 	EQU 	7
LFIOFS 	EQU 	0
LVDCON 	EQU 	3996
LVDCON_BGST 	EQU 	5
LVDCON_BGVST 	EQU 	6
LVDCON_HLVDEN 	EQU 	4
LVDCON_HLVDL0 	EQU 	0
LVDCON_HLVDL1 	EQU 	1
LVDCON_HLVDL2 	EQU 	2
LVDCON_HLVDL3 	EQU 	3
LVDCON_IRVST 	EQU 	5
LVDCON_IVRST 	EQU 	5
LVDCON_LVDEN 	EQU 	4
LVDCON_LVDL0 	EQU 	0
LVDCON_LVDL1 	EQU 	1
LVDCON_LVDL2 	EQU 	2
LVDCON_LVDL3 	EQU 	3
LVDCON_LVV0 	EQU 	0
LVDCON_LVV1 	EQU 	1
LVDCON_LVV2 	EQU 	2
LVDCON_LVV3 	EQU 	3
LVDCON_VDIRMAG 	EQU 	7
LVDEN 	EQU 	4
LVDIE 	EQU 	2
LVDIF 	EQU 	2
LVDIN 	EQU 	5
LVDIP 	EQU 	2
LVDL0 	EQU 	0
LVDL1 	EQU 	1
LVDL2 	EQU 	2
LVDL3 	EQU 	3
LVV0 	EQU 	0
LVV1 	EQU 	1
LVV2 	EQU 	2
LVV3 	EQU 	3
MC1OUT 	EQU 	7
MC2OUT 	EQU 	6
MCLR 	EQU 	3
MFIOFS 	EQU 	1
MFIOSEL 	EQU 	4
MSK0 	EQU 	0
MSK1 	EQU 	1
MSK2 	EQU 	2
MSK3 	EQU 	3
MSK4 	EQU 	4
MSK5 	EQU 	5
MSK6 	EQU 	6
MSK7 	EQU 	7
MSSP1MD 	EQU 	6
MSSP2MD 	EQU 	7
N 	EQU 	4
NOT_A 	EQU 	5
NOT_ADDRESS 	EQU 	5
NOT_BOR 	EQU 	0
NOT_DONE 	EQU 	1
NOT_MCLR 	EQU 	3
NOT_PD 	EQU 	2
NOT_POR 	EQU 	1
NOT_RBPU 	EQU 	7
NOT_RI 	EQU 	4
NOT_SS 	EQU 	5
NOT_SS1 	EQU 	5
NOT_SS2 	EQU 	0
NOT_T1SYNC 	EQU 	2
NOT_T3SYNC 	EQU 	2
NOT_T5SYNC 	EQU 	2
NOT_TO 	EQU 	3
NOT_W 	EQU 	2
NOT_WRITE 	EQU 	2
NVCFG0 	EQU 	0
NVCFG1 	EQU 	1
OERR 	EQU 	1
OERR1 	EQU 	1
OERR2 	EQU 	1
OSCCON 	EQU 	4051
OSCCON2 	EQU 	4050
OSCFIE 	EQU 	7
OSCFIF 	EQU 	7
OSCFIP 	EQU 	7
OSCTUNE 	EQU 	3995
OSTS 	EQU 	3
OV 	EQU 	3
P 	EQU 	4
P1A 	EQU 	2
P1B 	EQU 	2
P1C 	EQU 	1
P1D 	EQU 	4
P1DC0 	EQU 	0
P1DC1 	EQU 	1
P1DC2 	EQU 	2
P1DC3 	EQU 	3
P1DC4 	EQU 	4
P1DC5 	EQU 	5
P1DC6 	EQU 	6
P1M0 	EQU 	6
P1M1 	EQU 	7
P1RSEN 	EQU 	7
P1SSAC0 	EQU 	2
P1SSAC1 	EQU 	3
P1SSBD0 	EQU 	0
P1SSBD1 	EQU 	1
P2A_PORTB 	EQU 	3
P2A_PORTC 	EQU 	1
P2B_PORTB 	EQU 	5
P2B_PORTC 	EQU 	0
P2DC0 	EQU 	0
P2DC1 	EQU 	1
P2DC2 	EQU 	2
P2DC3 	EQU 	3
P2DC4 	EQU 	4
P2DC5 	EQU 	5
P2DC6 	EQU 	6
P2M0 	EQU 	6
P2M1 	EQU 	7
P2RSEN 	EQU 	7
P2SSAC0 	EQU 	2
P2SSAC1 	EQU 	3
P2SSBD0 	EQU 	0
P2SSBD1 	EQU 	1
P3A_PORTB 	EQU 	5
P3A_PORTC 	EQU 	6
P3B 	EQU 	7
P3DC0 	EQU 	0
P3DC1 	EQU 	1
P3DC2 	EQU 	2
P3DC3 	EQU 	3
P3DC4 	EQU 	4
P3DC5 	EQU 	5
P3DC6 	EQU 	6
P3M0 	EQU 	6
P3M1 	EQU 	7
P3RSEN 	EQU 	7
P3SSAC0 	EQU 	2
P3SSAC1 	EQU 	3
P3SSBD0 	EQU 	0
P3SSBD1 	EQU 	1
PC 	EQU 	4089
PCIE 	EQU 	6
PCL 	EQU 	4089
PCLATH 	EQU 	4090
PCLATU 	EQU 	4091
PD 	EQU 	2
PDC0 	EQU 	0
PDC1 	EQU 	1
PDC2 	EQU 	2
PDC3 	EQU 	3
PDC4 	EQU 	4
PDC5 	EQU 	5
PDC6 	EQU 	6
PEIE 	EQU 	6
PEIE_GIEL 	EQU 	6
PEN 	EQU 	2
PGC 	EQU 	6
PGD 	EQU 	7
PIE1 	EQU 	3997
PIE2 	EQU 	4000
PIE3 	EQU 	4003
PIE4 	EQU 	3962
PIE5 	EQU 	3965
PIR1 	EQU 	3998
PIR2 	EQU 	4001
PIR3 	EQU 	4004
PIR4 	EQU 	3963
PIR5 	EQU 	3966
PLLEN 	EQU 	6
PLLRDY 	EQU 	7
PLUSW0 	EQU 	4075
PLUSW1 	EQU 	4067
PLUSW2 	EQU 	4059
PMD0 	EQU 	3903
PMD1 	EQU 	3902
PMD2 	EQU 	3901
POR 	EQU 	1
PORTA 	EQU 	3968
PORTB 	EQU 	3969
PORTC 	EQU 	3970
PORTE 	EQU 	3972
POSTDEC0 	EQU 	4077
POSTDEC1 	EQU 	4069
POSTDEC2 	EQU 	4061
POSTINC0 	EQU 	4078
POSTINC1 	EQU 	4070
POSTINC2 	EQU 	4062
PR2 	EQU 	4027
PR4 	EQU 	3922
PR6 	EQU 	3915
PREINC0 	EQU 	4076
PREINC1 	EQU 	4068
PREINC2 	EQU 	4060
PRISD 	EQU 	2
PROD 	EQU 	4083
PRODH 	EQU 	4084
PRODL 	EQU 	4083
PRSEN 	EQU 	7
PSA 	EQU 	3
PSS1AC0 	EQU 	2
PSS1AC1 	EQU 	3
PSS1BD0 	EQU 	0
PSS1BD1 	EQU 	1
PSS2AC0 	EQU 	2
PSS2AC1 	EQU 	3
PSS2BD0 	EQU 	0
PSS2BD1 	EQU 	1
PSS3AC0 	EQU 	2
PSS3AC1 	EQU 	3
PSS3BD0 	EQU 	0
PSS3BD1 	EQU 	1
PSSAC0 	EQU 	2
PSSAC1 	EQU 	3
PSSBD0 	EQU 	0
PSSBD1 	EQU 	1
PSTR1CON 	EQU 	4025
PSTR2CON 	EQU 	3939
PSTR3CON 	EQU 	3930
PSTRCON 	EQU 	4025
PSTRCON_STR1A 	EQU 	0
PSTRCON_STR1B 	EQU 	1
PSTRCON_STR1C 	EQU 	2
PSTRCON_STR1D 	EQU 	3
PSTRCON_STR1SYNC 	EQU 	4
PVCFG0 	EQU 	2
PVCFG1 	EQU 	3
PWM1CON 	EQU 	4023
PWM2CON 	EQU 	3941
PWM3CON 	EQU 	3932
PWMCON 	EQU 	4023
PWMCON_P1DC0 	EQU 	0
PWMCON_P1DC1 	EQU 	1
PWMCON_P1DC2 	EQU 	2
PWMCON_P1DC3 	EQU 	3
PWMCON_P1DC4 	EQU 	4
PWMCON_P1DC5 	EQU 	5
PWMCON_P1DC6 	EQU 	6
PWMCON_P1RSEN 	EQU 	7
PWMCON_PDC0 	EQU 	0
PWMCON_PDC1 	EQU 	1
PWMCON_PDC2 	EQU 	2
PWMCON_PDC3 	EQU 	3
PWMCON_PDC4 	EQU 	4
PWMCON_PDC5 	EQU 	5
PWMCON_PDC6 	EQU 	6
PWMCON_PRSEN 	EQU 	7
R 	EQU 	2
RA0 	EQU 	0
RA1 	EQU 	1
RA2 	EQU 	2
RA3 	EQU 	3
RA4 	EQU 	4
RA5 	EQU 	5
RA6 	EQU 	6
RA7 	EQU 	7
RB0 	EQU 	0
RB1 	EQU 	1
RB2 	EQU 	2
RB3 	EQU 	3
RB4 	EQU 	4
RB5 	EQU 	5
RB6 	EQU 	6
RB7 	EQU 	7
RBIE 	EQU 	3
RBIF 	EQU 	0
RBIP 	EQU 	0
RBPU 	EQU 	7
RC0 	EQU 	0
RC1 	EQU 	1
RC1IE 	EQU 	5
RC1IF 	EQU 	5
RC1IP 	EQU 	5
RC1REG 	EQU 	4014
RC1STA 	EQU 	4011
RC2 	EQU 	2
RC2IE 	EQU 	5
RC2IF 	EQU 	5
RC2IP 	EQU 	5
RC2REG 	EQU 	3956
RC2STA 	EQU 	3953
RC2STA_ADDEN 	EQU 	3
RC2STA_ADEN 	EQU 	3
RC2STA_CREN 	EQU 	4
RC2STA_FERR 	EQU 	2
RC2STA_OERR 	EQU 	1
RC2STA_RX9 	EQU 	6
RC2STA_RX9D 	EQU 	0
RC2STA_SPEN 	EQU 	7
RC2STA_SREN 	EQU 	5
RC3 	EQU 	3
RC4 	EQU 	4
RC5 	EQU 	5
RC6 	EQU 	6
RC7 	EQU 	7
RCEN 	EQU 	3
RCIDL 	EQU 	6
RCIE 	EQU 	5
RCIF 	EQU 	5
RCIP 	EQU 	5
RCON 	EQU 	4048
RCREG 	EQU 	4014
RCREG1 	EQU 	4014
RCREG2 	EQU 	3956
RCSTA 	EQU 	4011
RCSTA1 	EQU 	4011
RCSTA1_ADDEN 	EQU 	3
RCSTA1_ADDEN1 	EQU 	3
RCSTA1_ADEN 	EQU 	3
RCSTA1_CREN 	EQU 	4
RCSTA1_CREN1 	EQU 	4
RCSTA1_FERR 	EQU 	2
RCSTA1_FERR1 	EQU 	2
RCSTA1_OERR 	EQU 	1
RCSTA1_OERR1 	EQU 	1
RCSTA1_RX9 	EQU 	6
RCSTA1_RX91 	EQU 	6
RCSTA1_RX9D 	EQU 	0
RCSTA1_RX9D1 	EQU 	0
RCSTA1_SPEN 	EQU 	7
RCSTA1_SPEN1 	EQU 	7
RCSTA1_SREN 	EQU 	5
RCSTA1_SREN1 	EQU 	5
RCSTA2 	EQU 	3953
RCSTA2_ADDEN 	EQU 	3
RCSTA2_ADDEN2 	EQU 	3
RCSTA2_ADEN 	EQU 	3
RCSTA2_CREN 	EQU 	4
RCSTA2_CREN2 	EQU 	4
RCSTA2_FERR 	EQU 	2
RCSTA2_FERR2 	EQU 	2
RCSTA2_OERR 	EQU 	1
RCSTA2_OERR2 	EQU 	1
RCSTA2_RX9 	EQU 	6
RCSTA2_RX92 	EQU 	6
RCSTA2_RX9D 	EQU 	0
RCSTA2_RX9D2 	EQU 	0
RCSTA2_SPEN 	EQU 	7
RCSTA2_SPEN2 	EQU 	7
RCSTA2_SREN 	EQU 	5
RCSTA2_SREN2 	EQU 	5
RCSTA_ADDEN 	EQU 	3
RCSTA_ADDEN1 	EQU 	3
RCSTA_ADEN 	EQU 	3
RCSTA_CREN 	EQU 	4
RCSTA_CREN1 	EQU 	4
RCSTA_FERR 	EQU 	2
RCSTA_FERR1 	EQU 	2
RCSTA_OERR 	EQU 	1
RCSTA_OERR1 	EQU 	1
RCSTA_RX9 	EQU 	6
RCSTA_RX91 	EQU 	6
RCSTA_RX9D 	EQU 	0
RCSTA_RX9D1 	EQU 	0
RCSTA_SPEN 	EQU 	7
RCSTA_SPEN1 	EQU 	7
RCSTA_SREN 	EQU 	5
RCSTA_SREN1 	EQU 	5
RD 	EQU 	0
RD16 	EQU 	1
RE3 	EQU 	3
RI 	EQU 	4
RSEN 	EQU 	1
RX 	EQU 	7
RX1 	EQU 	7
RX2 	EQU 	7
RX9 	EQU 	6
RX91 	EQU 	6
RX92 	EQU 	6
RX9D 	EQU 	0
RX9D1 	EQU 	0
RX9D2 	EQU 	0
R_NOT_W 	EQU 	2
R_W 	EQU 	2
S 	EQU 	3
SBCDE 	EQU 	2
SBOREN 	EQU 	6
SCIE 	EQU 	5
SCK 	EQU 	3
SCK1 	EQU 	3
SCK2 	EQU 	1
SCKP 	EQU 	4
SCL 	EQU 	3
SCL1 	EQU 	3
SCL2 	EQU 	1
SCS0 	EQU 	0
SCS1 	EQU 	1
SDA 	EQU 	4
SDA1 	EQU 	4
SDA2 	EQU 	2
SDAHT 	EQU 	3
SDI 	EQU 	4
SDI1 	EQU 	4
SDI2 	EQU 	2
SDO 	EQU 	5
SDO1 	EQU 	5
SDO2 	EQU 	3
SEN 	EQU 	0
SENDB 	EQU 	3
SENDB1 	EQU 	3
SENDB2 	EQU 	3
SLRA 	EQU 	0
SLRB 	EQU 	1
SLRC 	EQU 	2
SLRCON 	EQU 	3936
SMP 	EQU 	7
SOSCGO 	EQU 	3
SOSCRUN 	EQU 	6
SP0 	EQU 	0
SP1 	EQU 	1
SP1BRG 	EQU 	4015
SP1BRGH 	EQU 	4016
SP2 	EQU 	2
SP2BRG 	EQU 	3957
SP2BRGH 	EQU 	3958
SP3 	EQU 	3
SP4 	EQU 	4
SPBRG 	EQU 	4015
SPBRG1 	EQU 	4015
SPBRG2 	EQU 	3957
SPBRGH 	EQU 	4016
SPBRGH1 	EQU 	4016
SPBRGH2 	EQU 	3958
SPEN 	EQU 	7
SPEN1 	EQU 	7
SPEN2 	EQU 	7
SRCLK0 	EQU 	4
SRCLK1 	EQU 	5
SRCLK2 	EQU 	6
SRCON0 	EQU 	3911
SRCON1 	EQU 	3910
SREN 	EQU 	5
SREN1 	EQU 	5
SREN2 	EQU 	5
SRI 	EQU 	0
SRLEN 	EQU 	7
SRNQ 	EQU 	5
SRNQEN 	EQU 	2
SRPR 	EQU 	0
SRPS 	EQU 	1
SRQ 	EQU 	4
SRQEN 	EQU 	3
SRRC1E 	EQU 	0
SRRC2E 	EQU 	1
SRRCKE 	EQU 	2
SRRPE 	EQU 	3
SRSC1E 	EQU 	4
SRSC2E 	EQU 	5
SRSCKE 	EQU 	6
SRSPE 	EQU 	7
SS 	EQU 	5
SS1 	EQU 	5
SS2 	EQU 	0
SSP1ADD 	EQU 	4040
SSP1BUF 	EQU 	4041
SSP1CON1 	EQU 	4038
SSP1CON2 	EQU 	4037
SSP1CON3 	EQU 	4043
SSP1IE 	EQU 	3
SSP1IF 	EQU 	3
SSP1IP 	EQU 	3
SSP1MSK 	EQU 	4042
SSP1STAT 	EQU 	4039
SSP2ADD 	EQU 	3950
SSP2BUF 	EQU 	3951
SSP2CON1 	EQU 	3948
SSP2CON1_CKP 	EQU 	4
SSP2CON1_SSPEN 	EQU 	5
SSP2CON1_SSPM0 	EQU 	0
SSP2CON1_SSPM1 	EQU 	1
SSP2CON1_SSPM2 	EQU 	2
SSP2CON1_SSPM3 	EQU 	3
SSP2CON1_SSPOV 	EQU 	6
SSP2CON1_WCOL 	EQU 	7
SSP2CON2 	EQU 	3947
SSP2CON2_ACKDT 	EQU 	5
SSP2CON2_ACKEN 	EQU 	4
SSP2CON2_ACKSTAT 	EQU 	6
SSP2CON2_GCEN 	EQU 	7
SSP2CON2_PEN 	EQU 	2
SSP2CON2_RCEN 	EQU 	3
SSP2CON2_RSEN 	EQU 	1
SSP2CON2_SEN 	EQU 	0
SSP2CON3 	EQU 	3945
SSP2CON3_ACKTIM 	EQU 	7
SSP2CON3_AHEN 	EQU 	1
SSP2CON3_BOEN 	EQU 	4
SSP2CON3_DHEN 	EQU 	0
SSP2CON3_PCIE 	EQU 	6
SSP2CON3_SBCDE 	EQU 	2
SSP2CON3_SCIE 	EQU 	5
SSP2CON3_SDAHT 	EQU 	3
SSP2IE 	EQU 	7
SSP2IF 	EQU 	7
SSP2IP 	EQU 	7
SSP2MSK 	EQU 	3946
SSP2MSK_MSK0 	EQU 	0
SSP2MSK_MSK1 	EQU 	1
SSP2MSK_MSK2 	EQU 	2
SSP2MSK_MSK3 	EQU 	3
SSP2MSK_MSK4 	EQU 	4
SSP2MSK_MSK5 	EQU 	5
SSP2MSK_MSK6 	EQU 	6
SSP2MSK_MSK7 	EQU 	7
SSP2STAT 	EQU 	3949
SSP2STAT_BF 	EQU 	0
SSP2STAT_CKE 	EQU 	6
SSP2STAT_D 	EQU 	5
SSP2STAT_D_A 	EQU 	5
SSP2STAT_D_NOT_A 	EQU 	5
SSP2STAT_NOT_A 	EQU 	5
SSP2STAT_NOT_ADDRESS 	EQU 	5
SSP2STAT_NOT_W 	EQU 	2
SSP2STAT_NOT_WRITE 	EQU 	2
SSP2STAT_P 	EQU 	4
SSP2STAT_R 	EQU 	2
SSP2STAT_R_NOT_W 	EQU 	2
SSP2STAT_R_W 	EQU 	2
SSP2STAT_S 	EQU 	3
SSP2STAT_SMP 	EQU 	7
SSP2STAT_UA 	EQU 	1
SSPADD 	EQU 	4040
SSPBUF 	EQU 	4041
SSPCON1 	EQU 	4038
SSPCON1_CKP 	EQU 	4
SSPCON1_SSPEN 	EQU 	5
SSPCON1_SSPM0 	EQU 	0
SSPCON1_SSPM1 	EQU 	1
SSPCON1_SSPM2 	EQU 	2
SSPCON1_SSPM3 	EQU 	3
SSPCON1_SSPOV 	EQU 	6
SSPCON1_WCOL 	EQU 	7
SSPCON2 	EQU 	4037
SSPCON2_ACKDT 	EQU 	5
SSPCON2_ACKEN 	EQU 	4
SSPCON2_ACKSTAT 	EQU 	6
SSPCON2_GCEN 	EQU 	7
SSPCON2_PEN 	EQU 	2
SSPCON2_RCEN 	EQU 	3
SSPCON2_RSEN 	EQU 	1
SSPCON2_SEN 	EQU 	0
SSPCON3 	EQU 	4043
SSPCON3_ACKTIM 	EQU 	7
SSPCON3_AHEN 	EQU 	1
SSPCON3_BOEN 	EQU 	4
SSPCON3_DHEN 	EQU 	0
SSPCON3_PCIE 	EQU 	6
SSPCON3_SBCDE 	EQU 	2
SSPCON3_SCIE 	EQU 	5
SSPCON3_SDAHT 	EQU 	3
SSPEN 	EQU 	5
SSPIE 	EQU 	3
SSPIF 	EQU 	3
SSPIP 	EQU 	3
SSPM0 	EQU 	0
SSPM1 	EQU 	1
SSPM2 	EQU 	2
SSPM3 	EQU 	3
SSPMSK 	EQU 	4042
SSPMSK_MSK0 	EQU 	0
SSPMSK_MSK1 	EQU 	1
SSPMSK_MSK2 	EQU 	2
SSPMSK_MSK3 	EQU 	3
SSPMSK_MSK4 	EQU 	4
SSPMSK_MSK5 	EQU 	5
SSPMSK_MSK6 	EQU 	6
SSPMSK_MSK7 	EQU 	7
SSPOV 	EQU 	6
SSPSTAT 	EQU 	4039
SSPSTAT_BF 	EQU 	0
SSPSTAT_CKE 	EQU 	6
SSPSTAT_D 	EQU 	5
SSPSTAT_D_A 	EQU 	5
SSPSTAT_D_NOT_A 	EQU 	5
SSPSTAT_NOT_A 	EQU 	5
SSPSTAT_NOT_ADDRESS 	EQU 	5
SSPSTAT_NOT_W 	EQU 	2
SSPSTAT_NOT_WRITE 	EQU 	2
SSPSTAT_P 	EQU 	4
SSPSTAT_R 	EQU 	2
SSPSTAT_R_NOT_W 	EQU 	2
SSPSTAT_R_W 	EQU 	2
SSPSTAT_S 	EQU 	3
SSPSTAT_SMP 	EQU 	7
SSPSTAT_UA 	EQU 	1
STATUS 	EQU 	4056
STKFUL 	EQU 	7
STKOVF 	EQU 	7
STKPTR 	EQU 	4092
STKPTR0 	EQU 	0
STKPTR1 	EQU 	1
STKPTR2 	EQU 	2
STKPTR3 	EQU 	3
STKPTR4 	EQU 	4
STKUNF 	EQU 	6
STR1A 	EQU 	0
STR1B 	EQU 	1
STR1C 	EQU 	2
STR1D 	EQU 	3
STR1SYNC 	EQU 	4
STR2A 	EQU 	0
STR2B 	EQU 	1
STR2C 	EQU 	2
STR2D 	EQU 	3
STR2SYNC 	EQU 	4
STR3A 	EQU 	0
STR3B 	EQU 	1
STR3C 	EQU 	2
STR3D 	EQU 	3
STR3SYNC 	EQU 	4
SWDTE 	EQU 	0
SWDTEN 	EQU 	0
SYNC 	EQU 	4
SYNC1 	EQU 	4
SYNC2 	EQU 	4
SYSDOLOOP_E1 	EQU 	38
SYSDOLOOP_S1 	EQU 	20
SYSWAITTEMPMS 	EQU 	2
SYSWAITTEMPMS_H 	EQU 	3
T08BIT 	EQU 	6
T0CKI 	EQU 	4
T0CON 	EQU 	4053
T0CS 	EQU 	5
T0IE 	EQU 	5
T0IF 	EQU 	2
T0PS0 	EQU 	0
T0PS1 	EQU 	1
T0PS2 	EQU 	2
T0SE 	EQU 	4
T1CKI 	EQU 	0
T1CKPS0 	EQU 	4
T1CKPS1 	EQU 	5
T1CON 	EQU 	4045
T1G 	EQU 	5
T1GCON 	EQU 	4044
T1GGO 	EQU 	3
T1GGO_NOT_DONE 	EQU 	3
T1GPOL 	EQU 	6
T1GSPM 	EQU 	4
T1GSS0 	EQU 	0
T1GSS1 	EQU 	1
T1GTM 	EQU 	5
T1GVAL 	EQU 	2
T1G_DONE 	EQU 	3
T1OSCEN 	EQU 	3
T1OSI 	EQU 	1
T1OSO 	EQU 	0
T1RD16 	EQU 	1
T1SOSCEN 	EQU 	3
T1SYNC 	EQU 	2
T2CKPS0 	EQU 	0
T2CKPS1 	EQU 	1
T2CON 	EQU 	4026
T2OUTPS0 	EQU 	3
T2OUTPS1 	EQU 	4
T2OUTPS2 	EQU 	5
T2OUTPS3 	EQU 	6
T3CKI_PORTB 	EQU 	5
T3CKI_PORTC 	EQU 	0
T3CKPS0 	EQU 	4
T3CKPS1 	EQU 	5
T3CON 	EQU 	4017
T3G 	EQU 	0
T3GCON 	EQU 	4020
T3GGO 	EQU 	3
T3GGO_NOT_DONE 	EQU 	3
T3GPOL 	EQU 	6
T3GSPM 	EQU 	4
T3GSS0 	EQU 	0
T3GSS1 	EQU 	1
T3GTM 	EQU 	5
T3GVAL 	EQU 	2
T3G_DONE 	EQU 	3
T3OSCEN 	EQU 	3
T3RD16 	EQU 	1
T3SOSCEN 	EQU 	3
T4CKPS0 	EQU 	0
T4CKPS1 	EQU 	1
T4CON 	EQU 	3921
T4OUTPS0 	EQU 	3
T4OUTPS1 	EQU 	4
T4OUTPS2 	EQU 	5
T4OUTPS3 	EQU 	6
T5CKI 	EQU 	2
T5CKPS0 	EQU 	4
T5CKPS1 	EQU 	5
T5CON 	EQU 	3918
T5G 	EQU 	4
T5GCON 	EQU 	3917
T5GGO 	EQU 	3
T5GGO_NOT_DONE 	EQU 	3
T5GPOL 	EQU 	6
T5GSPM 	EQU 	4
T5GSS0 	EQU 	0
T5GSS1 	EQU 	1
T5GTM 	EQU 	5
T5GVAL 	EQU 	2
T5G_DONE 	EQU 	3
T5RD16 	EQU 	1
T5SOSCEN 	EQU 	3
T5SYNC 	EQU 	2
T6CKPS0 	EQU 	0
T6CKPS1 	EQU 	1
T6CON 	EQU 	3914
T6OUTPS0 	EQU 	3
T6OUTPS1 	EQU 	4
T6OUTPS2 	EQU 	5
T6OUTPS3 	EQU 	6
TABLAT 	EQU 	4085
TBLPTR 	EQU 	4086
TBLPTRH 	EQU 	4087
TBLPTRL 	EQU 	4086
TBLPTRU 	EQU 	4088
TGEN 	EQU 	4
TMR0 	EQU 	4054
TMR0H 	EQU 	4055
TMR0IE 	EQU 	5
TMR0IF 	EQU 	2
TMR0IP 	EQU 	2
TMR0L 	EQU 	4054
TMR0ON 	EQU 	7
TMR1 	EQU 	4046
TMR1CS0 	EQU 	6
TMR1CS1 	EQU 	7
TMR1GE 	EQU 	7
TMR1GIE 	EQU 	0
TMR1GIF 	EQU 	0
TMR1GIP 	EQU 	0
TMR1H 	EQU 	4047
TMR1IE 	EQU 	0
TMR1IF 	EQU 	0
TMR1IP 	EQU 	0
TMR1L 	EQU 	4046
TMR1MD 	EQU 	0
TMR1ON 	EQU 	0
TMR2 	EQU 	4028
TMR2IE 	EQU 	1
TMR2IF 	EQU 	1
TMR2IP 	EQU 	1
TMR2MD 	EQU 	1
TMR2ON 	EQU 	2
TMR3 	EQU 	4018
TMR3CS0 	EQU 	6
TMR3CS1 	EQU 	7
TMR3GE 	EQU 	7
TMR3GIE 	EQU 	1
TMR3GIF 	EQU 	1
TMR3GIP 	EQU 	1
TMR3H 	EQU 	4019
TMR3IE 	EQU 	1
TMR3IF 	EQU 	1
TMR3IP 	EQU 	1
TMR3L 	EQU 	4018
TMR3MD 	EQU 	2
TMR3ON 	EQU 	0
TMR4 	EQU 	3923
TMR4IE 	EQU 	0
TMR4IF 	EQU 	0
TMR4IP 	EQU 	0
TMR4MD 	EQU 	3
TMR4ON 	EQU 	2
TMR5 	EQU 	3919
TMR5CS0 	EQU 	6
TMR5CS1 	EQU 	7
TMR5GE 	EQU 	7
TMR5GIE 	EQU 	2
TMR5GIF 	EQU 	2
TMR5GIP 	EQU 	2
TMR5H 	EQU 	3920
TMR5IE 	EQU 	1
TMR5IF 	EQU 	1
TMR5IP 	EQU 	1
TMR5L 	EQU 	3919
TMR5MD 	EQU 	4
TMR5ON 	EQU 	0
TMR6 	EQU 	3916
TMR6IE 	EQU 	2
TMR6IF 	EQU 	2
TMR6IP 	EQU 	2
TMR6MD 	EQU 	5
TMR6ON 	EQU 	2
TO 	EQU 	3
TOS 	EQU 	4093
TOSH 	EQU 	4094
TOSL 	EQU 	4093
TOSU 	EQU 	4095
TRIGSEL 	EQU 	7
TRISA 	EQU 	3986
TRISA0 	EQU 	0
TRISA1 	EQU 	1
TRISA2 	EQU 	2
TRISA3 	EQU 	3
TRISA4 	EQU 	4
TRISA5 	EQU 	5
TRISA6 	EQU 	6
TRISA7 	EQU 	7
TRISA_RA0 	EQU 	0
TRISA_RA1 	EQU 	1
TRISA_RA2 	EQU 	2
TRISA_RA3 	EQU 	3
TRISA_RA4 	EQU 	4
TRISA_RA5 	EQU 	5
TRISA_RA6 	EQU 	6
TRISA_RA7 	EQU 	7
TRISA_TRISA0 	EQU 	0
TRISA_TRISA1 	EQU 	1
TRISA_TRISA2 	EQU 	2
TRISA_TRISA3 	EQU 	3
TRISA_TRISA4 	EQU 	4
TRISA_TRISA5 	EQU 	5
TRISA_TRISA6 	EQU 	6
TRISA_TRISA7 	EQU 	7
TRISB 	EQU 	3987
TRISB0 	EQU 	0
TRISB1 	EQU 	1
TRISB2 	EQU 	2
TRISB3 	EQU 	3
TRISB4 	EQU 	4
TRISB5 	EQU 	5
TRISB6 	EQU 	6
TRISB7 	EQU 	7
TRISB_RB0 	EQU 	0
TRISB_RB1 	EQU 	1
TRISB_RB2 	EQU 	2
TRISB_RB3 	EQU 	3
TRISB_RB4 	EQU 	4
TRISB_RB5 	EQU 	5
TRISB_RB6 	EQU 	6
TRISB_RB7 	EQU 	7
TRISB_TRISB0 	EQU 	0
TRISB_TRISB1 	EQU 	1
TRISB_TRISB2 	EQU 	2
TRISB_TRISB3 	EQU 	3
TRISB_TRISB4 	EQU 	4
TRISB_TRISB5 	EQU 	5
TRISB_TRISB6 	EQU 	6
TRISB_TRISB7 	EQU 	7
TRISC 	EQU 	3988
TRISC0 	EQU 	0
TRISC1 	EQU 	1
TRISC2 	EQU 	2
TRISC3 	EQU 	3
TRISC4 	EQU 	4
TRISC5 	EQU 	5
TRISC6 	EQU 	6
TRISC7 	EQU 	7
TRISC_RC0 	EQU 	0
TRISC_RC1 	EQU 	1
TRISC_RC2 	EQU 	2
TRISC_RC3 	EQU 	3
TRISC_RC4 	EQU 	4
TRISC_RC5 	EQU 	5
TRISC_RC6 	EQU 	6
TRISC_RC7 	EQU 	7
TRISC_TRISC0 	EQU 	0
TRISC_TRISC1 	EQU 	1
TRISC_TRISC2 	EQU 	2
TRISC_TRISC3 	EQU 	3
TRISC_TRISC4 	EQU 	4
TRISC_TRISC5 	EQU 	5
TRISC_TRISC6 	EQU 	6
TRISC_TRISC7 	EQU 	7
TRISE 	EQU 	3990
TRMT 	EQU 	1
TRMT1 	EQU 	1
TRMT2 	EQU 	1
TUN0 	EQU 	0
TUN1 	EQU 	1
TUN2 	EQU 	2
TUN3 	EQU 	3
TUN4 	EQU 	4
TUN5 	EQU 	5
TX 	EQU 	6
TX1 	EQU 	6
TX1IE 	EQU 	4
TX1IF 	EQU 	4
TX1IP 	EQU 	4
TX1REG 	EQU 	4013
TX1STA 	EQU 	4012
TX2 	EQU 	6
TX2IE 	EQU 	4
TX2IF 	EQU 	4
TX2IP 	EQU 	4
TX2REG 	EQU 	3955
TX2STA 	EQU 	3954
TX2STA_BRGH 	EQU 	2
TX2STA_CSRC 	EQU 	7
TX2STA_SENDB 	EQU 	3
TX2STA_SYNC 	EQU 	4
TX2STA_TRMT 	EQU 	1
TX2STA_TX9 	EQU 	6
TX2STA_TX9D 	EQU 	0
TX2STA_TXEN 	EQU 	5
TX9 	EQU 	6
TX91 	EQU 	6
TX92 	EQU 	6
TX9D 	EQU 	0
TX9D1 	EQU 	0
TX9D2 	EQU 	0
TXEN 	EQU 	5
TXEN1 	EQU 	5
TXEN2 	EQU 	5
TXIE 	EQU 	4
TXIF 	EQU 	4
TXIP 	EQU 	4
TXREG 	EQU 	4013
TXREG1 	EQU 	4013
TXREG2 	EQU 	3955
TXSTA 	EQU 	4012
TXSTA1 	EQU 	4012
TXSTA1_BRGH 	EQU 	2
TXSTA1_BRGH1 	EQU 	2
TXSTA1_CSRC 	EQU 	7
TXSTA1_CSRC1 	EQU 	7
TXSTA1_SENDB 	EQU 	3
TXSTA1_SENDB1 	EQU 	3
TXSTA1_SYNC 	EQU 	4
TXSTA1_SYNC1 	EQU 	4
TXSTA1_TRMT 	EQU 	1
TXSTA1_TRMT1 	EQU 	1
TXSTA1_TX9 	EQU 	6
TXSTA1_TX91 	EQU 	6
TXSTA1_TX9D 	EQU 	0
TXSTA1_TX9D1 	EQU 	0
TXSTA1_TXEN 	EQU 	5
TXSTA1_TXEN1 	EQU 	5
TXSTA2 	EQU 	3954
TXSTA2_BRGH 	EQU 	2
TXSTA2_BRGH2 	EQU 	2
TXSTA2_CSRC 	EQU 	7
TXSTA2_CSRC2 	EQU 	7
TXSTA2_SENDB 	EQU 	3
TXSTA2_SENDB2 	EQU 	3
TXSTA2_SYNC 	EQU 	4
TXSTA2_SYNC2 	EQU 	4
TXSTA2_TRMT 	EQU 	1
TXSTA2_TRMT2 	EQU 	1
TXSTA2_TX9 	EQU 	6
TXSTA2_TX92 	EQU 	6
TXSTA2_TX9D 	EQU 	0
TXSTA2_TX9D2 	EQU 	0
TXSTA2_TXEN 	EQU 	5
TXSTA2_TXEN2 	EQU 	5
TXSTA_BRGH 	EQU 	2
TXSTA_BRGH1 	EQU 	2
TXSTA_CSRC 	EQU 	7
TXSTA_CSRC1 	EQU 	7
TXSTA_SENDB 	EQU 	3
TXSTA_SENDB1 	EQU 	3
TXSTA_SYNC 	EQU 	4
TXSTA_SYNC1 	EQU 	4
TXSTA_TRMT 	EQU 	1
TXSTA_TRMT1 	EQU 	1
TXSTA_TX9 	EQU 	6
TXSTA_TX91 	EQU 	6
TXSTA_TX9D 	EQU 	0
TXSTA_TX9D1 	EQU 	0
TXSTA_TXEN 	EQU 	5
TXSTA_TXEN1 	EQU 	5
UA 	EQU 	1
UART1MD 	EQU 	6
UART2MD 	EQU 	7
VDIRMAG 	EQU 	7
VPP 	EQU 	3
VREFCON0 	EQU 	3906
VREFCON0_FVREN 	EQU 	7
VREFCON0_FVRS0 	EQU 	4
VREFCON0_FVRS1 	EQU 	5
VREFCON0_FVRST 	EQU 	6
VREFCON1 	EQU 	3905
VREFCON2 	EQU 	3904
VREFCON2_DACR0 	EQU 	0
VREFCON2_DACR1 	EQU 	1
VREFCON2_DACR2 	EQU 	2
VREFCON2_DACR3 	EQU 	3
VREFCON2_DACR4 	EQU 	4
VREFM 	EQU 	2
VREFN 	EQU 	2
VREFP 	EQU 	3
W 	EQU 	0
WCOL 	EQU 	7
WDTCON 	EQU 	4049
WPUB 	EQU 	3937
WPUB0 	EQU 	0
WPUB1 	EQU 	1
WPUB2 	EQU 	2
WPUB3 	EQU 	3
WPUB4 	EQU 	4
WPUB5 	EQU 	5
WPUB6 	EQU 	6
WPUB7 	EQU 	7
WPUE3 	EQU 	7
WR 	EQU 	1
WREG 	EQU 	4072
WREN 	EQU 	2
WRERR 	EQU 	3
WUE 	EQU 	1
Z 	EQU 	2

Code:
Loc	Obj Code	Original Assembly





000000	EF06 F000	GOTO BASPROGRAMSTART

000008	0010	RETFIE



		BASPROGRAMSTART
00000C	D81C	RCALL INITSYS

00000E	6A93	CLRF TRISB,ACCESS
000010	0E80	MOVLW 128
000012	6E81	MOVWF PORTB,ACCESS
		SYSDOLOOP_S1
000014	0E64	MOVLW 100
000016	6E02	MOVWF SYSWAITTEMPMS,ACCESS
000018	6A03	CLRF SYSWAITTEMPMS_H,ACCESS
00001A	D807	RCALL DELAY_MS
00001C	90D8	BCF STATUS,C,ACCESS
00001E	3281	RRCF PORTB,F,ACCESS
000020	B0D8	BTFSC STATUS,C,ACCESS
000022	8E8A	BSF LATB,7,ACCESS
000024	D7F7	BRA SYSDOLOOP_S1
		SYSDOLOOP_E1
		BASPROGRAMEND
000026	0003	SLEEP
000028	D7FE	BRA BASPROGRAMEND


		DELAY_MS
00002A	2A03	INCF SYSWAITTEMPMS_H, F,ACCESS
		DMS_START
00002C	0E6C	MOVLW 108
00002E	6E01	MOVWF DELAYTEMP2,ACCESS
		DMS_OUTER
000030	0E0B	MOVLW 11
000032	6E00	MOVWF DELAYTEMP,ACCESS
		DMS_INNER
000034	2E00	DECFSZ DELAYTEMP, F,ACCESS
000036	D7FE	BRA DMS_INNER
000038	2E01	DECFSZ DELAYTEMP2, F,ACCESS
00003A	D7FA	BRA DMS_OUTER
00003C	2E02	DECFSZ SYSWAITTEMPMS, F,ACCESS
00003E	D7F6	BRA DMS_START
000040	2E03	DECFSZ SYSWAITTEMPMS_H, F,ACCESS
000042	D7F4	BRA DMS_START
000044	0012	RETURN


		INITSYS
000046	0000	NOP
000048	0E70	MOVLW 112
00004A	12D3	IORWF OSCCON,F,ACCESS
00004C	6AE0	CLRF BSR,ACCESS
00004E	6AF8	CLRF TBLPTRU,ACCESS
000050	9EC0	BCF ADCON2,ADFM,ACCESS
000052	90C2	BCF ADCON0,ADON,ACCESS
000000	010F	BANKSEL ANSELA
000056	6B38	CLRF ANSELA,BANKED
000058	6B39	CLRF ANSELB,BANKED
00005A	6B3A	CLRF ANSELC,BANKED
00005C	9E78	BCF CM2CON,C2ON,ACCESS
00005E	9E79	BCF CM1CON,C1ON,ACCESS
000060	6A80	CLRF PORTA,ACCESS
000062	6A81	CLRF PORTB,ACCESS
000064	6A82	CLRF PORTC,ACCESS
000066	6A84	CLRF PORTE,ACCESS
000000	0100	BANKSEL 0
00006A	0012	RETURN


